[2025-08-06T09:59:21.128-0300] {processor.py:161} INFO - Started process (PID=102059) to work on /root/airflow_env/lib/python3.10/site-packages/airflow/example_dags/example_branch_labels.py
[2025-08-06T09:59:21.132-0300] {processor.py:830} INFO - Processing file /root/airflow_env/lib/python3.10/site-packages/airflow/example_dags/example_branch_labels.py for tasks to queue
[2025-08-06T09:59:21.147-0300] {logging_mixin.py:188} INFO - [2025-08-06T09:59:21.145-0300] {dagbag.py:538} INFO - Filling up the DagBag from /root/airflow_env/lib/python3.10/site-packages/airflow/example_dags/example_branch_labels.py
[2025-08-06T09:59:21.233-0300] {processor.py:840} INFO - DAG(s) 'example_branch_labels' retrieved from /root/airflow_env/lib/python3.10/site-packages/airflow/example_dags/example_branch_labels.py
[2025-08-06T09:59:21.407-0300] {logging_mixin.py:188} INFO - [2025-08-06T09:59:21.397-0300] {dag.py:3036} INFO - Sync 1 DAGs
[2025-08-06T09:59:21.587-0300] {logging_mixin.py:188} INFO - [2025-08-06T09:59:21.587-0300] {dag.py:3823} INFO - Setting next_dagrun for example_branch_labels to 2025-08-05 00:00:00+00:00, run_after=2025-08-06 00:00:00+00:00
[2025-08-06T09:59:21.775-0300] {processor.py:183} INFO - Processing /root/airflow_env/lib/python3.10/site-packages/airflow/example_dags/example_branch_labels.py took 0.692 seconds
[2025-08-06T10:01:39.077-0300] {processor.py:161} INFO - Started process (PID=102570) to work on /root/airflow_env/lib/python3.10/site-packages/airflow/example_dags/example_branch_labels.py
[2025-08-06T10:01:39.081-0300] {processor.py:830} INFO - Processing file /root/airflow_env/lib/python3.10/site-packages/airflow/example_dags/example_branch_labels.py for tasks to queue
[2025-08-06T10:01:39.083-0300] {logging_mixin.py:188} INFO - [2025-08-06T10:01:39.082-0300] {dagbag.py:538} INFO - Filling up the DagBag from /root/airflow_env/lib/python3.10/site-packages/airflow/example_dags/example_branch_labels.py
[2025-08-06T10:01:39.107-0300] {processor.py:840} INFO - DAG(s) 'example_branch_labels' retrieved from /root/airflow_env/lib/python3.10/site-packages/airflow/example_dags/example_branch_labels.py
[2025-08-06T10:01:39.164-0300] {logging_mixin.py:188} INFO - [2025-08-06T10:01:39.163-0300] {dag.py:3036} INFO - Sync 1 DAGs
[2025-08-06T10:01:39.232-0300] {logging_mixin.py:188} INFO - [2025-08-06T10:01:39.232-0300] {dag.py:3823} INFO - Setting next_dagrun for example_branch_labels to 2025-08-05 00:00:00+00:00, run_after=2025-08-06 00:00:00+00:00
[2025-08-06T10:01:39.287-0300] {processor.py:183} INFO - Processing /root/airflow_env/lib/python3.10/site-packages/airflow/example_dags/example_branch_labels.py took 0.220 seconds
[2025-08-06T10:03:58.544-0300] {processor.py:161} INFO - Started process (PID=102645) to work on /root/airflow_env/lib/python3.10/site-packages/airflow/example_dags/example_branch_labels.py
[2025-08-06T10:03:58.548-0300] {processor.py:830} INFO - Processing file /root/airflow_env/lib/python3.10/site-packages/airflow/example_dags/example_branch_labels.py for tasks to queue
[2025-08-06T10:03:58.554-0300] {logging_mixin.py:188} INFO - [2025-08-06T10:03:58.551-0300] {dagbag.py:538} INFO - Filling up the DagBag from /root/airflow_env/lib/python3.10/site-packages/airflow/example_dags/example_branch_labels.py
[2025-08-06T10:03:58.583-0300] {processor.py:840} INFO - DAG(s) 'example_branch_labels' retrieved from /root/airflow_env/lib/python3.10/site-packages/airflow/example_dags/example_branch_labels.py
[2025-08-06T10:03:58.655-0300] {logging_mixin.py:188} INFO - [2025-08-06T10:03:58.654-0300] {dag.py:3036} INFO - Sync 1 DAGs
[2025-08-06T10:03:58.715-0300] {logging_mixin.py:188} INFO - [2025-08-06T10:03:58.714-0300] {dag.py:3823} INFO - Setting next_dagrun for example_branch_labels to 2025-08-05 00:00:00+00:00, run_after=2025-08-06 00:00:00+00:00
[2025-08-06T10:03:58.790-0300] {processor.py:183} INFO - Processing /root/airflow_env/lib/python3.10/site-packages/airflow/example_dags/example_branch_labels.py took 0.255 seconds
[2025-08-06T10:06:03.660-0300] {processor.py:161} INFO - Started process (PID=102715) to work on /root/airflow_env/lib/python3.10/site-packages/airflow/example_dags/example_branch_labels.py
[2025-08-06T10:06:03.676-0300] {processor.py:830} INFO - Processing file /root/airflow_env/lib/python3.10/site-packages/airflow/example_dags/example_branch_labels.py for tasks to queue
[2025-08-06T10:06:03.679-0300] {logging_mixin.py:188} INFO - [2025-08-06T10:06:03.678-0300] {dagbag.py:538} INFO - Filling up the DagBag from /root/airflow_env/lib/python3.10/site-packages/airflow/example_dags/example_branch_labels.py
[2025-08-06T10:06:03.771-0300] {processor.py:840} INFO - DAG(s) 'example_branch_labels' retrieved from /root/airflow_env/lib/python3.10/site-packages/airflow/example_dags/example_branch_labels.py
[2025-08-06T10:06:03.923-0300] {logging_mixin.py:188} INFO - [2025-08-06T10:06:03.922-0300] {dag.py:3036} INFO - Sync 1 DAGs
[2025-08-06T10:06:04.088-0300] {logging_mixin.py:188} INFO - [2025-08-06T10:06:04.087-0300] {dag.py:3823} INFO - Setting next_dagrun for example_branch_labels to 2025-08-05 00:00:00+00:00, run_after=2025-08-06 00:00:00+00:00
[2025-08-06T10:06:04.271-0300] {processor.py:183} INFO - Processing /root/airflow_env/lib/python3.10/site-packages/airflow/example_dags/example_branch_labels.py took 0.633 seconds
