[2025-08-06T10:00:38.261-0300] {processor.py:161} INFO - Started process (PID=102427) to work on /root/airflow_env/lib/python3.10/site-packages/airflow/example_dags/example_setup_teardown_taskflow.py
[2025-08-06T10:00:38.270-0300] {processor.py:830} INFO - Processing file /root/airflow_env/lib/python3.10/site-packages/airflow/example_dags/example_setup_teardown_taskflow.py for tasks to queue
[2025-08-06T10:00:38.276-0300] {logging_mixin.py:188} INFO - [2025-08-06T10:00:38.274-0300] {dagbag.py:538} INFO - Filling up the DagBag from /root/airflow_env/lib/python3.10/site-packages/airflow/example_dags/example_setup_teardown_taskflow.py
[2025-08-06T10:00:38.401-0300] {processor.py:840} INFO - DAG(s) 'example_setup_teardown_taskflow' retrieved from /root/airflow_env/lib/python3.10/site-packages/airflow/example_dags/example_setup_teardown_taskflow.py
[2025-08-06T10:00:38.685-0300] {logging_mixin.py:188} INFO - [2025-08-06T10:00:38.683-0300] {dag.py:3036} INFO - Sync 1 DAGs
[2025-08-06T10:00:39.259-0300] {logging_mixin.py:188} INFO - [2025-08-06T10:00:39.259-0300] {dag.py:3823} INFO - Setting next_dagrun for example_setup_teardown_taskflow to 2025-08-05 00:00:00+00:00, run_after=2025-08-06 00:00:00+00:00
[2025-08-06T10:00:39.412-0300] {processor.py:183} INFO - Processing /root/airflow_env/lib/python3.10/site-packages/airflow/example_dags/example_setup_teardown_taskflow.py took 1.186 seconds
[2025-08-06T10:01:46.885-0300] {processor.py:161} INFO - Started process (PID=102580) to work on /root/airflow_env/lib/python3.10/site-packages/airflow/example_dags/example_setup_teardown_taskflow.py
[2025-08-06T10:01:46.888-0300] {processor.py:830} INFO - Processing file /root/airflow_env/lib/python3.10/site-packages/airflow/example_dags/example_setup_teardown_taskflow.py for tasks to queue
[2025-08-06T10:01:46.891-0300] {logging_mixin.py:188} INFO - [2025-08-06T10:01:46.890-0300] {dagbag.py:538} INFO - Filling up the DagBag from /root/airflow_env/lib/python3.10/site-packages/airflow/example_dags/example_setup_teardown_taskflow.py
[2025-08-06T10:01:46.927-0300] {processor.py:840} INFO - DAG(s) 'example_setup_teardown_taskflow' retrieved from /root/airflow_env/lib/python3.10/site-packages/airflow/example_dags/example_setup_teardown_taskflow.py
[2025-08-06T10:01:46.986-0300] {logging_mixin.py:188} INFO - [2025-08-06T10:01:46.985-0300] {dag.py:3036} INFO - Sync 1 DAGs
[2025-08-06T10:01:47.067-0300] {logging_mixin.py:188} INFO - [2025-08-06T10:01:47.067-0300] {dag.py:3823} INFO - Setting next_dagrun for example_setup_teardown_taskflow to 2025-08-05 00:00:00+00:00, run_after=2025-08-06 00:00:00+00:00
[2025-08-06T10:01:47.132-0300] {processor.py:183} INFO - Processing /root/airflow_env/lib/python3.10/site-packages/airflow/example_dags/example_setup_teardown_taskflow.py took 0.261 seconds
[2025-08-06T10:03:05.811-0300] {processor.py:161} INFO - Started process (PID=102626) to work on /root/airflow_env/lib/python3.10/site-packages/airflow/example_dags/example_setup_teardown_taskflow.py
[2025-08-06T10:03:05.853-0300] {processor.py:830} INFO - Processing file /root/airflow_env/lib/python3.10/site-packages/airflow/example_dags/example_setup_teardown_taskflow.py for tasks to queue
[2025-08-06T10:03:05.857-0300] {logging_mixin.py:188} INFO - [2025-08-06T10:03:05.856-0300] {dagbag.py:538} INFO - Filling up the DagBag from /root/airflow_env/lib/python3.10/site-packages/airflow/example_dags/example_setup_teardown_taskflow.py
[2025-08-06T10:03:05.904-0300] {processor.py:840} INFO - DAG(s) 'example_setup_teardown_taskflow' retrieved from /root/airflow_env/lib/python3.10/site-packages/airflow/example_dags/example_setup_teardown_taskflow.py
[2025-08-06T10:03:05.942-0300] {logging_mixin.py:188} INFO - [2025-08-06T10:03:05.942-0300] {dag.py:3036} INFO - Sync 1 DAGs
[2025-08-06T10:03:05.983-0300] {logging_mixin.py:188} INFO - [2025-08-06T10:03:05.982-0300] {dag.py:3823} INFO - Setting next_dagrun for example_setup_teardown_taskflow to 2025-08-05 00:00:00+00:00, run_after=2025-08-06 00:00:00+00:00
[2025-08-06T10:03:06.324-0300] {processor.py:183} INFO - Processing /root/airflow_env/lib/python3.10/site-packages/airflow/example_dags/example_setup_teardown_taskflow.py took 0.527 seconds
[2025-08-06T10:04:33.303-0300] {processor.py:161} INFO - Started process (PID=102672) to work on /root/airflow_env/lib/python3.10/site-packages/airflow/example_dags/example_setup_teardown_taskflow.py
[2025-08-06T10:04:33.306-0300] {processor.py:830} INFO - Processing file /root/airflow_env/lib/python3.10/site-packages/airflow/example_dags/example_setup_teardown_taskflow.py for tasks to queue
[2025-08-06T10:04:33.308-0300] {logging_mixin.py:188} INFO - [2025-08-06T10:04:33.307-0300] {dagbag.py:538} INFO - Filling up the DagBag from /root/airflow_env/lib/python3.10/site-packages/airflow/example_dags/example_setup_teardown_taskflow.py
[2025-08-06T10:04:33.337-0300] {processor.py:840} INFO - DAG(s) 'example_setup_teardown_taskflow' retrieved from /root/airflow_env/lib/python3.10/site-packages/airflow/example_dags/example_setup_teardown_taskflow.py
[2025-08-06T10:04:33.385-0300] {logging_mixin.py:188} INFO - [2025-08-06T10:04:33.384-0300] {dag.py:3036} INFO - Sync 1 DAGs
[2025-08-06T10:04:33.445-0300] {logging_mixin.py:188} INFO - [2025-08-06T10:04:33.444-0300] {dag.py:3823} INFO - Setting next_dagrun for example_setup_teardown_taskflow to 2025-08-05 00:00:00+00:00, run_after=2025-08-06 00:00:00+00:00
[2025-08-06T10:04:33.483-0300] {processor.py:183} INFO - Processing /root/airflow_env/lib/python3.10/site-packages/airflow/example_dags/example_setup_teardown_taskflow.py took 0.187 seconds
[2025-08-06T10:06:38.711-0300] {processor.py:161} INFO - Started process (PID=102740) to work on /root/airflow_env/lib/python3.10/site-packages/airflow/example_dags/example_setup_teardown_taskflow.py
[2025-08-06T10:06:38.726-0300] {processor.py:830} INFO - Processing file /root/airflow_env/lib/python3.10/site-packages/airflow/example_dags/example_setup_teardown_taskflow.py for tasks to queue
[2025-08-06T10:06:38.730-0300] {logging_mixin.py:188} INFO - [2025-08-06T10:06:38.728-0300] {dagbag.py:538} INFO - Filling up the DagBag from /root/airflow_env/lib/python3.10/site-packages/airflow/example_dags/example_setup_teardown_taskflow.py
[2025-08-06T10:06:38.840-0300] {processor.py:840} INFO - DAG(s) 'example_setup_teardown_taskflow' retrieved from /root/airflow_env/lib/python3.10/site-packages/airflow/example_dags/example_setup_teardown_taskflow.py
[2025-08-06T10:06:38.997-0300] {logging_mixin.py:188} INFO - [2025-08-06T10:06:38.996-0300] {dag.py:3036} INFO - Sync 1 DAGs
[2025-08-06T10:06:39.206-0300] {logging_mixin.py:188} INFO - [2025-08-06T10:06:39.205-0300] {dag.py:3823} INFO - Setting next_dagrun for example_setup_teardown_taskflow to 2025-08-05 00:00:00+00:00, run_after=2025-08-06 00:00:00+00:00
[2025-08-06T10:06:39.371-0300] {processor.py:183} INFO - Processing /root/airflow_env/lib/python3.10/site-packages/airflow/example_dags/example_setup_teardown_taskflow.py took 0.692 seconds
