[2025-08-06T10:00:51.989-0300] {processor.py:161} INFO - Started process (PID=102510) to work on /root/airflow_env/lib/python3.10/site-packages/airflow/example_dags/example_setup_teardown.py
[2025-08-06T10:00:51.992-0300] {processor.py:830} INFO - Processing file /root/airflow_env/lib/python3.10/site-packages/airflow/example_dags/example_setup_teardown.py for tasks to queue
[2025-08-06T10:00:51.994-0300] {logging_mixin.py:188} INFO - [2025-08-06T10:00:51.993-0300] {dagbag.py:538} INFO - Filling up the DagBag from /root/airflow_env/lib/python3.10/site-packages/airflow/example_dags/example_setup_teardown.py
[2025-08-06T10:00:52.017-0300] {processor.py:840} INFO - DAG(s) 'example_setup_teardown' retrieved from /root/airflow_env/lib/python3.10/site-packages/airflow/example_dags/example_setup_teardown.py
[2025-08-06T10:00:52.055-0300] {logging_mixin.py:188} INFO - [2025-08-06T10:00:52.054-0300] {dag.py:3036} INFO - Sync 1 DAGs
[2025-08-06T10:00:52.141-0300] {logging_mixin.py:188} INFO - [2025-08-06T10:00:52.140-0300] {dag.py:3823} INFO - Setting next_dagrun for example_setup_teardown to 2025-08-05 00:00:00+00:00, run_after=2025-08-06 00:00:00+00:00
[2025-08-06T10:00:52.236-0300] {processor.py:183} INFO - Processing /root/airflow_env/lib/python3.10/site-packages/airflow/example_dags/example_setup_teardown.py took 0.256 seconds
[2025-08-06T10:01:57.565-0300] {processor.py:161} INFO - Started process (PID=102588) to work on /root/airflow_env/lib/python3.10/site-packages/airflow/example_dags/example_setup_teardown.py
[2025-08-06T10:01:57.583-0300] {processor.py:830} INFO - Processing file /root/airflow_env/lib/python3.10/site-packages/airflow/example_dags/example_setup_teardown.py for tasks to queue
[2025-08-06T10:01:57.586-0300] {logging_mixin.py:188} INFO - [2025-08-06T10:01:57.585-0300] {dagbag.py:538} INFO - Filling up the DagBag from /root/airflow_env/lib/python3.10/site-packages/airflow/example_dags/example_setup_teardown.py
[2025-08-06T10:01:57.603-0300] {processor.py:840} INFO - DAG(s) 'example_setup_teardown' retrieved from /root/airflow_env/lib/python3.10/site-packages/airflow/example_dags/example_setup_teardown.py
[2025-08-06T10:01:57.635-0300] {logging_mixin.py:188} INFO - [2025-08-06T10:01:57.634-0300] {dag.py:3036} INFO - Sync 1 DAGs
[2025-08-06T10:01:57.671-0300] {logging_mixin.py:188} INFO - [2025-08-06T10:01:57.671-0300] {dag.py:3823} INFO - Setting next_dagrun for example_setup_teardown to 2025-08-05 00:00:00+00:00, run_after=2025-08-06 00:00:00+00:00
[2025-08-06T10:01:58.096-0300] {processor.py:183} INFO - Processing /root/airflow_env/lib/python3.10/site-packages/airflow/example_dags/example_setup_teardown.py took 0.538 seconds
[2025-08-06T10:03:47.824-0300] {processor.py:161} INFO - Started process (PID=102636) to work on /root/airflow_env/lib/python3.10/site-packages/airflow/example_dags/example_setup_teardown.py
[2025-08-06T10:03:47.829-0300] {processor.py:830} INFO - Processing file /root/airflow_env/lib/python3.10/site-packages/airflow/example_dags/example_setup_teardown.py for tasks to queue
[2025-08-06T10:03:47.838-0300] {logging_mixin.py:188} INFO - [2025-08-06T10:03:47.837-0300] {dagbag.py:538} INFO - Filling up the DagBag from /root/airflow_env/lib/python3.10/site-packages/airflow/example_dags/example_setup_teardown.py
[2025-08-06T10:03:47.871-0300] {processor.py:840} INFO - DAG(s) 'example_setup_teardown' retrieved from /root/airflow_env/lib/python3.10/site-packages/airflow/example_dags/example_setup_teardown.py
[2025-08-06T10:03:47.945-0300] {logging_mixin.py:188} INFO - [2025-08-06T10:03:47.945-0300] {dag.py:3036} INFO - Sync 1 DAGs
[2025-08-06T10:03:48.030-0300] {logging_mixin.py:188} INFO - [2025-08-06T10:03:48.029-0300] {dag.py:3823} INFO - Setting next_dagrun for example_setup_teardown to 2025-08-05 00:00:00+00:00, run_after=2025-08-06 00:00:00+00:00
[2025-08-06T10:03:48.147-0300] {processor.py:183} INFO - Processing /root/airflow_env/lib/python3.10/site-packages/airflow/example_dags/example_setup_teardown.py took 0.336 seconds
[2025-08-06T10:05:36.652-0300] {processor.py:161} INFO - Started process (PID=102704) to work on /root/airflow_env/lib/python3.10/site-packages/airflow/example_dags/example_setup_teardown.py
[2025-08-06T10:05:36.665-0300] {processor.py:830} INFO - Processing file /root/airflow_env/lib/python3.10/site-packages/airflow/example_dags/example_setup_teardown.py for tasks to queue
[2025-08-06T10:05:36.668-0300] {logging_mixin.py:188} INFO - [2025-08-06T10:05:36.667-0300] {dagbag.py:538} INFO - Filling up the DagBag from /root/airflow_env/lib/python3.10/site-packages/airflow/example_dags/example_setup_teardown.py
[2025-08-06T10:05:36.723-0300] {processor.py:840} INFO - DAG(s) 'example_setup_teardown' retrieved from /root/airflow_env/lib/python3.10/site-packages/airflow/example_dags/example_setup_teardown.py
[2025-08-06T10:05:36.852-0300] {logging_mixin.py:188} INFO - [2025-08-06T10:05:36.851-0300] {dag.py:3036} INFO - Sync 1 DAGs
[2025-08-06T10:05:37.000-0300] {logging_mixin.py:188} INFO - [2025-08-06T10:05:36.999-0300] {dag.py:3823} INFO - Setting next_dagrun for example_setup_teardown to 2025-08-05 00:00:00+00:00, run_after=2025-08-06 00:00:00+00:00
[2025-08-06T10:05:38.080-0300] {processor.py:183} INFO - Processing /root/airflow_env/lib/python3.10/site-packages/airflow/example_dags/example_setup_teardown.py took 1.435 seconds
