[2025-08-06T10:00:01.091-0300] {processor.py:161} INFO - Started process (PID=102413) to work on /root/airflow_env/lib/python3.10/site-packages/airflow/example_dags/example_trigger_controller_dag.py
[2025-08-06T10:00:01.095-0300] {processor.py:830} INFO - Processing file /root/airflow_env/lib/python3.10/site-packages/airflow/example_dags/example_trigger_controller_dag.py for tasks to queue
[2025-08-06T10:00:01.099-0300] {logging_mixin.py:188} INFO - [2025-08-06T10:00:01.097-0300] {dagbag.py:538} INFO - Filling up the DagBag from /root/airflow_env/lib/python3.10/site-packages/airflow/example_dags/example_trigger_controller_dag.py
[2025-08-06T10:00:01.138-0300] {processor.py:840} INFO - DAG(s) 'example_trigger_controller_dag' retrieved from /root/airflow_env/lib/python3.10/site-packages/airflow/example_dags/example_trigger_controller_dag.py
[2025-08-06T10:00:01.220-0300] {logging_mixin.py:188} INFO - [2025-08-06T10:00:01.219-0300] {dag.py:3036} INFO - Sync 1 DAGs
[2025-08-06T10:00:01.462-0300] {logging_mixin.py:188} INFO - [2025-08-06T10:00:01.461-0300] {dag.py:3823} INFO - Setting next_dagrun for example_trigger_controller_dag to 2021-01-01 00:00:00+00:00, run_after=2021-01-01 00:00:00+00:00
[2025-08-06T10:00:01.625-0300] {processor.py:183} INFO - Processing /root/airflow_env/lib/python3.10/site-packages/airflow/example_dags/example_trigger_controller_dag.py took 0.550 seconds
[2025-08-06T10:01:23.005-0300] {processor.py:161} INFO - Started process (PID=102555) to work on /root/airflow_env/lib/python3.10/site-packages/airflow/example_dags/example_trigger_controller_dag.py
[2025-08-06T10:01:23.008-0300] {processor.py:830} INFO - Processing file /root/airflow_env/lib/python3.10/site-packages/airflow/example_dags/example_trigger_controller_dag.py for tasks to queue
[2025-08-06T10:01:23.010-0300] {logging_mixin.py:188} INFO - [2025-08-06T10:01:23.009-0300] {dagbag.py:538} INFO - Filling up the DagBag from /root/airflow_env/lib/python3.10/site-packages/airflow/example_dags/example_trigger_controller_dag.py
[2025-08-06T10:01:23.042-0300] {processor.py:840} INFO - DAG(s) 'example_trigger_controller_dag' retrieved from /root/airflow_env/lib/python3.10/site-packages/airflow/example_dags/example_trigger_controller_dag.py
[2025-08-06T10:01:23.094-0300] {logging_mixin.py:188} INFO - [2025-08-06T10:01:23.093-0300] {dag.py:3036} INFO - Sync 1 DAGs
[2025-08-06T10:01:23.155-0300] {logging_mixin.py:188} INFO - [2025-08-06T10:01:23.155-0300] {dag.py:3823} INFO - Setting next_dagrun for example_trigger_controller_dag to 2021-01-01 00:00:00+00:00, run_after=2021-01-01 00:00:00+00:00
[2025-08-06T10:01:23.210-0300] {processor.py:183} INFO - Processing /root/airflow_env/lib/python3.10/site-packages/airflow/example_dags/example_trigger_controller_dag.py took 0.217 seconds
[2025-08-06T10:02:51.999-0300] {processor.py:161} INFO - Started process (PID=102616) to work on /root/airflow_env/lib/python3.10/site-packages/airflow/example_dags/example_trigger_controller_dag.py
[2025-08-06T10:02:52.002-0300] {processor.py:830} INFO - Processing file /root/airflow_env/lib/python3.10/site-packages/airflow/example_dags/example_trigger_controller_dag.py for tasks to queue
[2025-08-06T10:02:52.005-0300] {logging_mixin.py:188} INFO - [2025-08-06T10:02:52.004-0300] {dagbag.py:538} INFO - Filling up the DagBag from /root/airflow_env/lib/python3.10/site-packages/airflow/example_dags/example_trigger_controller_dag.py
[2025-08-06T10:02:52.035-0300] {processor.py:840} INFO - DAG(s) 'example_trigger_controller_dag' retrieved from /root/airflow_env/lib/python3.10/site-packages/airflow/example_dags/example_trigger_controller_dag.py
[2025-08-06T10:02:52.122-0300] {logging_mixin.py:188} INFO - [2025-08-06T10:02:52.121-0300] {dag.py:3036} INFO - Sync 1 DAGs
[2025-08-06T10:02:52.201-0300] {logging_mixin.py:188} INFO - [2025-08-06T10:02:52.200-0300] {dag.py:3823} INFO - Setting next_dagrun for example_trigger_controller_dag to 2021-01-01 00:00:00+00:00, run_after=2021-01-01 00:00:00+00:00
[2025-08-06T10:02:52.259-0300] {processor.py:183} INFO - Processing /root/airflow_env/lib/python3.10/site-packages/airflow/example_dags/example_trigger_controller_dag.py took 0.267 seconds
[2025-08-06T10:04:19.629-0300] {processor.py:161} INFO - Started process (PID=102660) to work on /root/airflow_env/lib/python3.10/site-packages/airflow/example_dags/example_trigger_controller_dag.py
[2025-08-06T10:04:19.633-0300] {processor.py:830} INFO - Processing file /root/airflow_env/lib/python3.10/site-packages/airflow/example_dags/example_trigger_controller_dag.py for tasks to queue
[2025-08-06T10:04:19.635-0300] {logging_mixin.py:188} INFO - [2025-08-06T10:04:19.634-0300] {dagbag.py:538} INFO - Filling up the DagBag from /root/airflow_env/lib/python3.10/site-packages/airflow/example_dags/example_trigger_controller_dag.py
[2025-08-06T10:04:19.651-0300] {processor.py:840} INFO - DAG(s) 'example_trigger_controller_dag' retrieved from /root/airflow_env/lib/python3.10/site-packages/airflow/example_dags/example_trigger_controller_dag.py
[2025-08-06T10:04:19.700-0300] {logging_mixin.py:188} INFO - [2025-08-06T10:04:19.700-0300] {dag.py:3036} INFO - Sync 1 DAGs
[2025-08-06T10:04:19.747-0300] {logging_mixin.py:188} INFO - [2025-08-06T10:04:19.746-0300] {dag.py:3823} INFO - Setting next_dagrun for example_trigger_controller_dag to 2021-01-01 00:00:00+00:00, run_after=2021-01-01 00:00:00+00:00
[2025-08-06T10:04:19.862-0300] {processor.py:183} INFO - Processing /root/airflow_env/lib/python3.10/site-packages/airflow/example_dags/example_trigger_controller_dag.py took 0.245 seconds
[2025-08-06T10:05:23.029-0300] {processor.py:161} INFO - Started process (PID=102698) to work on /root/airflow_env/lib/python3.10/site-packages/airflow/example_dags/example_trigger_controller_dag.py
[2025-08-06T10:05:23.064-0300] {processor.py:830} INFO - Processing file /root/airflow_env/lib/python3.10/site-packages/airflow/example_dags/example_trigger_controller_dag.py for tasks to queue
[2025-08-06T10:05:23.067-0300] {logging_mixin.py:188} INFO - [2025-08-06T10:05:23.066-0300] {dagbag.py:538} INFO - Filling up the DagBag from /root/airflow_env/lib/python3.10/site-packages/airflow/example_dags/example_trigger_controller_dag.py
[2025-08-06T10:05:23.106-0300] {processor.py:840} INFO - DAG(s) 'example_trigger_controller_dag' retrieved from /root/airflow_env/lib/python3.10/site-packages/airflow/example_dags/example_trigger_controller_dag.py
[2025-08-06T10:05:23.244-0300] {logging_mixin.py:188} INFO - [2025-08-06T10:05:23.244-0300] {dag.py:3036} INFO - Sync 1 DAGs
[2025-08-06T10:05:23.403-0300] {logging_mixin.py:188} INFO - [2025-08-06T10:05:23.402-0300] {dag.py:3823} INFO - Setting next_dagrun for example_trigger_controller_dag to 2021-01-01 00:00:00+00:00, run_after=2021-01-01 00:00:00+00:00
[2025-08-06T10:05:24.010-0300] {processor.py:183} INFO - Processing /root/airflow_env/lib/python3.10/site-packages/airflow/example_dags/example_trigger_controller_dag.py took 1.002 seconds
[2025-08-06T10:06:23.125-0300] {processor.py:161} INFO - Started process (PID=102730) to work on /root/airflow_env/lib/python3.10/site-packages/airflow/example_dags/example_trigger_controller_dag.py
[2025-08-06T10:06:23.128-0300] {processor.py:830} INFO - Processing file /root/airflow_env/lib/python3.10/site-packages/airflow/example_dags/example_trigger_controller_dag.py for tasks to queue
[2025-08-06T10:06:23.130-0300] {logging_mixin.py:188} INFO - [2025-08-06T10:06:23.129-0300] {dagbag.py:538} INFO - Filling up the DagBag from /root/airflow_env/lib/python3.10/site-packages/airflow/example_dags/example_trigger_controller_dag.py
[2025-08-06T10:06:23.146-0300] {processor.py:840} INFO - DAG(s) 'example_trigger_controller_dag' retrieved from /root/airflow_env/lib/python3.10/site-packages/airflow/example_dags/example_trigger_controller_dag.py
[2025-08-06T10:06:23.187-0300] {logging_mixin.py:188} INFO - [2025-08-06T10:06:23.187-0300] {dag.py:3036} INFO - Sync 1 DAGs
[2025-08-06T10:06:23.238-0300] {logging_mixin.py:188} INFO - [2025-08-06T10:06:23.237-0300] {dag.py:3823} INFO - Setting next_dagrun for example_trigger_controller_dag to 2021-01-01 00:00:00+00:00, run_after=2021-01-01 00:00:00+00:00
[2025-08-06T10:06:23.300-0300] {processor.py:183} INFO - Processing /root/airflow_env/lib/python3.10/site-packages/airflow/example_dags/example_trigger_controller_dag.py took 0.183 seconds
