[2025-08-06T10:00:43.287-0300] {processor.py:161} INFO - Started process (PID=102451) to work on /root/airflow_env/lib/python3.10/site-packages/airflow/example_dags/example_sensors.py
[2025-08-06T10:00:43.296-0300] {processor.py:830} INFO - Processing file /root/airflow_env/lib/python3.10/site-packages/airflow/example_dags/example_sensors.py for tasks to queue
[2025-08-06T10:00:43.299-0300] {logging_mixin.py:188} INFO - [2025-08-06T10:00:43.298-0300] {dagbag.py:538} INFO - Filling up the DagBag from /root/airflow_env/lib/python3.10/site-packages/airflow/example_dags/example_sensors.py
[2025-08-06T10:00:43.371-0300] {processor.py:840} INFO - DAG(s) 'example_sensors' retrieved from /root/airflow_env/lib/python3.10/site-packages/airflow/example_dags/example_sensors.py
[2025-08-06T10:00:43.486-0300] {logging_mixin.py:188} INFO - [2025-08-06T10:00:43.485-0300] {dag.py:3036} INFO - Sync 1 DAGs
[2025-08-06T10:00:43.560-0300] {logging_mixin.py:188} INFO - [2025-08-06T10:00:43.559-0300] {dag.py:3823} INFO - Setting next_dagrun for example_sensors to None, run_after=None
[2025-08-06T10:00:43.669-0300] {processor.py:183} INFO - Processing /root/airflow_env/lib/python3.10/site-packages/airflow/example_dags/example_sensors.py took 0.395 seconds
[2025-08-06T10:01:49.678-0300] {processor.py:161} INFO - Started process (PID=102582) to work on /root/airflow_env/lib/python3.10/site-packages/airflow/example_dags/example_sensors.py
[2025-08-06T10:01:49.691-0300] {processor.py:830} INFO - Processing file /root/airflow_env/lib/python3.10/site-packages/airflow/example_dags/example_sensors.py for tasks to queue
[2025-08-06T10:01:49.694-0300] {logging_mixin.py:188} INFO - [2025-08-06T10:01:49.693-0300] {dagbag.py:538} INFO - Filling up the DagBag from /root/airflow_env/lib/python3.10/site-packages/airflow/example_dags/example_sensors.py
[2025-08-06T10:01:49.736-0300] {processor.py:840} INFO - DAG(s) 'example_sensors' retrieved from /root/airflow_env/lib/python3.10/site-packages/airflow/example_dags/example_sensors.py
[2025-08-06T10:01:49.820-0300] {logging_mixin.py:188} INFO - [2025-08-06T10:01:49.819-0300] {dag.py:3036} INFO - Sync 1 DAGs
[2025-08-06T10:01:49.863-0300] {logging_mixin.py:188} INFO - [2025-08-06T10:01:49.862-0300] {dag.py:3823} INFO - Setting next_dagrun for example_sensors to None, run_after=None
[2025-08-06T10:01:49.962-0300] {processor.py:183} INFO - Processing /root/airflow_env/lib/python3.10/site-packages/airflow/example_dags/example_sensors.py took 0.295 seconds
[2025-08-06T10:03:15.787-0300] {processor.py:161} INFO - Started process (PID=102628) to work on /root/airflow_env/lib/python3.10/site-packages/airflow/example_dags/example_sensors.py
[2025-08-06T10:03:15.792-0300] {processor.py:830} INFO - Processing file /root/airflow_env/lib/python3.10/site-packages/airflow/example_dags/example_sensors.py for tasks to queue
[2025-08-06T10:03:15.795-0300] {logging_mixin.py:188} INFO - [2025-08-06T10:03:15.794-0300] {dagbag.py:538} INFO - Filling up the DagBag from /root/airflow_env/lib/python3.10/site-packages/airflow/example_dags/example_sensors.py
[2025-08-06T10:03:15.901-0300] {processor.py:840} INFO - DAG(s) 'example_sensors' retrieved from /root/airflow_env/lib/python3.10/site-packages/airflow/example_dags/example_sensors.py
[2025-08-06T10:03:15.967-0300] {logging_mixin.py:188} INFO - [2025-08-06T10:03:15.967-0300] {dag.py:3036} INFO - Sync 1 DAGs
[2025-08-06T10:03:16.028-0300] {logging_mixin.py:188} INFO - [2025-08-06T10:03:16.027-0300] {dag.py:3823} INFO - Setting next_dagrun for example_sensors to None, run_after=None
[2025-08-06T10:03:17.352-0300] {processor.py:183} INFO - Processing /root/airflow_env/lib/python3.10/site-packages/airflow/example_dags/example_sensors.py took 1.576 seconds
[2025-08-06T10:04:34.970-0300] {processor.py:161} INFO - Started process (PID=102674) to work on /root/airflow_env/lib/python3.10/site-packages/airflow/example_dags/example_sensors.py
[2025-08-06T10:04:34.984-0300] {processor.py:830} INFO - Processing file /root/airflow_env/lib/python3.10/site-packages/airflow/example_dags/example_sensors.py for tasks to queue
[2025-08-06T10:04:34.986-0300] {logging_mixin.py:188} INFO - [2025-08-06T10:04:34.985-0300] {dagbag.py:538} INFO - Filling up the DagBag from /root/airflow_env/lib/python3.10/site-packages/airflow/example_dags/example_sensors.py
[2025-08-06T10:04:35.008-0300] {processor.py:840} INFO - DAG(s) 'example_sensors' retrieved from /root/airflow_env/lib/python3.10/site-packages/airflow/example_dags/example_sensors.py
[2025-08-06T10:04:35.109-0300] {logging_mixin.py:188} INFO - [2025-08-06T10:04:35.108-0300] {dag.py:3036} INFO - Sync 1 DAGs
[2025-08-06T10:04:35.185-0300] {logging_mixin.py:188} INFO - [2025-08-06T10:04:35.185-0300] {dag.py:3823} INFO - Setting next_dagrun for example_sensors to None, run_after=None
[2025-08-06T10:04:35.318-0300] {processor.py:183} INFO - Processing /root/airflow_env/lib/python3.10/site-packages/airflow/example_dags/example_sensors.py took 0.367 seconds
