[2025-08-06T10:01:03.670-0300] {processor.py:161} INFO - Started process (PID=102538) to work on /root/airflow_env/lib/python3.10/site-packages/airflow/example_dags/example_bash_operator.py
[2025-08-06T10:01:03.672-0300] {processor.py:830} INFO - Processing file /root/airflow_env/lib/python3.10/site-packages/airflow/example_dags/example_bash_operator.py for tasks to queue
[2025-08-06T10:01:03.674-0300] {logging_mixin.py:188} INFO - [2025-08-06T10:01:03.673-0300] {dagbag.py:538} INFO - Filling up the DagBag from /root/airflow_env/lib/python3.10/site-packages/airflow/example_dags/example_bash_operator.py
[2025-08-06T10:01:03.708-0300] {processor.py:840} INFO - DAG(s) 'example_bash_operator' retrieved from /root/airflow_env/lib/python3.10/site-packages/airflow/example_dags/example_bash_operator.py
[2025-08-06T10:01:03.762-0300] {logging_mixin.py:188} INFO - [2025-08-06T10:01:03.762-0300] {dag.py:3036} INFO - Sync 1 DAGs
[2025-08-06T10:01:03.813-0300] {logging_mixin.py:188} INFO - [2025-08-06T10:01:03.813-0300] {dag.py:3823} INFO - Setting next_dagrun for example_bash_operator to 2025-08-05 00:00:00+00:00, run_after=2025-08-06 00:00:00+00:00
[2025-08-06T10:01:03.858-0300] {processor.py:183} INFO - Processing /root/airflow_env/lib/python3.10/site-packages/airflow/example_dags/example_bash_operator.py took 0.199 seconds
[2025-08-06T10:02:31.452-0300] {processor.py:161} INFO - Started process (PID=102600) to work on /root/airflow_env/lib/python3.10/site-packages/airflow/example_dags/example_bash_operator.py
[2025-08-06T10:02:31.502-0300] {processor.py:830} INFO - Processing file /root/airflow_env/lib/python3.10/site-packages/airflow/example_dags/example_bash_operator.py for tasks to queue
[2025-08-06T10:02:31.507-0300] {logging_mixin.py:188} INFO - [2025-08-06T10:02:31.505-0300] {dagbag.py:538} INFO - Filling up the DagBag from /root/airflow_env/lib/python3.10/site-packages/airflow/example_dags/example_bash_operator.py
[2025-08-06T10:02:31.545-0300] {processor.py:840} INFO - DAG(s) 'example_bash_operator' retrieved from /root/airflow_env/lib/python3.10/site-packages/airflow/example_dags/example_bash_operator.py
[2025-08-06T10:02:31.590-0300] {logging_mixin.py:188} INFO - [2025-08-06T10:02:31.590-0300] {dag.py:3036} INFO - Sync 1 DAGs
[2025-08-06T10:02:31.631-0300] {logging_mixin.py:188} INFO - [2025-08-06T10:02:31.630-0300] {dag.py:3823} INFO - Setting next_dagrun for example_bash_operator to 2025-08-05 00:00:00+00:00, run_after=2025-08-06 00:00:00+00:00
[2025-08-06T10:02:32.323-0300] {processor.py:183} INFO - Processing /root/airflow_env/lib/python3.10/site-packages/airflow/example_dags/example_bash_operator.py took 0.878 seconds
[2025-08-06T10:04:51.509-0300] {processor.py:161} INFO - Started process (PID=102683) to work on /root/airflow_env/lib/python3.10/site-packages/airflow/example_dags/example_bash_operator.py
[2025-08-06T10:04:51.525-0300] {processor.py:830} INFO - Processing file /root/airflow_env/lib/python3.10/site-packages/airflow/example_dags/example_bash_operator.py for tasks to queue
[2025-08-06T10:04:51.528-0300] {logging_mixin.py:188} INFO - [2025-08-06T10:04:51.527-0300] {dagbag.py:538} INFO - Filling up the DagBag from /root/airflow_env/lib/python3.10/site-packages/airflow/example_dags/example_bash_operator.py
[2025-08-06T10:04:51.644-0300] {processor.py:840} INFO - DAG(s) 'example_bash_operator' retrieved from /root/airflow_env/lib/python3.10/site-packages/airflow/example_dags/example_bash_operator.py
[2025-08-06T10:04:51.857-0300] {logging_mixin.py:188} INFO - [2025-08-06T10:04:51.856-0300] {dag.py:3036} INFO - Sync 1 DAGs
[2025-08-06T10:04:52.034-0300] {logging_mixin.py:188} INFO - [2025-08-06T10:04:52.033-0300] {dag.py:3823} INFO - Setting next_dagrun for example_bash_operator to 2025-08-05 00:00:00+00:00, run_after=2025-08-06 00:00:00+00:00
[2025-08-06T10:04:52.178-0300] {processor.py:183} INFO - Processing /root/airflow_env/lib/python3.10/site-packages/airflow/example_dags/example_bash_operator.py took 0.702 seconds
