[2025-08-06T09:59:53.697-0300] {processor.py:161} INFO - Started process (PID=102410) to work on /root/airflow_env/lib/python3.10/site-packages/airflow/example_dags/example_short_circuit_operator.py
[2025-08-06T09:59:53.749-0300] {processor.py:830} INFO - Processing file /root/airflow_env/lib/python3.10/site-packages/airflow/example_dags/example_short_circuit_operator.py for tasks to queue
[2025-08-06T09:59:53.816-0300] {logging_mixin.py:188} INFO - [2025-08-06T09:59:53.808-0300] {dagbag.py:538} INFO - Filling up the DagBag from /root/airflow_env/lib/python3.10/site-packages/airflow/example_dags/example_short_circuit_operator.py
[2025-08-06T09:59:55.147-0300] {processor.py:840} INFO - DAG(s) 'example_short_circuit_operator' retrieved from /root/airflow_env/lib/python3.10/site-packages/airflow/example_dags/example_short_circuit_operator.py
[2025-08-06T09:59:57.007-0300] {logging_mixin.py:188} INFO - [2025-08-06T09:59:57.006-0300] {dag.py:3036} INFO - Sync 1 DAGs
[2025-08-06T09:59:57.452-0300] {logging_mixin.py:188} INFO - [2025-08-06T09:59:57.442-0300] {dag.py:3823} INFO - Setting next_dagrun for example_short_circuit_operator to 2025-08-05 00:00:00+00:00, run_after=2025-08-06 00:00:00+00:00
[2025-08-06T09:59:57.592-0300] {processor.py:183} INFO - Processing /root/airflow_env/lib/python3.10/site-packages/airflow/example_dags/example_short_circuit_operator.py took 4.432 seconds
[2025-08-06T10:01:20.238-0300] {processor.py:161} INFO - Started process (PID=102553) to work on /root/airflow_env/lib/python3.10/site-packages/airflow/example_dags/example_short_circuit_operator.py
[2025-08-06T10:01:20.242-0300] {processor.py:830} INFO - Processing file /root/airflow_env/lib/python3.10/site-packages/airflow/example_dags/example_short_circuit_operator.py for tasks to queue
[2025-08-06T10:01:20.245-0300] {logging_mixin.py:188} INFO - [2025-08-06T10:01:20.244-0300] {dagbag.py:538} INFO - Filling up the DagBag from /root/airflow_env/lib/python3.10/site-packages/airflow/example_dags/example_short_circuit_operator.py
[2025-08-06T10:01:20.293-0300] {processor.py:840} INFO - DAG(s) 'example_short_circuit_operator' retrieved from /root/airflow_env/lib/python3.10/site-packages/airflow/example_dags/example_short_circuit_operator.py
[2025-08-06T10:01:20.366-0300] {logging_mixin.py:188} INFO - [2025-08-06T10:01:20.366-0300] {dag.py:3036} INFO - Sync 1 DAGs
[2025-08-06T10:01:20.420-0300] {logging_mixin.py:188} INFO - [2025-08-06T10:01:20.420-0300] {dag.py:3823} INFO - Setting next_dagrun for example_short_circuit_operator to 2025-08-05 00:00:00+00:00, run_after=2025-08-06 00:00:00+00:00
[2025-08-06T10:01:20.481-0300] {processor.py:183} INFO - Processing /root/airflow_env/lib/python3.10/site-packages/airflow/example_dags/example_short_circuit_operator.py took 0.260 seconds
[2025-08-06T10:02:49.510-0300] {processor.py:161} INFO - Started process (PID=102613) to work on /root/airflow_env/lib/python3.10/site-packages/airflow/example_dags/example_short_circuit_operator.py
[2025-08-06T10:02:49.513-0300] {processor.py:830} INFO - Processing file /root/airflow_env/lib/python3.10/site-packages/airflow/example_dags/example_short_circuit_operator.py for tasks to queue
[2025-08-06T10:02:49.516-0300] {logging_mixin.py:188} INFO - [2025-08-06T10:02:49.515-0300] {dagbag.py:538} INFO - Filling up the DagBag from /root/airflow_env/lib/python3.10/site-packages/airflow/example_dags/example_short_circuit_operator.py
[2025-08-06T10:02:49.555-0300] {processor.py:840} INFO - DAG(s) 'example_short_circuit_operator' retrieved from /root/airflow_env/lib/python3.10/site-packages/airflow/example_dags/example_short_circuit_operator.py
[2025-08-06T10:02:49.625-0300] {logging_mixin.py:188} INFO - [2025-08-06T10:02:49.624-0300] {dag.py:3036} INFO - Sync 1 DAGs
[2025-08-06T10:02:49.700-0300] {logging_mixin.py:188} INFO - [2025-08-06T10:02:49.700-0300] {dag.py:3823} INFO - Setting next_dagrun for example_short_circuit_operator to 2025-08-05 00:00:00+00:00, run_after=2025-08-06 00:00:00+00:00
[2025-08-06T10:02:49.765-0300] {processor.py:183} INFO - Processing /root/airflow_env/lib/python3.10/site-packages/airflow/example_dags/example_short_circuit_operator.py took 0.268 seconds
[2025-08-06T10:04:16.727-0300] {processor.py:161} INFO - Started process (PID=102658) to work on /root/airflow_env/lib/python3.10/site-packages/airflow/example_dags/example_short_circuit_operator.py
[2025-08-06T10:04:16.731-0300] {processor.py:830} INFO - Processing file /root/airflow_env/lib/python3.10/site-packages/airflow/example_dags/example_short_circuit_operator.py for tasks to queue
[2025-08-06T10:04:16.736-0300] {logging_mixin.py:188} INFO - [2025-08-06T10:04:16.734-0300] {dagbag.py:538} INFO - Filling up the DagBag from /root/airflow_env/lib/python3.10/site-packages/airflow/example_dags/example_short_circuit_operator.py
[2025-08-06T10:04:16.773-0300] {processor.py:840} INFO - DAG(s) 'example_short_circuit_operator' retrieved from /root/airflow_env/lib/python3.10/site-packages/airflow/example_dags/example_short_circuit_operator.py
[2025-08-06T10:04:16.826-0300] {logging_mixin.py:188} INFO - [2025-08-06T10:04:16.826-0300] {dag.py:3036} INFO - Sync 1 DAGs
[2025-08-06T10:04:16.930-0300] {logging_mixin.py:188} INFO - [2025-08-06T10:04:16.930-0300] {dag.py:3823} INFO - Setting next_dagrun for example_short_circuit_operator to 2025-08-05 00:00:00+00:00, run_after=2025-08-06 00:00:00+00:00
[2025-08-06T10:04:17.053-0300] {processor.py:183} INFO - Processing /root/airflow_env/lib/python3.10/site-packages/airflow/example_dags/example_short_circuit_operator.py took 0.336 seconds
[2025-08-06T10:05:17.692-0300] {processor.py:161} INFO - Started process (PID=102696) to work on /root/airflow_env/lib/python3.10/site-packages/airflow/example_dags/example_short_circuit_operator.py
[2025-08-06T10:05:17.838-0300] {processor.py:830} INFO - Processing file /root/airflow_env/lib/python3.10/site-packages/airflow/example_dags/example_short_circuit_operator.py for tasks to queue
[2025-08-06T10:05:17.841-0300] {logging_mixin.py:188} INFO - [2025-08-06T10:05:17.840-0300] {dagbag.py:538} INFO - Filling up the DagBag from /root/airflow_env/lib/python3.10/site-packages/airflow/example_dags/example_short_circuit_operator.py
[2025-08-06T10:05:17.908-0300] {processor.py:840} INFO - DAG(s) 'example_short_circuit_operator' retrieved from /root/airflow_env/lib/python3.10/site-packages/airflow/example_dags/example_short_circuit_operator.py
[2025-08-06T10:05:18.057-0300] {logging_mixin.py:188} INFO - [2025-08-06T10:05:18.057-0300] {dag.py:3036} INFO - Sync 1 DAGs
[2025-08-06T10:05:18.218-0300] {logging_mixin.py:188} INFO - [2025-08-06T10:05:18.218-0300] {dag.py:3823} INFO - Setting next_dagrun for example_short_circuit_operator to 2025-08-05 00:00:00+00:00, run_after=2025-08-06 00:00:00+00:00
[2025-08-06T10:05:18.683-0300] {processor.py:183} INFO - Processing /root/airflow_env/lib/python3.10/site-packages/airflow/example_dags/example_short_circuit_operator.py took 1.023 seconds
[2025-08-06T10:06:20.813-0300] {processor.py:161} INFO - Started process (PID=102728) to work on /root/airflow_env/lib/python3.10/site-packages/airflow/example_dags/example_short_circuit_operator.py
[2025-08-06T10:06:20.825-0300] {processor.py:830} INFO - Processing file /root/airflow_env/lib/python3.10/site-packages/airflow/example_dags/example_short_circuit_operator.py for tasks to queue
[2025-08-06T10:06:20.828-0300] {logging_mixin.py:188} INFO - [2025-08-06T10:06:20.827-0300] {dagbag.py:538} INFO - Filling up the DagBag from /root/airflow_env/lib/python3.10/site-packages/airflow/example_dags/example_short_circuit_operator.py
[2025-08-06T10:06:20.895-0300] {processor.py:840} INFO - DAG(s) 'example_short_circuit_operator' retrieved from /root/airflow_env/lib/python3.10/site-packages/airflow/example_dags/example_short_circuit_operator.py
[2025-08-06T10:06:21.042-0300] {logging_mixin.py:188} INFO - [2025-08-06T10:06:21.041-0300] {dag.py:3036} INFO - Sync 1 DAGs
[2025-08-06T10:06:21.182-0300] {logging_mixin.py:188} INFO - [2025-08-06T10:06:21.181-0300] {dag.py:3823} INFO - Setting next_dagrun for example_short_circuit_operator to 2025-08-05 00:00:00+00:00, run_after=2025-08-06 00:00:00+00:00
[2025-08-06T10:06:21.327-0300] {processor.py:183} INFO - Processing /root/airflow_env/lib/python3.10/site-packages/airflow/example_dags/example_short_circuit_operator.py took 0.533 seconds
