[2025-08-06T10:01:00.129-0300] {processor.py:161} INFO - Started process (PID=102535) to work on /root/airflow_env/lib/python3.10/site-packages/airflow/example_dags/example_branch_operator.py
[2025-08-06T10:01:00.132-0300] {processor.py:830} INFO - Processing file /root/airflow_env/lib/python3.10/site-packages/airflow/example_dags/example_branch_operator.py for tasks to queue
[2025-08-06T10:01:00.134-0300] {logging_mixin.py:188} INFO - [2025-08-06T10:01:00.133-0300] {dagbag.py:538} INFO - Filling up the DagBag from /root/airflow_env/lib/python3.10/site-packages/airflow/example_dags/example_branch_operator.py
[2025-08-06T10:01:00.189-0300] {processor.py:840} INFO - DAG(s) 'example_branch_operator' retrieved from /root/airflow_env/lib/python3.10/site-packages/airflow/example_dags/example_branch_operator.py
[2025-08-06T10:01:00.241-0300] {logging_mixin.py:188} INFO - [2025-08-06T10:01:00.241-0300] {dag.py:3036} INFO - Sync 1 DAGs
[2025-08-06T10:01:00.284-0300] {logging_mixin.py:188} INFO - [2025-08-06T10:01:00.283-0300] {dag.py:3823} INFO - Setting next_dagrun for example_branch_operator to 2025-08-05 00:00:00+00:00, run_after=2025-08-06 00:00:00+00:00
[2025-08-06T10:01:00.332-0300] {processor.py:183} INFO - Processing /root/airflow_env/lib/python3.10/site-packages/airflow/example_dags/example_branch_operator.py took 0.210 seconds
[2025-08-06T10:02:12.973-0300] {processor.py:161} INFO - Started process (PID=102595) to work on /root/airflow_env/lib/python3.10/site-packages/airflow/example_dags/example_branch_operator.py
[2025-08-06T10:02:13.002-0300] {processor.py:830} INFO - Processing file /root/airflow_env/lib/python3.10/site-packages/airflow/example_dags/example_branch_operator.py for tasks to queue
[2025-08-06T10:02:13.005-0300] {logging_mixin.py:188} INFO - [2025-08-06T10:02:13.004-0300] {dagbag.py:538} INFO - Filling up the DagBag from /root/airflow_env/lib/python3.10/site-packages/airflow/example_dags/example_branch_operator.py
[2025-08-06T10:02:13.091-0300] {processor.py:840} INFO - DAG(s) 'example_branch_operator' retrieved from /root/airflow_env/lib/python3.10/site-packages/airflow/example_dags/example_branch_operator.py
[2025-08-06T10:02:13.186-0300] {logging_mixin.py:188} INFO - [2025-08-06T10:02:13.185-0300] {dag.py:3036} INFO - Sync 1 DAGs
[2025-08-06T10:02:13.252-0300] {logging_mixin.py:188} INFO - [2025-08-06T10:02:13.252-0300] {dag.py:3823} INFO - Setting next_dagrun for example_branch_operator to 2025-08-05 00:00:00+00:00, run_after=2025-08-06 00:00:00+00:00
[2025-08-06T10:02:13.767-0300] {processor.py:183} INFO - Processing /root/airflow_env/lib/python3.10/site-packages/airflow/example_dags/example_branch_operator.py took 0.803 seconds
[2025-08-06T10:04:46.336-0300] {processor.py:161} INFO - Started process (PID=102680) to work on /root/airflow_env/lib/python3.10/site-packages/airflow/example_dags/example_branch_operator.py
[2025-08-06T10:04:46.340-0300] {processor.py:830} INFO - Processing file /root/airflow_env/lib/python3.10/site-packages/airflow/example_dags/example_branch_operator.py for tasks to queue
[2025-08-06T10:04:46.353-0300] {logging_mixin.py:188} INFO - [2025-08-06T10:04:46.351-0300] {dagbag.py:538} INFO - Filling up the DagBag from /root/airflow_env/lib/python3.10/site-packages/airflow/example_dags/example_branch_operator.py
[2025-08-06T10:04:46.500-0300] {processor.py:840} INFO - DAG(s) 'example_branch_operator' retrieved from /root/airflow_env/lib/python3.10/site-packages/airflow/example_dags/example_branch_operator.py
[2025-08-06T10:04:46.693-0300] {logging_mixin.py:188} INFO - [2025-08-06T10:04:46.692-0300] {dag.py:3036} INFO - Sync 1 DAGs
[2025-08-06T10:04:46.872-0300] {logging_mixin.py:188} INFO - [2025-08-06T10:04:46.871-0300] {dag.py:3823} INFO - Setting next_dagrun for example_branch_operator to 2025-08-05 00:00:00+00:00, run_after=2025-08-06 00:00:00+00:00
[2025-08-06T10:04:47.034-0300] {processor.py:183} INFO - Processing /root/airflow_env/lib/python3.10/site-packages/airflow/example_dags/example_branch_operator.py took 0.727 seconds
