[2025-08-06T10:00:51.044-0300] {processor.py:161} INFO - Started process (PID=102509) to work on /root/airflow_env/lib/python3.10/site-packages/airflow/example_dags/example_latest_only_with_trigger.py
[2025-08-06T10:00:51.046-0300] {processor.py:830} INFO - Processing file /root/airflow_env/lib/python3.10/site-packages/airflow/example_dags/example_latest_only_with_trigger.py for tasks to queue
[2025-08-06T10:00:51.048-0300] {logging_mixin.py:188} INFO - [2025-08-06T10:00:51.047-0300] {dagbag.py:538} INFO - Filling up the DagBag from /root/airflow_env/lib/python3.10/site-packages/airflow/example_dags/example_latest_only_with_trigger.py
[2025-08-06T10:00:51.066-0300] {processor.py:840} INFO - DAG(s) 'latest_only_with_trigger' retrieved from /root/airflow_env/lib/python3.10/site-packages/airflow/example_dags/example_latest_only_with_trigger.py
[2025-08-06T10:00:51.128-0300] {logging_mixin.py:188} INFO - [2025-08-06T10:00:51.127-0300] {dag.py:3036} INFO - Sync 1 DAGs
[2025-08-06T10:00:51.218-0300] {logging_mixin.py:188} INFO - [2025-08-06T10:00:51.217-0300] {dag.py:3823} INFO - Setting next_dagrun for latest_only_with_trigger to 2025-08-06 08:00:00+00:00, run_after=2025-08-06 12:00:00+00:00
[2025-08-06T10:00:51.289-0300] {processor.py:183} INFO - Processing /root/airflow_env/lib/python3.10/site-packages/airflow/example_dags/example_latest_only_with_trigger.py took 0.255 seconds
[2025-08-06T10:01:56.555-0300] {processor.py:161} INFO - Started process (PID=102587) to work on /root/airflow_env/lib/python3.10/site-packages/airflow/example_dags/example_latest_only_with_trigger.py
[2025-08-06T10:01:56.602-0300] {processor.py:830} INFO - Processing file /root/airflow_env/lib/python3.10/site-packages/airflow/example_dags/example_latest_only_with_trigger.py for tasks to queue
[2025-08-06T10:01:56.604-0300] {logging_mixin.py:188} INFO - [2025-08-06T10:01:56.603-0300] {dagbag.py:538} INFO - Filling up the DagBag from /root/airflow_env/lib/python3.10/site-packages/airflow/example_dags/example_latest_only_with_trigger.py
[2025-08-06T10:01:56.617-0300] {processor.py:840} INFO - DAG(s) 'latest_only_with_trigger' retrieved from /root/airflow_env/lib/python3.10/site-packages/airflow/example_dags/example_latest_only_with_trigger.py
[2025-08-06T10:01:56.650-0300] {logging_mixin.py:188} INFO - [2025-08-06T10:01:56.650-0300] {dag.py:3036} INFO - Sync 1 DAGs
[2025-08-06T10:01:56.687-0300] {logging_mixin.py:188} INFO - [2025-08-06T10:01:56.687-0300] {dag.py:3823} INFO - Setting next_dagrun for latest_only_with_trigger to 2025-08-06 08:00:00+00:00, run_after=2025-08-06 12:00:00+00:00
[2025-08-06T10:01:57.031-0300] {processor.py:183} INFO - Processing /root/airflow_env/lib/python3.10/site-packages/airflow/example_dags/example_latest_only_with_trigger.py took 0.483 seconds
[2025-08-06T10:03:46.282-0300] {processor.py:161} INFO - Started process (PID=102635) to work on /root/airflow_env/lib/python3.10/site-packages/airflow/example_dags/example_latest_only_with_trigger.py
[2025-08-06T10:03:46.297-0300] {processor.py:830} INFO - Processing file /root/airflow_env/lib/python3.10/site-packages/airflow/example_dags/example_latest_only_with_trigger.py for tasks to queue
[2025-08-06T10:03:46.300-0300] {logging_mixin.py:188} INFO - [2025-08-06T10:03:46.299-0300] {dagbag.py:538} INFO - Filling up the DagBag from /root/airflow_env/lib/python3.10/site-packages/airflow/example_dags/example_latest_only_with_trigger.py
[2025-08-06T10:03:46.363-0300] {processor.py:840} INFO - DAG(s) 'latest_only_with_trigger' retrieved from /root/airflow_env/lib/python3.10/site-packages/airflow/example_dags/example_latest_only_with_trigger.py
[2025-08-06T10:03:46.523-0300] {logging_mixin.py:188} INFO - [2025-08-06T10:03:46.522-0300] {dag.py:3036} INFO - Sync 1 DAGs
[2025-08-06T10:03:46.657-0300] {logging_mixin.py:188} INFO - [2025-08-06T10:03:46.656-0300] {dag.py:3823} INFO - Setting next_dagrun for latest_only_with_trigger to 2025-08-06 08:00:00+00:00, run_after=2025-08-06 12:00:00+00:00
[2025-08-06T10:03:46.788-0300] {processor.py:183} INFO - Processing /root/airflow_env/lib/python3.10/site-packages/airflow/example_dags/example_latest_only_with_trigger.py took 0.528 seconds
[2025-08-06T10:05:34.657-0300] {processor.py:161} INFO - Started process (PID=102703) to work on /root/airflow_env/lib/python3.10/site-packages/airflow/example_dags/example_latest_only_with_trigger.py
[2025-08-06T10:05:34.668-0300] {processor.py:830} INFO - Processing file /root/airflow_env/lib/python3.10/site-packages/airflow/example_dags/example_latest_only_with_trigger.py for tasks to queue
[2025-08-06T10:05:34.672-0300] {logging_mixin.py:188} INFO - [2025-08-06T10:05:34.671-0300] {dagbag.py:538} INFO - Filling up the DagBag from /root/airflow_env/lib/python3.10/site-packages/airflow/example_dags/example_latest_only_with_trigger.py
[2025-08-06T10:05:34.735-0300] {processor.py:840} INFO - DAG(s) 'latest_only_with_trigger' retrieved from /root/airflow_env/lib/python3.10/site-packages/airflow/example_dags/example_latest_only_with_trigger.py
[2025-08-06T10:05:34.871-0300] {logging_mixin.py:188} INFO - [2025-08-06T10:05:34.871-0300] {dag.py:3036} INFO - Sync 1 DAGs
[2025-08-06T10:05:35.036-0300] {logging_mixin.py:188} INFO - [2025-08-06T10:05:35.036-0300] {dag.py:3823} INFO - Setting next_dagrun for latest_only_with_trigger to 2025-08-06 08:00:00+00:00, run_after=2025-08-06 12:00:00+00:00
[2025-08-06T10:05:35.450-0300] {processor.py:183} INFO - Processing /root/airflow_env/lib/python3.10/site-packages/airflow/example_dags/example_latest_only_with_trigger.py took 0.821 seconds
