[2025-08-06T09:59:17.992-0300] {processor.py:161} INFO - Started process (PID=102055) to work on /root/airflow_env/lib/python3.10/site-packages/airflow/example_dags/example_branch_day_of_week_operator.py
[2025-08-06T09:59:18.006-0300] {processor.py:830} INFO - Processing file /root/airflow_env/lib/python3.10/site-packages/airflow/example_dags/example_branch_day_of_week_operator.py for tasks to queue
[2025-08-06T09:59:18.011-0300] {logging_mixin.py:188} INFO - [2025-08-06T09:59:18.009-0300] {dagbag.py:538} INFO - Filling up the DagBag from /root/airflow_env/lib/python3.10/site-packages/airflow/example_dags/example_branch_day_of_week_operator.py
[2025-08-06T09:59:18.126-0300] {processor.py:840} INFO - DAG(s) 'example_weekday_branch_operator' retrieved from /root/airflow_env/lib/python3.10/site-packages/airflow/example_dags/example_branch_day_of_week_operator.py
[2025-08-06T09:59:18.723-0300] {logging_mixin.py:188} INFO - [2025-08-06T09:59:18.722-0300] {dag.py:3036} INFO - Sync 1 DAGs
[2025-08-06T09:59:19.326-0300] {logging_mixin.py:188} INFO - [2025-08-06T09:59:19.324-0300] {dag.py:3823} INFO - Setting next_dagrun for example_weekday_branch_operator to 2025-08-05 00:00:00+00:00, run_after=2025-08-06 00:00:00+00:00
[2025-08-06T09:59:19.796-0300] {processor.py:183} INFO - Processing /root/airflow_env/lib/python3.10/site-packages/airflow/example_dags/example_branch_day_of_week_operator.py took 1.843 seconds
[2025-08-06T10:01:37.704-0300] {processor.py:161} INFO - Started process (PID=102569) to work on /root/airflow_env/lib/python3.10/site-packages/airflow/example_dags/example_branch_day_of_week_operator.py
[2025-08-06T10:01:37.710-0300] {processor.py:830} INFO - Processing file /root/airflow_env/lib/python3.10/site-packages/airflow/example_dags/example_branch_day_of_week_operator.py for tasks to queue
[2025-08-06T10:01:37.715-0300] {logging_mixin.py:188} INFO - [2025-08-06T10:01:37.713-0300] {dagbag.py:538} INFO - Filling up the DagBag from /root/airflow_env/lib/python3.10/site-packages/airflow/example_dags/example_branch_day_of_week_operator.py
[2025-08-06T10:01:37.740-0300] {processor.py:840} INFO - DAG(s) 'example_weekday_branch_operator' retrieved from /root/airflow_env/lib/python3.10/site-packages/airflow/example_dags/example_branch_day_of_week_operator.py
[2025-08-06T10:01:37.800-0300] {logging_mixin.py:188} INFO - [2025-08-06T10:01:37.799-0300] {dag.py:3036} INFO - Sync 1 DAGs
[2025-08-06T10:01:37.865-0300] {logging_mixin.py:188} INFO - [2025-08-06T10:01:37.864-0300] {dag.py:3823} INFO - Setting next_dagrun for example_weekday_branch_operator to 2025-08-05 00:00:00+00:00, run_after=2025-08-06 00:00:00+00:00
[2025-08-06T10:01:37.950-0300] {processor.py:183} INFO - Processing /root/airflow_env/lib/python3.10/site-packages/airflow/example_dags/example_branch_day_of_week_operator.py took 0.262 seconds
[2025-08-06T10:03:57.799-0300] {processor.py:161} INFO - Started process (PID=102644) to work on /root/airflow_env/lib/python3.10/site-packages/airflow/example_dags/example_branch_day_of_week_operator.py
[2025-08-06T10:03:57.823-0300] {processor.py:830} INFO - Processing file /root/airflow_env/lib/python3.10/site-packages/airflow/example_dags/example_branch_day_of_week_operator.py for tasks to queue
[2025-08-06T10:03:57.827-0300] {logging_mixin.py:188} INFO - [2025-08-06T10:03:57.825-0300] {dagbag.py:538} INFO - Filling up the DagBag from /root/airflow_env/lib/python3.10/site-packages/airflow/example_dags/example_branch_day_of_week_operator.py
[2025-08-06T10:03:57.870-0300] {processor.py:840} INFO - DAG(s) 'example_weekday_branch_operator' retrieved from /root/airflow_env/lib/python3.10/site-packages/airflow/example_dags/example_branch_day_of_week_operator.py
[2025-08-06T10:03:57.959-0300] {logging_mixin.py:188} INFO - [2025-08-06T10:03:57.958-0300] {dag.py:3036} INFO - Sync 1 DAGs
[2025-08-06T10:03:58.166-0300] {logging_mixin.py:188} INFO - [2025-08-06T10:03:58.165-0300] {dag.py:3823} INFO - Setting next_dagrun for example_weekday_branch_operator to 2025-08-05 00:00:00+00:00, run_after=2025-08-06 00:00:00+00:00
[2025-08-06T10:03:58.325-0300] {processor.py:183} INFO - Processing /root/airflow_env/lib/python3.10/site-packages/airflow/example_dags/example_branch_day_of_week_operator.py took 0.548 seconds
[2025-08-06T10:06:02.436-0300] {processor.py:161} INFO - Started process (PID=102714) to work on /root/airflow_env/lib/python3.10/site-packages/airflow/example_dags/example_branch_day_of_week_operator.py
[2025-08-06T10:06:02.440-0300] {processor.py:830} INFO - Processing file /root/airflow_env/lib/python3.10/site-packages/airflow/example_dags/example_branch_day_of_week_operator.py for tasks to queue
[2025-08-06T10:06:02.453-0300] {logging_mixin.py:188} INFO - [2025-08-06T10:06:02.452-0300] {dagbag.py:538} INFO - Filling up the DagBag from /root/airflow_env/lib/python3.10/site-packages/airflow/example_dags/example_branch_day_of_week_operator.py
[2025-08-06T10:06:02.520-0300] {processor.py:840} INFO - DAG(s) 'example_weekday_branch_operator' retrieved from /root/airflow_env/lib/python3.10/site-packages/airflow/example_dags/example_branch_day_of_week_operator.py
[2025-08-06T10:06:02.664-0300] {logging_mixin.py:188} INFO - [2025-08-06T10:06:02.664-0300] {dag.py:3036} INFO - Sync 1 DAGs
[2025-08-06T10:06:02.815-0300] {logging_mixin.py:188} INFO - [2025-08-06T10:06:02.814-0300] {dag.py:3823} INFO - Setting next_dagrun for example_weekday_branch_operator to 2025-08-05 00:00:00+00:00, run_after=2025-08-06 00:00:00+00:00
[2025-08-06T10:06:02.960-0300] {processor.py:183} INFO - Processing /root/airflow_env/lib/python3.10/site-packages/airflow/example_dags/example_branch_day_of_week_operator.py took 0.553 seconds
