[2025-08-06T10:00:45.290-0300] {processor.py:161} INFO - Started process (PID=102454) to work on /root/airflow_env/lib/python3.10/site-packages/airflow/example_dags/example_params_ui_tutorial.py
[2025-08-06T10:00:45.293-0300] {processor.py:830} INFO - Processing file /root/airflow_env/lib/python3.10/site-packages/airflow/example_dags/example_params_ui_tutorial.py for tasks to queue
[2025-08-06T10:00:45.295-0300] {logging_mixin.py:188} INFO - [2025-08-06T10:00:45.294-0300] {dagbag.py:538} INFO - Filling up the DagBag from /root/airflow_env/lib/python3.10/site-packages/airflow/example_dags/example_params_ui_tutorial.py
[2025-08-06T10:00:45.385-0300] {processor.py:840} INFO - DAG(s) 'example_params_ui_tutorial' retrieved from /root/airflow_env/lib/python3.10/site-packages/airflow/example_dags/example_params_ui_tutorial.py
[2025-08-06T10:00:46.691-0300] {logging_mixin.py:188} INFO - [2025-08-06T10:00:46.690-0300] {dag.py:3036} INFO - Sync 1 DAGs
[2025-08-06T10:00:46.736-0300] {logging_mixin.py:188} INFO - [2025-08-06T10:00:46.736-0300] {dag.py:3823} INFO - Setting next_dagrun for example_params_ui_tutorial to None, run_after=None
[2025-08-06T10:00:46.798-0300] {processor.py:183} INFO - Processing /root/airflow_env/lib/python3.10/site-packages/airflow/example_dags/example_params_ui_tutorial.py took 1.518 seconds
[2025-08-06T10:01:52.080-0300] {processor.py:161} INFO - Started process (PID=102584) to work on /root/airflow_env/lib/python3.10/site-packages/airflow/example_dags/example_params_ui_tutorial.py
[2025-08-06T10:01:52.085-0300] {processor.py:830} INFO - Processing file /root/airflow_env/lib/python3.10/site-packages/airflow/example_dags/example_params_ui_tutorial.py for tasks to queue
[2025-08-06T10:01:52.089-0300] {logging_mixin.py:188} INFO - [2025-08-06T10:01:52.088-0300] {dagbag.py:538} INFO - Filling up the DagBag from /root/airflow_env/lib/python3.10/site-packages/airflow/example_dags/example_params_ui_tutorial.py
[2025-08-06T10:01:52.133-0300] {processor.py:840} INFO - DAG(s) 'example_params_ui_tutorial' retrieved from /root/airflow_env/lib/python3.10/site-packages/airflow/example_dags/example_params_ui_tutorial.py
[2025-08-06T10:01:52.322-0300] {logging_mixin.py:188} INFO - [2025-08-06T10:01:52.321-0300] {dag.py:3036} INFO - Sync 1 DAGs
[2025-08-06T10:01:52.363-0300] {logging_mixin.py:188} INFO - [2025-08-06T10:01:52.362-0300] {dag.py:3823} INFO - Setting next_dagrun for example_params_ui_tutorial to None, run_after=None
[2025-08-06T10:01:52.470-0300] {processor.py:183} INFO - Processing /root/airflow_env/lib/python3.10/site-packages/airflow/example_dags/example_params_ui_tutorial.py took 0.402 seconds
[2025-08-06T10:03:21.620-0300] {processor.py:161} INFO - Started process (PID=102632) to work on /root/airflow_env/lib/python3.10/site-packages/airflow/example_dags/example_params_ui_tutorial.py
[2025-08-06T10:03:21.641-0300] {processor.py:830} INFO - Processing file /root/airflow_env/lib/python3.10/site-packages/airflow/example_dags/example_params_ui_tutorial.py for tasks to queue
[2025-08-06T10:03:21.650-0300] {logging_mixin.py:188} INFO - [2025-08-06T10:03:21.644-0300] {dagbag.py:538} INFO - Filling up the DagBag from /root/airflow_env/lib/python3.10/site-packages/airflow/example_dags/example_params_ui_tutorial.py
[2025-08-06T10:03:21.719-0300] {processor.py:840} INFO - DAG(s) 'example_params_ui_tutorial' retrieved from /root/airflow_env/lib/python3.10/site-packages/airflow/example_dags/example_params_ui_tutorial.py
[2025-08-06T10:03:21.830-0300] {logging_mixin.py:188} INFO - [2025-08-06T10:03:21.830-0300] {dag.py:3036} INFO - Sync 1 DAGs
[2025-08-06T10:03:21.855-0300] {logging_mixin.py:188} INFO - [2025-08-06T10:03:21.855-0300] {dag.py:3823} INFO - Setting next_dagrun for example_params_ui_tutorial to None, run_after=None
[2025-08-06T10:03:25.190-0300] {processor.py:183} INFO - Processing /root/airflow_env/lib/python3.10/site-packages/airflow/example_dags/example_params_ui_tutorial.py took 3.603 seconds
[2025-08-06T10:04:37.353-0300] {processor.py:161} INFO - Started process (PID=102676) to work on /root/airflow_env/lib/python3.10/site-packages/airflow/example_dags/example_params_ui_tutorial.py
[2025-08-06T10:04:37.358-0300] {processor.py:830} INFO - Processing file /root/airflow_env/lib/python3.10/site-packages/airflow/example_dags/example_params_ui_tutorial.py for tasks to queue
[2025-08-06T10:04:37.370-0300] {logging_mixin.py:188} INFO - [2025-08-06T10:04:37.369-0300] {dagbag.py:538} INFO - Filling up the DagBag from /root/airflow_env/lib/python3.10/site-packages/airflow/example_dags/example_params_ui_tutorial.py
[2025-08-06T10:04:37.469-0300] {processor.py:840} INFO - DAG(s) 'example_params_ui_tutorial' retrieved from /root/airflow_env/lib/python3.10/site-packages/airflow/example_dags/example_params_ui_tutorial.py
[2025-08-06T10:04:37.893-0300] {logging_mixin.py:188} INFO - [2025-08-06T10:04:37.892-0300] {dag.py:3036} INFO - Sync 1 DAGs
[2025-08-06T10:04:37.974-0300] {logging_mixin.py:188} INFO - [2025-08-06T10:04:37.973-0300] {dag.py:3823} INFO - Setting next_dagrun for example_params_ui_tutorial to None, run_after=None
[2025-08-06T10:04:38.135-0300] {processor.py:183} INFO - Processing /root/airflow_env/lib/python3.10/site-packages/airflow/example_dags/example_params_ui_tutorial.py took 0.809 seconds
