[2025-08-06T10:00:53.745-0300] {processor.py:161} INFO - Started process (PID=102515) to work on /root/airflow_env/lib/python3.10/site-packages/airflow/example_dags/example_latest_only.py
[2025-08-06T10:00:53.749-0300] {processor.py:830} INFO - Processing file /root/airflow_env/lib/python3.10/site-packages/airflow/example_dags/example_latest_only.py for tasks to queue
[2025-08-06T10:00:53.752-0300] {logging_mixin.py:188} INFO - [2025-08-06T10:00:53.751-0300] {dagbag.py:538} INFO - Filling up the DagBag from /root/airflow_env/lib/python3.10/site-packages/airflow/example_dags/example_latest_only.py
[2025-08-06T10:00:53.784-0300] {processor.py:840} INFO - DAG(s) 'latest_only' retrieved from /root/airflow_env/lib/python3.10/site-packages/airflow/example_dags/example_latest_only.py
[2025-08-06T10:00:53.865-0300] {logging_mixin.py:188} INFO - [2025-08-06T10:00:53.864-0300] {dag.py:3036} INFO - Sync 1 DAGs
[2025-08-06T10:00:53.920-0300] {logging_mixin.py:188} INFO - [2025-08-06T10:00:53.920-0300] {dag.py:3823} INFO - Setting next_dagrun for latest_only to 2025-08-06 08:00:00+00:00, run_after=2025-08-06 12:00:00+00:00
[2025-08-06T10:00:53.968-0300] {processor.py:183} INFO - Processing /root/airflow_env/lib/python3.10/site-packages/airflow/example_dags/example_latest_only.py took 0.252 seconds
[2025-08-06T10:02:00.618-0300] {processor.py:161} INFO - Started process (PID=102590) to work on /root/airflow_env/lib/python3.10/site-packages/airflow/example_dags/example_latest_only.py
[2025-08-06T10:02:00.633-0300] {processor.py:830} INFO - Processing file /root/airflow_env/lib/python3.10/site-packages/airflow/example_dags/example_latest_only.py for tasks to queue
[2025-08-06T10:02:00.636-0300] {logging_mixin.py:188} INFO - [2025-08-06T10:02:00.635-0300] {dagbag.py:538} INFO - Filling up the DagBag from /root/airflow_env/lib/python3.10/site-packages/airflow/example_dags/example_latest_only.py
[2025-08-06T10:02:00.656-0300] {processor.py:840} INFO - DAG(s) 'latest_only' retrieved from /root/airflow_env/lib/python3.10/site-packages/airflow/example_dags/example_latest_only.py
[2025-08-06T10:02:00.698-0300] {logging_mixin.py:188} INFO - [2025-08-06T10:02:00.698-0300] {dag.py:3036} INFO - Sync 1 DAGs
[2025-08-06T10:02:00.747-0300] {logging_mixin.py:188} INFO - [2025-08-06T10:02:00.746-0300] {dag.py:3823} INFO - Setting next_dagrun for latest_only to 2025-08-06 08:00:00+00:00, run_after=2025-08-06 12:00:00+00:00
[2025-08-06T10:02:01.149-0300] {processor.py:183} INFO - Processing /root/airflow_env/lib/python3.10/site-packages/airflow/example_dags/example_latest_only.py took 0.539 seconds
[2025-08-06T10:03:50.731-0300] {processor.py:161} INFO - Started process (PID=102638) to work on /root/airflow_env/lib/python3.10/site-packages/airflow/example_dags/example_latest_only.py
[2025-08-06T10:03:50.735-0300] {processor.py:830} INFO - Processing file /root/airflow_env/lib/python3.10/site-packages/airflow/example_dags/example_latest_only.py for tasks to queue
[2025-08-06T10:03:50.739-0300] {logging_mixin.py:188} INFO - [2025-08-06T10:03:50.737-0300] {dagbag.py:538} INFO - Filling up the DagBag from /root/airflow_env/lib/python3.10/site-packages/airflow/example_dags/example_latest_only.py
[2025-08-06T10:03:50.754-0300] {processor.py:840} INFO - DAG(s) 'latest_only' retrieved from /root/airflow_env/lib/python3.10/site-packages/airflow/example_dags/example_latest_only.py
[2025-08-06T10:03:50.802-0300] {logging_mixin.py:188} INFO - [2025-08-06T10:03:50.801-0300] {dag.py:3036} INFO - Sync 1 DAGs
[2025-08-06T10:03:50.887-0300] {logging_mixin.py:188} INFO - [2025-08-06T10:03:50.886-0300] {dag.py:3823} INFO - Setting next_dagrun for latest_only to 2025-08-06 08:00:00+00:00, run_after=2025-08-06 12:00:00+00:00
[2025-08-06T10:03:50.981-0300] {processor.py:183} INFO - Processing /root/airflow_env/lib/python3.10/site-packages/airflow/example_dags/example_latest_only.py took 0.259 seconds
[2025-08-06T10:05:50.130-0300] {processor.py:161} INFO - Started process (PID=102708) to work on /root/airflow_env/lib/python3.10/site-packages/airflow/example_dags/example_latest_only.py
[2025-08-06T10:05:50.301-0300] {processor.py:830} INFO - Processing file /root/airflow_env/lib/python3.10/site-packages/airflow/example_dags/example_latest_only.py for tasks to queue
[2025-08-06T10:05:50.304-0300] {logging_mixin.py:188} INFO - [2025-08-06T10:05:50.303-0300] {dagbag.py:538} INFO - Filling up the DagBag from /root/airflow_env/lib/python3.10/site-packages/airflow/example_dags/example_latest_only.py
[2025-08-06T10:05:50.332-0300] {processor.py:840} INFO - DAG(s) 'latest_only' retrieved from /root/airflow_env/lib/python3.10/site-packages/airflow/example_dags/example_latest_only.py
[2025-08-06T10:05:50.364-0300] {logging_mixin.py:188} INFO - [2025-08-06T10:05:50.363-0300] {dag.py:3036} INFO - Sync 1 DAGs
[2025-08-06T10:05:50.406-0300] {logging_mixin.py:188} INFO - [2025-08-06T10:05:50.405-0300] {dag.py:3823} INFO - Setting next_dagrun for latest_only to 2025-08-06 08:00:00+00:00, run_after=2025-08-06 12:00:00+00:00
[2025-08-06T10:05:51.086-0300] {processor.py:183} INFO - Processing /root/airflow_env/lib/python3.10/site-packages/airflow/example_dags/example_latest_only.py took 0.963 seconds
