[2025-08-06T09:59:58.947-0300] {processor.py:161} INFO - Started process (PID=102412) to work on /root/airflow_env/lib/python3.10/site-packages/airflow/example_dags/example_sla_dag.py
[2025-08-06T09:59:58.951-0300] {processor.py:830} INFO - Processing file /root/airflow_env/lib/python3.10/site-packages/airflow/example_dags/example_sla_dag.py for tasks to queue
[2025-08-06T09:59:58.960-0300] {logging_mixin.py:188} INFO - [2025-08-06T09:59:58.956-0300] {dagbag.py:538} INFO - Filling up the DagBag from /root/airflow_env/lib/python3.10/site-packages/airflow/example_dags/example_sla_dag.py
[2025-08-06T09:59:59.055-0300] {processor.py:840} INFO - DAG(s) 'example_sla_dag' retrieved from /root/airflow_env/lib/python3.10/site-packages/airflow/example_dags/example_sla_dag.py
[2025-08-06T09:59:59.239-0300] {logging_mixin.py:188} INFO - [2025-08-06T09:59:59.235-0300] {dag.py:3036} INFO - Sync 1 DAGs
[2025-08-06T09:59:59.768-0300] {logging_mixin.py:188} INFO - [2025-08-06T09:59:59.767-0300] {dag.py:3823} INFO - Setting next_dagrun for example_sla_dag to 2025-08-06 12:56:00+00:00, run_after=2025-08-06 12:58:00+00:00
[2025-08-06T09:59:59.883-0300] {processor.py:183} INFO - Processing /root/airflow_env/lib/python3.10/site-packages/airflow/example_dags/example_sla_dag.py took 0.957 seconds
[2025-08-06T10:01:21.617-0300] {processor.py:161} INFO - Started process (PID=102554) to work on /root/airflow_env/lib/python3.10/site-packages/airflow/example_dags/example_sla_dag.py
[2025-08-06T10:01:21.631-0300] {processor.py:830} INFO - Processing file /root/airflow_env/lib/python3.10/site-packages/airflow/example_dags/example_sla_dag.py for tasks to queue
[2025-08-06T10:01:21.634-0300] {logging_mixin.py:188} INFO - [2025-08-06T10:01:21.633-0300] {dagbag.py:538} INFO - Filling up the DagBag from /root/airflow_env/lib/python3.10/site-packages/airflow/example_dags/example_sla_dag.py
[2025-08-06T10:01:21.675-0300] {processor.py:840} INFO - DAG(s) 'example_sla_dag' retrieved from /root/airflow_env/lib/python3.10/site-packages/airflow/example_dags/example_sla_dag.py
[2025-08-06T10:01:21.732-0300] {logging_mixin.py:188} INFO - [2025-08-06T10:01:21.732-0300] {dag.py:3036} INFO - Sync 1 DAGs
[2025-08-06T10:01:21.786-0300] {logging_mixin.py:188} INFO - [2025-08-06T10:01:21.785-0300] {dag.py:3823} INFO - Setting next_dagrun for example_sla_dag to 2025-08-06 12:58:00+00:00, run_after=2025-08-06 13:00:00+00:00
[2025-08-06T10:01:21.821-0300] {processor.py:183} INFO - Processing /root/airflow_env/lib/python3.10/site-packages/airflow/example_dags/example_sla_dag.py took 0.217 seconds
[2025-08-06T10:02:50.906-0300] {processor.py:161} INFO - Started process (PID=102614) to work on /root/airflow_env/lib/python3.10/site-packages/airflow/example_dags/example_sla_dag.py
[2025-08-06T10:02:50.910-0300] {processor.py:830} INFO - Processing file /root/airflow_env/lib/python3.10/site-packages/airflow/example_dags/example_sla_dag.py for tasks to queue
[2025-08-06T10:02:50.911-0300] {logging_mixin.py:188} INFO - [2025-08-06T10:02:50.911-0300] {dagbag.py:538} INFO - Filling up the DagBag from /root/airflow_env/lib/python3.10/site-packages/airflow/example_dags/example_sla_dag.py
[2025-08-06T10:02:50.942-0300] {processor.py:840} INFO - DAG(s) 'example_sla_dag' retrieved from /root/airflow_env/lib/python3.10/site-packages/airflow/example_dags/example_sla_dag.py
[2025-08-06T10:02:50.990-0300] {logging_mixin.py:188} INFO - [2025-08-06T10:02:50.990-0300] {dag.py:3036} INFO - Sync 1 DAGs
[2025-08-06T10:02:51.113-0300] {logging_mixin.py:188} INFO - [2025-08-06T10:02:51.113-0300] {dag.py:3823} INFO - Setting next_dagrun for example_sla_dag to 2025-08-06 13:00:00+00:00, run_after=2025-08-06 13:02:00+00:00
[2025-08-06T10:02:51.160-0300] {processor.py:183} INFO - Processing /root/airflow_env/lib/python3.10/site-packages/airflow/example_dags/example_sla_dag.py took 0.265 seconds
[2025-08-06T10:04:18.232-0300] {processor.py:161} INFO - Started process (PID=102659) to work on /root/airflow_env/lib/python3.10/site-packages/airflow/example_dags/example_sla_dag.py
[2025-08-06T10:04:18.236-0300] {processor.py:830} INFO - Processing file /root/airflow_env/lib/python3.10/site-packages/airflow/example_dags/example_sla_dag.py for tasks to queue
[2025-08-06T10:04:18.238-0300] {logging_mixin.py:188} INFO - [2025-08-06T10:04:18.237-0300] {dagbag.py:538} INFO - Filling up the DagBag from /root/airflow_env/lib/python3.10/site-packages/airflow/example_dags/example_sla_dag.py
[2025-08-06T10:04:18.262-0300] {processor.py:840} INFO - DAG(s) 'example_sla_dag' retrieved from /root/airflow_env/lib/python3.10/site-packages/airflow/example_dags/example_sla_dag.py
[2025-08-06T10:04:18.303-0300] {logging_mixin.py:188} INFO - [2025-08-06T10:04:18.303-0300] {dag.py:3036} INFO - Sync 1 DAGs
[2025-08-06T10:04:18.430-0300] {logging_mixin.py:188} INFO - [2025-08-06T10:04:18.430-0300] {dag.py:3823} INFO - Setting next_dagrun for example_sla_dag to 2025-08-06 13:02:00+00:00, run_after=2025-08-06 13:04:00+00:00
[2025-08-06T10:04:18.481-0300] {processor.py:183} INFO - Processing /root/airflow_env/lib/python3.10/site-packages/airflow/example_dags/example_sla_dag.py took 0.257 seconds
[2025-08-06T10:05:19.955-0300] {processor.py:161} INFO - Started process (PID=102697) to work on /root/airflow_env/lib/python3.10/site-packages/airflow/example_dags/example_sla_dag.py
[2025-08-06T10:05:19.991-0300] {processor.py:830} INFO - Processing file /root/airflow_env/lib/python3.10/site-packages/airflow/example_dags/example_sla_dag.py for tasks to queue
[2025-08-06T10:05:19.994-0300] {logging_mixin.py:188} INFO - [2025-08-06T10:05:19.993-0300] {dagbag.py:538} INFO - Filling up the DagBag from /root/airflow_env/lib/python3.10/site-packages/airflow/example_dags/example_sla_dag.py
[2025-08-06T10:05:20.068-0300] {processor.py:840} INFO - DAG(s) 'example_sla_dag' retrieved from /root/airflow_env/lib/python3.10/site-packages/airflow/example_dags/example_sla_dag.py
[2025-08-06T10:05:20.202-0300] {logging_mixin.py:188} INFO - [2025-08-06T10:05:20.202-0300] {dag.py:3036} INFO - Sync 1 DAGs
[2025-08-06T10:05:20.381-0300] {logging_mixin.py:188} INFO - [2025-08-06T10:05:20.380-0300] {dag.py:3823} INFO - Setting next_dagrun for example_sla_dag to 2025-08-06 13:02:00+00:00, run_after=2025-08-06 13:04:00+00:00
[2025-08-06T10:05:20.877-0300] {processor.py:183} INFO - Processing /root/airflow_env/lib/python3.10/site-packages/airflow/example_dags/example_sla_dag.py took 0.954 seconds
[2025-08-06T10:06:21.840-0300] {processor.py:161} INFO - Started process (PID=102729) to work on /root/airflow_env/lib/python3.10/site-packages/airflow/example_dags/example_sla_dag.py
[2025-08-06T10:06:21.850-0300] {processor.py:830} INFO - Processing file /root/airflow_env/lib/python3.10/site-packages/airflow/example_dags/example_sla_dag.py for tasks to queue
[2025-08-06T10:06:21.852-0300] {logging_mixin.py:188} INFO - [2025-08-06T10:06:21.851-0300] {dagbag.py:538} INFO - Filling up the DagBag from /root/airflow_env/lib/python3.10/site-packages/airflow/example_dags/example_sla_dag.py
[2025-08-06T10:06:21.876-0300] {processor.py:840} INFO - DAG(s) 'example_sla_dag' retrieved from /root/airflow_env/lib/python3.10/site-packages/airflow/example_dags/example_sla_dag.py
[2025-08-06T10:06:21.911-0300] {logging_mixin.py:188} INFO - [2025-08-06T10:06:21.911-0300] {dag.py:3036} INFO - Sync 1 DAGs
[2025-08-06T10:06:21.968-0300] {logging_mixin.py:188} INFO - [2025-08-06T10:06:21.967-0300] {dag.py:3823} INFO - Setting next_dagrun for example_sla_dag to 2025-08-06 13:04:00+00:00, run_after=2025-08-06 13:06:00+00:00
[2025-08-06T10:06:22.024-0300] {processor.py:183} INFO - Processing /root/airflow_env/lib/python3.10/site-packages/airflow/example_dags/example_sla_dag.py took 0.193 seconds
