[2025-08-06T10:00:53.431-0300] {processor.py:161} INFO - Started process (PID=102514) to work on /root/airflow_env/lib/python3.10/site-packages/airflow/example_dags/example_python_decorator.py
[2025-08-06T10:00:53.436-0300] {processor.py:830} INFO - Processing file /root/airflow_env/lib/python3.10/site-packages/airflow/example_dags/example_python_decorator.py for tasks to queue
[2025-08-06T10:00:53.441-0300] {logging_mixin.py:188} INFO - [2025-08-06T10:00:53.438-0300] {dagbag.py:538} INFO - Filling up the DagBag from /root/airflow_env/lib/python3.10/site-packages/airflow/example_dags/example_python_decorator.py
[2025-08-06T10:00:53.505-0300] {processor.py:840} INFO - DAG(s) 'example_python_decorator' retrieved from /root/airflow_env/lib/python3.10/site-packages/airflow/example_dags/example_python_decorator.py
[2025-08-06T10:00:53.570-0300] {logging_mixin.py:188} INFO - [2025-08-06T10:00:53.570-0300] {dag.py:3036} INFO - Sync 1 DAGs
[2025-08-06T10:00:53.053-0300] {logging_mixin.py:188} INFO - [2025-08-06T10:00:53.053-0300] {dag.py:3823} INFO - Setting next_dagrun for example_python_decorator to None, run_after=None
[2025-08-06T10:00:53.127-0300] {processor.py:183} INFO - Processing /root/airflow_env/lib/python3.10/site-packages/airflow/example_dags/example_python_decorator.py took 0.276 seconds
[2025-08-06T10:01:59.238-0300] {processor.py:161} INFO - Started process (PID=102589) to work on /root/airflow_env/lib/python3.10/site-packages/airflow/example_dags/example_python_decorator.py
[2025-08-06T10:01:59.279-0300] {processor.py:830} INFO - Processing file /root/airflow_env/lib/python3.10/site-packages/airflow/example_dags/example_python_decorator.py for tasks to queue
[2025-08-06T10:01:59.282-0300] {logging_mixin.py:188} INFO - [2025-08-06T10:01:59.281-0300] {dagbag.py:538} INFO - Filling up the DagBag from /root/airflow_env/lib/python3.10/site-packages/airflow/example_dags/example_python_decorator.py
[2025-08-06T10:01:59.308-0300] {processor.py:840} INFO - DAG(s) 'example_python_decorator' retrieved from /root/airflow_env/lib/python3.10/site-packages/airflow/example_dags/example_python_decorator.py
[2025-08-06T10:01:59.343-0300] {logging_mixin.py:188} INFO - [2025-08-06T10:01:59.343-0300] {dag.py:3036} INFO - Sync 1 DAGs
[2025-08-06T10:01:59.372-0300] {logging_mixin.py:188} INFO - [2025-08-06T10:01:59.371-0300] {dag.py:3823} INFO - Setting next_dagrun for example_python_decorator to None, run_after=None
[2025-08-06T10:01:59.680-0300] {processor.py:183} INFO - Processing /root/airflow_env/lib/python3.10/site-packages/airflow/example_dags/example_python_decorator.py took 0.448 seconds
[2025-08-06T10:03:49.361-0300] {processor.py:161} INFO - Started process (PID=102637) to work on /root/airflow_env/lib/python3.10/site-packages/airflow/example_dags/example_python_decorator.py
[2025-08-06T10:03:49.372-0300] {processor.py:830} INFO - Processing file /root/airflow_env/lib/python3.10/site-packages/airflow/example_dags/example_python_decorator.py for tasks to queue
[2025-08-06T10:03:49.374-0300] {logging_mixin.py:188} INFO - [2025-08-06T10:03:49.373-0300] {dagbag.py:538} INFO - Filling up the DagBag from /root/airflow_env/lib/python3.10/site-packages/airflow/example_dags/example_python_decorator.py
[2025-08-06T10:03:49.425-0300] {processor.py:840} INFO - DAG(s) 'example_python_decorator' retrieved from /root/airflow_env/lib/python3.10/site-packages/airflow/example_dags/example_python_decorator.py
[2025-08-06T10:03:49.466-0300] {logging_mixin.py:188} INFO - [2025-08-06T10:03:49.466-0300] {dag.py:3036} INFO - Sync 1 DAGs
[2025-08-06T10:03:49.494-0300] {logging_mixin.py:188} INFO - [2025-08-06T10:03:49.493-0300] {dag.py:3823} INFO - Setting next_dagrun for example_python_decorator to None, run_after=None
[2025-08-06T10:03:49.553-0300] {processor.py:183} INFO - Processing /root/airflow_env/lib/python3.10/site-packages/airflow/example_dags/example_python_decorator.py took 0.203 seconds
[2025-08-06T10:05:41.108-0300] {processor.py:161} INFO - Started process (PID=102707) to work on /root/airflow_env/lib/python3.10/site-packages/airflow/example_dags/example_python_decorator.py
[2025-08-06T10:05:41.389-0300] {processor.py:830} INFO - Processing file /root/airflow_env/lib/python3.10/site-packages/airflow/example_dags/example_python_decorator.py for tasks to queue
[2025-08-06T10:05:41.393-0300] {logging_mixin.py:188} INFO - [2025-08-06T10:05:41.391-0300] {dagbag.py:538} INFO - Filling up the DagBag from /root/airflow_env/lib/python3.10/site-packages/airflow/example_dags/example_python_decorator.py
[2025-08-06T10:05:41.428-0300] {processor.py:840} INFO - DAG(s) 'example_python_decorator' retrieved from /root/airflow_env/lib/python3.10/site-packages/airflow/example_dags/example_python_decorator.py
[2025-08-06T10:05:41.461-0300] {logging_mixin.py:188} INFO - [2025-08-06T10:05:41.461-0300] {dag.py:3036} INFO - Sync 1 DAGs
[2025-08-06T10:05:41.483-0300] {logging_mixin.py:188} INFO - [2025-08-06T10:05:41.482-0300] {dag.py:3823} INFO - Setting next_dagrun for example_python_decorator to None, run_after=None
[2025-08-06T10:05:47.741-0300] {processor.py:183} INFO - Processing /root/airflow_env/lib/python3.10/site-packages/airflow/example_dags/example_python_decorator.py took 7.243 seconds
