[2025-08-06T10:00:28.070-0300] {processor.py:161} INFO - Started process (PID=102421) to work on /root/airflow_env/lib/python3.10/site-packages/airflow/example_dags/example_time_delta_sensor_async.py
[2025-08-06T10:00:28.073-0300] {processor.py:830} INFO - Processing file /root/airflow_env/lib/python3.10/site-packages/airflow/example_dags/example_time_delta_sensor_async.py for tasks to queue
[2025-08-06T10:00:28.075-0300] {logging_mixin.py:188} INFO - [2025-08-06T10:00:28.074-0300] {dagbag.py:538} INFO - Filling up the DagBag from /root/airflow_env/lib/python3.10/site-packages/airflow/example_dags/example_time_delta_sensor_async.py
[2025-08-06T10:00:28.098-0300] {processor.py:840} INFO - DAG(s) 'example_time_delta_sensor_async' retrieved from /root/airflow_env/lib/python3.10/site-packages/airflow/example_dags/example_time_delta_sensor_async.py
[2025-08-06T10:00:28.147-0300] {logging_mixin.py:188} INFO - [2025-08-06T10:00:28.145-0300] {dag.py:3036} INFO - Sync 1 DAGs
[2025-08-06T10:00:28.186-0300] {logging_mixin.py:188} INFO - [2025-08-06T10:00:28.185-0300] {dag.py:3823} INFO - Setting next_dagrun for example_time_delta_sensor_async to None, run_after=None
[2025-08-06T10:00:28.267-0300] {processor.py:183} INFO - Processing /root/airflow_env/lib/python3.10/site-packages/airflow/example_dags/example_time_delta_sensor_async.py took 0.208 seconds
[2025-08-06T10:01:27.868-0300] {processor.py:161} INFO - Started process (PID=102561) to work on /root/airflow_env/lib/python3.10/site-packages/airflow/example_dags/example_time_delta_sensor_async.py
[2025-08-06T10:01:27.873-0300] {processor.py:830} INFO - Processing file /root/airflow_env/lib/python3.10/site-packages/airflow/example_dags/example_time_delta_sensor_async.py for tasks to queue
[2025-08-06T10:01:27.876-0300] {logging_mixin.py:188} INFO - [2025-08-06T10:01:27.875-0300] {dagbag.py:538} INFO - Filling up the DagBag from /root/airflow_env/lib/python3.10/site-packages/airflow/example_dags/example_time_delta_sensor_async.py
[2025-08-06T10:01:27.893-0300] {processor.py:840} INFO - DAG(s) 'example_time_delta_sensor_async' retrieved from /root/airflow_env/lib/python3.10/site-packages/airflow/example_dags/example_time_delta_sensor_async.py
[2025-08-06T10:01:27.941-0300] {logging_mixin.py:188} INFO - [2025-08-06T10:01:27.940-0300] {dag.py:3036} INFO - Sync 1 DAGs
[2025-08-06T10:01:27.984-0300] {logging_mixin.py:188} INFO - [2025-08-06T10:01:27.984-0300] {dag.py:3823} INFO - Setting next_dagrun for example_time_delta_sensor_async to None, run_after=None
[2025-08-06T10:01:28.061-0300] {processor.py:183} INFO - Processing /root/airflow_env/lib/python3.10/site-packages/airflow/example_dags/example_time_delta_sensor_async.py took 0.199 seconds
[2025-08-06T10:02:57.408-0300] {processor.py:161} INFO - Started process (PID=102620) to work on /root/airflow_env/lib/python3.10/site-packages/airflow/example_dags/example_time_delta_sensor_async.py
[2025-08-06T10:02:57.411-0300] {processor.py:830} INFO - Processing file /root/airflow_env/lib/python3.10/site-packages/airflow/example_dags/example_time_delta_sensor_async.py for tasks to queue
[2025-08-06T10:02:57.413-0300] {logging_mixin.py:188} INFO - [2025-08-06T10:02:57.412-0300] {dagbag.py:538} INFO - Filling up the DagBag from /root/airflow_env/lib/python3.10/site-packages/airflow/example_dags/example_time_delta_sensor_async.py
[2025-08-06T10:02:57.429-0300] {processor.py:840} INFO - DAG(s) 'example_time_delta_sensor_async' retrieved from /root/airflow_env/lib/python3.10/site-packages/airflow/example_dags/example_time_delta_sensor_async.py
[2025-08-06T10:02:57.478-0300] {logging_mixin.py:188} INFO - [2025-08-06T10:02:57.477-0300] {dag.py:3036} INFO - Sync 1 DAGs
[2025-08-06T10:02:57.516-0300] {logging_mixin.py:188} INFO - [2025-08-06T10:02:57.516-0300] {dag.py:3823} INFO - Setting next_dagrun for example_time_delta_sensor_async to None, run_after=None
[2025-08-06T10:02:57.589-0300] {processor.py:183} INFO - Processing /root/airflow_env/lib/python3.10/site-packages/airflow/example_dags/example_time_delta_sensor_async.py took 0.197 seconds
[2025-08-06T10:04:24.657-0300] {processor.py:161} INFO - Started process (PID=102664) to work on /root/airflow_env/lib/python3.10/site-packages/airflow/example_dags/example_time_delta_sensor_async.py
[2025-08-06T10:04:24.659-0300] {processor.py:830} INFO - Processing file /root/airflow_env/lib/python3.10/site-packages/airflow/example_dags/example_time_delta_sensor_async.py for tasks to queue
[2025-08-06T10:04:24.661-0300] {logging_mixin.py:188} INFO - [2025-08-06T10:04:24.661-0300] {dagbag.py:538} INFO - Filling up the DagBag from /root/airflow_env/lib/python3.10/site-packages/airflow/example_dags/example_time_delta_sensor_async.py
[2025-08-06T10:04:24.678-0300] {processor.py:840} INFO - DAG(s) 'example_time_delta_sensor_async' retrieved from /root/airflow_env/lib/python3.10/site-packages/airflow/example_dags/example_time_delta_sensor_async.py
[2025-08-06T10:04:24.734-0300] {logging_mixin.py:188} INFO - [2025-08-06T10:04:24.733-0300] {dag.py:3036} INFO - Sync 1 DAGs
[2025-08-06T10:04:24.766-0300] {logging_mixin.py:188} INFO - [2025-08-06T10:04:24.766-0300] {dag.py:3823} INFO - Setting next_dagrun for example_time_delta_sensor_async to None, run_after=None
[2025-08-06T10:04:24.815-0300] {processor.py:183} INFO - Processing /root/airflow_env/lib/python3.10/site-packages/airflow/example_dags/example_time_delta_sensor_async.py took 0.167 seconds
[2025-08-06T10:06:29.043-0300] {processor.py:161} INFO - Started process (PID=102734) to work on /root/airflow_env/lib/python3.10/site-packages/airflow/example_dags/example_time_delta_sensor_async.py
[2025-08-06T10:06:29.057-0300] {processor.py:830} INFO - Processing file /root/airflow_env/lib/python3.10/site-packages/airflow/example_dags/example_time_delta_sensor_async.py for tasks to queue
[2025-08-06T10:06:29.060-0300] {logging_mixin.py:188} INFO - [2025-08-06T10:06:29.059-0300] {dagbag.py:538} INFO - Filling up the DagBag from /root/airflow_env/lib/python3.10/site-packages/airflow/example_dags/example_time_delta_sensor_async.py
[2025-08-06T10:06:29.119-0300] {processor.py:840} INFO - DAG(s) 'example_time_delta_sensor_async' retrieved from /root/airflow_env/lib/python3.10/site-packages/airflow/example_dags/example_time_delta_sensor_async.py
[2025-08-06T10:06:29.235-0300] {logging_mixin.py:188} INFO - [2025-08-06T10:06:29.234-0300] {dag.py:3036} INFO - Sync 1 DAGs
[2025-08-06T10:06:29.319-0300] {logging_mixin.py:188} INFO - [2025-08-06T10:06:29.319-0300] {dag.py:3823} INFO - Setting next_dagrun for example_time_delta_sensor_async to None, run_after=None
[2025-08-06T10:06:29.449-0300] {processor.py:183} INFO - Processing /root/airflow_env/lib/python3.10/site-packages/airflow/example_dags/example_time_delta_sensor_async.py took 0.428 seconds
