[2025-08-06T10:00:35.063-0300] {processor.py:161} INFO - Started process (PID=102425) to work on /root/airflow_env/lib/python3.10/site-packages/airflow/example_dags/example_sensor_decorator.py
[2025-08-06T10:00:35.093-0300] {processor.py:830} INFO - Processing file /root/airflow_env/lib/python3.10/site-packages/airflow/example_dags/example_sensor_decorator.py for tasks to queue
[2025-08-06T10:00:35.113-0300] {logging_mixin.py:188} INFO - [2025-08-06T10:00:35.103-0300] {dagbag.py:538} INFO - Filling up the DagBag from /root/airflow_env/lib/python3.10/site-packages/airflow/example_dags/example_sensor_decorator.py
[2025-08-06T10:00:35.255-0300] {processor.py:840} INFO - DAG(s) 'example_sensor_decorator' retrieved from /root/airflow_env/lib/python3.10/site-packages/airflow/example_dags/example_sensor_decorator.py
[2025-08-06T10:00:35.605-0300] {logging_mixin.py:188} INFO - [2025-08-06T10:00:35.605-0300] {dag.py:3036} INFO - Sync 1 DAGs
[2025-08-06T10:00:35.699-0300] {logging_mixin.py:188} INFO - [2025-08-06T10:00:35.698-0300] {dag.py:3823} INFO - Setting next_dagrun for example_sensor_decorator to None, run_after=None
[2025-08-06T10:00:35.820-0300] {processor.py:183} INFO - Processing /root/airflow_env/lib/python3.10/site-packages/airflow/example_dags/example_sensor_decorator.py took 0.767 seconds
[2025-08-06T10:01:44.554-0300] {processor.py:161} INFO - Started process (PID=102578) to work on /root/airflow_env/lib/python3.10/site-packages/airflow/example_dags/example_sensor_decorator.py
[2025-08-06T10:01:44.556-0300] {processor.py:830} INFO - Processing file /root/airflow_env/lib/python3.10/site-packages/airflow/example_dags/example_sensor_decorator.py for tasks to queue
[2025-08-06T10:01:44.558-0300] {logging_mixin.py:188} INFO - [2025-08-06T10:01:44.558-0300] {dagbag.py:538} INFO - Filling up the DagBag from /root/airflow_env/lib/python3.10/site-packages/airflow/example_dags/example_sensor_decorator.py
[2025-08-06T10:01:44.577-0300] {processor.py:840} INFO - DAG(s) 'example_sensor_decorator' retrieved from /root/airflow_env/lib/python3.10/site-packages/airflow/example_dags/example_sensor_decorator.py
[2025-08-06T10:01:44.616-0300] {logging_mixin.py:188} INFO - [2025-08-06T10:01:44.615-0300] {dag.py:3036} INFO - Sync 1 DAGs
[2025-08-06T10:01:44.644-0300] {logging_mixin.py:188} INFO - [2025-08-06T10:01:44.643-0300] {dag.py:3823} INFO - Setting next_dagrun for example_sensor_decorator to None, run_after=None
[2025-08-06T10:01:44.713-0300] {processor.py:183} INFO - Processing /root/airflow_env/lib/python3.10/site-packages/airflow/example_dags/example_sensor_decorator.py took 0.168 seconds
[2025-08-06T10:03:02.108-0300] {processor.py:161} INFO - Started process (PID=102624) to work on /root/airflow_env/lib/python3.10/site-packages/airflow/example_dags/example_sensor_decorator.py
[2025-08-06T10:03:02.112-0300] {processor.py:830} INFO - Processing file /root/airflow_env/lib/python3.10/site-packages/airflow/example_dags/example_sensor_decorator.py for tasks to queue
[2025-08-06T10:03:02.116-0300] {logging_mixin.py:188} INFO - [2025-08-06T10:03:02.114-0300] {dagbag.py:538} INFO - Filling up the DagBag from /root/airflow_env/lib/python3.10/site-packages/airflow/example_dags/example_sensor_decorator.py
[2025-08-06T10:03:02.135-0300] {processor.py:840} INFO - DAG(s) 'example_sensor_decorator' retrieved from /root/airflow_env/lib/python3.10/site-packages/airflow/example_dags/example_sensor_decorator.py
[2025-08-06T10:03:02.167-0300] {logging_mixin.py:188} INFO - [2025-08-06T10:03:02.167-0300] {dag.py:3036} INFO - Sync 1 DAGs
[2025-08-06T10:03:02.193-0300] {logging_mixin.py:188} INFO - [2025-08-06T10:03:02.192-0300] {dag.py:3823} INFO - Setting next_dagrun for example_sensor_decorator to None, run_after=None
[2025-08-06T10:03:02.517-0300] {processor.py:183} INFO - Processing /root/airflow_env/lib/python3.10/site-packages/airflow/example_dags/example_sensor_decorator.py took 0.420 seconds
[2025-08-06T10:04:29.507-0300] {processor.py:161} INFO - Started process (PID=102670) to work on /root/airflow_env/lib/python3.10/site-packages/airflow/example_dags/example_sensor_decorator.py
[2025-08-06T10:04:29.511-0300] {processor.py:830} INFO - Processing file /root/airflow_env/lib/python3.10/site-packages/airflow/example_dags/example_sensor_decorator.py for tasks to queue
[2025-08-06T10:04:29.513-0300] {logging_mixin.py:188} INFO - [2025-08-06T10:04:29.512-0300] {dagbag.py:538} INFO - Filling up the DagBag from /root/airflow_env/lib/python3.10/site-packages/airflow/example_dags/example_sensor_decorator.py
[2025-08-06T10:04:29.539-0300] {processor.py:840} INFO - DAG(s) 'example_sensor_decorator' retrieved from /root/airflow_env/lib/python3.10/site-packages/airflow/example_dags/example_sensor_decorator.py
[2025-08-06T10:04:29.606-0300] {logging_mixin.py:188} INFO - [2025-08-06T10:04:29.605-0300] {dag.py:3036} INFO - Sync 1 DAGs
[2025-08-06T10:04:29.718-0300] {logging_mixin.py:188} INFO - [2025-08-06T10:04:29.717-0300] {dag.py:3823} INFO - Setting next_dagrun for example_sensor_decorator to None, run_after=None
[2025-08-06T10:04:29.974-0300] {processor.py:183} INFO - Processing /root/airflow_env/lib/python3.10/site-packages/airflow/example_dags/example_sensor_decorator.py took 0.479 seconds
[2025-08-06T10:06:34.817-0300] {processor.py:161} INFO - Started process (PID=102738) to work on /root/airflow_env/lib/python3.10/site-packages/airflow/example_dags/example_sensor_decorator.py
[2025-08-06T10:06:34.860-0300] {processor.py:830} INFO - Processing file /root/airflow_env/lib/python3.10/site-packages/airflow/example_dags/example_sensor_decorator.py for tasks to queue
[2025-08-06T10:06:34.863-0300] {logging_mixin.py:188} INFO - [2025-08-06T10:06:34.862-0300] {dagbag.py:538} INFO - Filling up the DagBag from /root/airflow_env/lib/python3.10/site-packages/airflow/example_dags/example_sensor_decorator.py
[2025-08-06T10:06:34.915-0300] {processor.py:840} INFO - DAG(s) 'example_sensor_decorator' retrieved from /root/airflow_env/lib/python3.10/site-packages/airflow/example_dags/example_sensor_decorator.py
[2025-08-06T10:06:35.048-0300] {logging_mixin.py:188} INFO - [2025-08-06T10:06:35.047-0300] {dag.py:3036} INFO - Sync 1 DAGs
[2025-08-06T10:06:35.159-0300] {logging_mixin.py:188} INFO - [2025-08-06T10:06:35.158-0300] {dag.py:3823} INFO - Setting next_dagrun for example_sensor_decorator to None, run_after=None
[2025-08-06T10:06:35.313-0300] {processor.py:183} INFO - Processing /root/airflow_env/lib/python3.10/site-packages/airflow/example_dags/example_sensor_decorator.py took 0.525 seconds
