[2025-08-06T10:01:02.170-0300] {processor.py:161} INFO - Started process (PID=102537) to work on /root/airflow_env/lib/python3.10/site-packages/airflow/example_dags/example_branch_python_dop_operator_3.py
[2025-08-06T10:01:02.174-0300] {processor.py:830} INFO - Processing file /root/airflow_env/lib/python3.10/site-packages/airflow/example_dags/example_branch_python_dop_operator_3.py for tasks to queue
[2025-08-06T10:01:02.176-0300] {logging_mixin.py:188} INFO - [2025-08-06T10:01:02.175-0300] {dagbag.py:538} INFO - Filling up the DagBag from /root/airflow_env/lib/python3.10/site-packages/airflow/example_dags/example_branch_python_dop_operator_3.py
[2025-08-06T10:01:02.208-0300] {processor.py:840} INFO - DAG(s) 'example_branch_dop_operator_v3' retrieved from /root/airflow_env/lib/python3.10/site-packages/airflow/example_dags/example_branch_python_dop_operator_3.py
[2025-08-06T10:01:02.248-0300] {logging_mixin.py:188} INFO - [2025-08-06T10:01:02.247-0300] {dag.py:3036} INFO - Sync 1 DAGs
[2025-08-06T10:01:02.296-0300] {logging_mixin.py:188} INFO - [2025-08-06T10:01:02.296-0300] {dag.py:3823} INFO - Setting next_dagrun for example_branch_dop_operator_v3 to 2025-08-06 13:00:00+00:00, run_after=2025-08-06 13:01:00+00:00
[2025-08-06T10:01:02.522-0300] {processor.py:183} INFO - Processing /root/airflow_env/lib/python3.10/site-packages/airflow/example_dags/example_branch_python_dop_operator_3.py took 0.361 seconds
[2025-08-06T10:02:25.671-0300] {processor.py:161} INFO - Started process (PID=102597) to work on /root/airflow_env/lib/python3.10/site-packages/airflow/example_dags/example_branch_python_dop_operator_3.py
[2025-08-06T10:02:25.766-0300] {processor.py:830} INFO - Processing file /root/airflow_env/lib/python3.10/site-packages/airflow/example_dags/example_branch_python_dop_operator_3.py for tasks to queue
[2025-08-06T10:02:25.769-0300] {logging_mixin.py:188} INFO - [2025-08-06T10:02:25.768-0300] {dagbag.py:538} INFO - Filling up the DagBag from /root/airflow_env/lib/python3.10/site-packages/airflow/example_dags/example_branch_python_dop_operator_3.py
[2025-08-06T10:02:25.796-0300] {processor.py:840} INFO - DAG(s) 'example_branch_dop_operator_v3' retrieved from /root/airflow_env/lib/python3.10/site-packages/airflow/example_dags/example_branch_python_dop_operator_3.py
[2025-08-06T10:02:25.852-0300] {logging_mixin.py:188} INFO - [2025-08-06T10:02:25.851-0300] {dag.py:3036} INFO - Sync 1 DAGs
[2025-08-06T10:02:25.905-0300] {logging_mixin.py:188} INFO - [2025-08-06T10:02:25.904-0300] {dag.py:3823} INFO - Setting next_dagrun for example_branch_dop_operator_v3 to 2025-08-06 13:01:00+00:00, run_after=2025-08-06 13:02:00+00:00
[2025-08-06T10:02:28.625-0300] {processor.py:183} INFO - Processing /root/airflow_env/lib/python3.10/site-packages/airflow/example_dags/example_branch_python_dop_operator_3.py took 2.965 seconds
[2025-08-06T10:04:49.557-0300] {processor.py:161} INFO - Started process (PID=102682) to work on /root/airflow_env/lib/python3.10/site-packages/airflow/example_dags/example_branch_python_dop_operator_3.py
[2025-08-06T10:04:49.561-0300] {processor.py:830} INFO - Processing file /root/airflow_env/lib/python3.10/site-packages/airflow/example_dags/example_branch_python_dop_operator_3.py for tasks to queue
[2025-08-06T10:04:49.574-0300] {logging_mixin.py:188} INFO - [2025-08-06T10:04:49.573-0300] {dagbag.py:538} INFO - Filling up the DagBag from /root/airflow_env/lib/python3.10/site-packages/airflow/example_dags/example_branch_python_dop_operator_3.py
[2025-08-06T10:04:49.662-0300] {processor.py:840} INFO - DAG(s) 'example_branch_dop_operator_v3' retrieved from /root/airflow_env/lib/python3.10/site-packages/airflow/example_dags/example_branch_python_dop_operator_3.py
[2025-08-06T10:04:49.805-0300] {logging_mixin.py:188} INFO - [2025-08-06T10:04:49.804-0300] {dag.py:3036} INFO - Sync 1 DAGs
[2025-08-06T10:04:50.031-0300] {logging_mixin.py:188} INFO - [2025-08-06T10:04:50.030-0300] {dag.py:3823} INFO - Setting next_dagrun for example_branch_dop_operator_v3 to 2025-08-06 13:03:00+00:00, run_after=2025-08-06 13:04:00+00:00
[2025-08-06T10:04:50.170-0300] {processor.py:183} INFO - Processing /root/airflow_env/lib/python3.10/site-packages/airflow/example_dags/example_branch_python_dop_operator_3.py took 0.646 seconds
