[2025-08-06T10:00:24.197-0300] {processor.py:161} INFO - Started process (PID=102417) to work on /root/airflow_env/lib/python3.10/site-packages/airflow/example_dags/example_task_group.py
[2025-08-06T10:00:24.207-0300] {processor.py:830} INFO - Processing file /root/airflow_env/lib/python3.10/site-packages/airflow/example_dags/example_task_group.py for tasks to queue
[2025-08-06T10:00:24.211-0300] {logging_mixin.py:188} INFO - [2025-08-06T10:00:24.209-0300] {dagbag.py:538} INFO - Filling up the DagBag from /root/airflow_env/lib/python3.10/site-packages/airflow/example_dags/example_task_group.py
[2025-08-06T10:00:24.297-0300] {processor.py:840} INFO - DAG(s) 'example_task_group' retrieved from /root/airflow_env/lib/python3.10/site-packages/airflow/example_dags/example_task_group.py
[2025-08-06T10:00:25.335-0300] {logging_mixin.py:188} INFO - [2025-08-06T10:00:25.334-0300] {dag.py:3036} INFO - Sync 1 DAGs
[2025-08-06T10:00:25.473-0300] {logging_mixin.py:188} INFO - [2025-08-06T10:00:25.472-0300] {dag.py:3823} INFO - Setting next_dagrun for example_task_group to 2025-08-05 00:00:00+00:00, run_after=2025-08-06 00:00:00+00:00
[2025-08-06T10:00:25.576-0300] {processor.py:183} INFO - Processing /root/airflow_env/lib/python3.10/site-packages/airflow/example_dags/example_task_group.py took 1.413 seconds
[2025-08-06T10:01:25.231-0300] {processor.py:161} INFO - Started process (PID=102559) to work on /root/airflow_env/lib/python3.10/site-packages/airflow/example_dags/example_task_group.py
[2025-08-06T10:01:25.234-0300] {processor.py:830} INFO - Processing file /root/airflow_env/lib/python3.10/site-packages/airflow/example_dags/example_task_group.py for tasks to queue
[2025-08-06T10:01:25.236-0300] {logging_mixin.py:188} INFO - [2025-08-06T10:01:25.235-0300] {dagbag.py:538} INFO - Filling up the DagBag from /root/airflow_env/lib/python3.10/site-packages/airflow/example_dags/example_task_group.py
[2025-08-06T10:01:25.254-0300] {processor.py:840} INFO - DAG(s) 'example_task_group' retrieved from /root/airflow_env/lib/python3.10/site-packages/airflow/example_dags/example_task_group.py
[2025-08-06T10:01:25.287-0300] {logging_mixin.py:188} INFO - [2025-08-06T10:01:25.287-0300] {dag.py:3036} INFO - Sync 1 DAGs
[2025-08-06T10:01:25.329-0300] {logging_mixin.py:188} INFO - [2025-08-06T10:01:25.328-0300] {dag.py:3823} INFO - Setting next_dagrun for example_task_group to 2025-08-05 00:00:00+00:00, run_after=2025-08-06 00:00:00+00:00
[2025-08-06T10:01:25.373-0300] {processor.py:183} INFO - Processing /root/airflow_env/lib/python3.10/site-packages/airflow/example_dags/example_task_group.py took 0.150 seconds
[2025-08-06T10:02:54.791-0300] {processor.py:161} INFO - Started process (PID=102618) to work on /root/airflow_env/lib/python3.10/site-packages/airflow/example_dags/example_task_group.py
[2025-08-06T10:02:54.796-0300] {processor.py:830} INFO - Processing file /root/airflow_env/lib/python3.10/site-packages/airflow/example_dags/example_task_group.py for tasks to queue
[2025-08-06T10:02:54.798-0300] {logging_mixin.py:188} INFO - [2025-08-06T10:02:54.797-0300] {dagbag.py:538} INFO - Filling up the DagBag from /root/airflow_env/lib/python3.10/site-packages/airflow/example_dags/example_task_group.py
[2025-08-06T10:02:54.845-0300] {processor.py:840} INFO - DAG(s) 'example_task_group' retrieved from /root/airflow_env/lib/python3.10/site-packages/airflow/example_dags/example_task_group.py
[2025-08-06T10:02:54.961-0300] {logging_mixin.py:188} INFO - [2025-08-06T10:02:54.960-0300] {dag.py:3036} INFO - Sync 1 DAGs
[2025-08-06T10:02:55.123-0300] {logging_mixin.py:188} INFO - [2025-08-06T10:02:55.123-0300] {dag.py:3823} INFO - Setting next_dagrun for example_task_group to 2025-08-05 00:00:00+00:00, run_after=2025-08-06 00:00:00+00:00
[2025-08-06T10:02:55.188-0300] {processor.py:183} INFO - Processing /root/airflow_env/lib/python3.10/site-packages/airflow/example_dags/example_task_group.py took 0.414 seconds
[2025-08-06T10:04:22.153-0300] {processor.py:161} INFO - Started process (PID=102662) to work on /root/airflow_env/lib/python3.10/site-packages/airflow/example_dags/example_task_group.py
[2025-08-06T10:04:22.169-0300] {processor.py:830} INFO - Processing file /root/airflow_env/lib/python3.10/site-packages/airflow/example_dags/example_task_group.py for tasks to queue
[2025-08-06T10:04:22.172-0300] {logging_mixin.py:188} INFO - [2025-08-06T10:04:22.171-0300] {dagbag.py:538} INFO - Filling up the DagBag from /root/airflow_env/lib/python3.10/site-packages/airflow/example_dags/example_task_group.py
[2025-08-06T10:04:22.200-0300] {processor.py:840} INFO - DAG(s) 'example_task_group' retrieved from /root/airflow_env/lib/python3.10/site-packages/airflow/example_dags/example_task_group.py
[2025-08-06T10:04:22.284-0300] {logging_mixin.py:188} INFO - [2025-08-06T10:04:22.272-0300] {dag.py:3036} INFO - Sync 1 DAGs
[2025-08-06T10:04:22.381-0300] {logging_mixin.py:188} INFO - [2025-08-06T10:04:22.381-0300] {dag.py:3823} INFO - Setting next_dagrun for example_task_group to 2025-08-05 00:00:00+00:00, run_after=2025-08-06 00:00:00+00:00
[2025-08-06T10:04:22.478-0300] {processor.py:183} INFO - Processing /root/airflow_env/lib/python3.10/site-packages/airflow/example_dags/example_task_group.py took 0.348 seconds
[2025-08-06T10:05:28.488-0300] {processor.py:161} INFO - Started process (PID=102700) to work on /root/airflow_env/lib/python3.10/site-packages/airflow/example_dags/example_task_group.py
[2025-08-06T10:05:28.534-0300] {processor.py:830} INFO - Processing file /root/airflow_env/lib/python3.10/site-packages/airflow/example_dags/example_task_group.py for tasks to queue
[2025-08-06T10:05:28.538-0300] {logging_mixin.py:188} INFO - [2025-08-06T10:05:28.537-0300] {dagbag.py:538} INFO - Filling up the DagBag from /root/airflow_env/lib/python3.10/site-packages/airflow/example_dags/example_task_group.py
[2025-08-06T10:05:28.606-0300] {processor.py:840} INFO - DAG(s) 'example_task_group' retrieved from /root/airflow_env/lib/python3.10/site-packages/airflow/example_dags/example_task_group.py
[2025-08-06T10:05:28.751-0300] {logging_mixin.py:188} INFO - [2025-08-06T10:05:28.742-0300] {dag.py:3036} INFO - Sync 1 DAGs
[2025-08-06T10:05:28.900-0300] {logging_mixin.py:188} INFO - [2025-08-06T10:05:28.899-0300] {dag.py:3823} INFO - Setting next_dagrun for example_task_group to 2025-08-05 00:00:00+00:00, run_after=2025-08-06 00:00:00+00:00
[2025-08-06T10:05:29.337-0300] {processor.py:183} INFO - Processing /root/airflow_env/lib/python3.10/site-packages/airflow/example_dags/example_task_group.py took 0.869 seconds
[2025-08-06T10:06:26.244-0300] {processor.py:161} INFO - Started process (PID=102732) to work on /root/airflow_env/lib/python3.10/site-packages/airflow/example_dags/example_task_group.py
[2025-08-06T10:06:26.256-0300] {processor.py:830} INFO - Processing file /root/airflow_env/lib/python3.10/site-packages/airflow/example_dags/example_task_group.py for tasks to queue
[2025-08-06T10:06:26.259-0300] {logging_mixin.py:188} INFO - [2025-08-06T10:06:26.258-0300] {dagbag.py:538} INFO - Filling up the DagBag from /root/airflow_env/lib/python3.10/site-packages/airflow/example_dags/example_task_group.py
[2025-08-06T10:06:26.322-0300] {processor.py:840} INFO - DAG(s) 'example_task_group' retrieved from /root/airflow_env/lib/python3.10/site-packages/airflow/example_dags/example_task_group.py
[2025-08-06T10:06:26.441-0300] {logging_mixin.py:188} INFO - [2025-08-06T10:06:26.440-0300] {dag.py:3036} INFO - Sync 1 DAGs
[2025-08-06T10:06:26.608-0300] {logging_mixin.py:188} INFO - [2025-08-06T10:06:26.608-0300] {dag.py:3823} INFO - Setting next_dagrun for example_task_group to 2025-08-05 00:00:00+00:00, run_after=2025-08-06 00:00:00+00:00
[2025-08-06T10:06:26.739-0300] {processor.py:183} INFO - Processing /root/airflow_env/lib/python3.10/site-packages/airflow/example_dags/example_task_group.py took 0.514 seconds
