[2025-08-06T09:59:01.470-0300] {processor.py:161} INFO - Started process (PID=102024) to work on /root/airflow_env/lib/python3.10/site-packages/airflow/example_dags/example_kubernetes_executor.py
[2025-08-06T09:59:01.484-0300] {processor.py:830} INFO - Processing file /root/airflow_env/lib/python3.10/site-packages/airflow/example_dags/example_kubernetes_executor.py for tasks to queue
[2025-08-06T09:59:01.488-0300] {logging_mixin.py:188} INFO - [2025-08-06T09:59:01.486-0300] {dagbag.py:538} INFO - Filling up the DagBag from /root/airflow_env/lib/python3.10/site-packages/airflow/example_dags/example_kubernetes_executor.py
[2025-08-06T09:59:01.558-0300] {logging_mixin.py:188} INFO - [2025-08-06T09:59:01.558-0300] {example_kubernetes_executor.py:38} WARNING - The example_kubernetes_executor example DAG requires the kubernetes provider. Please install it with: pip install apache-airflow[cncf.kubernetes]
[2025-08-06T09:59:01.559-0300] {processor.py:842} WARNING - No viable dags retrieved from /root/airflow_env/lib/python3.10/site-packages/airflow/example_dags/example_kubernetes_executor.py
[2025-08-06T09:59:01.659-0300] {processor.py:183} INFO - Processing /root/airflow_env/lib/python3.10/site-packages/airflow/example_dags/example_kubernetes_executor.py took 0.222 seconds
[2025-08-06T10:01:34.357-0300] {processor.py:161} INFO - Started process (PID=102566) to work on /root/airflow_env/lib/python3.10/site-packages/airflow/example_dags/example_kubernetes_executor.py
[2025-08-06T10:01:34.363-0300] {processor.py:830} INFO - Processing file /root/airflow_env/lib/python3.10/site-packages/airflow/example_dags/example_kubernetes_executor.py for tasks to queue
[2025-08-06T10:01:34.366-0300] {logging_mixin.py:188} INFO - [2025-08-06T10:01:34.365-0300] {dagbag.py:538} INFO - Filling up the DagBag from /root/airflow_env/lib/python3.10/site-packages/airflow/example_dags/example_kubernetes_executor.py
[2025-08-06T10:01:34.383-0300] {logging_mixin.py:188} INFO - [2025-08-06T10:01:34.382-0300] {example_kubernetes_executor.py:38} WARNING - The example_kubernetes_executor example DAG requires the kubernetes provider. Please install it with: pip install apache-airflow[cncf.kubernetes]
[2025-08-06T10:01:34.384-0300] {processor.py:842} WARNING - No viable dags retrieved from /root/airflow_env/lib/python3.10/site-packages/airflow/example_dags/example_kubernetes_executor.py
[2025-08-06T10:01:34.429-0300] {processor.py:183} INFO - Processing /root/airflow_env/lib/python3.10/site-packages/airflow/example_dags/example_kubernetes_executor.py took 0.085 seconds
[2025-08-06T10:03:53.361-0300] {processor.py:161} INFO - Started process (PID=102641) to work on /root/airflow_env/lib/python3.10/site-packages/airflow/example_dags/example_kubernetes_executor.py
[2025-08-06T10:03:53.366-0300] {processor.py:830} INFO - Processing file /root/airflow_env/lib/python3.10/site-packages/airflow/example_dags/example_kubernetes_executor.py for tasks to queue
[2025-08-06T10:03:53.370-0300] {logging_mixin.py:188} INFO - [2025-08-06T10:03:53.369-0300] {dagbag.py:538} INFO - Filling up the DagBag from /root/airflow_env/lib/python3.10/site-packages/airflow/example_dags/example_kubernetes_executor.py
[2025-08-06T10:03:53.383-0300] {logging_mixin.py:188} INFO - [2025-08-06T10:03:53.382-0300] {example_kubernetes_executor.py:38} WARNING - The example_kubernetes_executor example DAG requires the kubernetes provider. Please install it with: pip install apache-airflow[cncf.kubernetes]
[2025-08-06T10:03:53.384-0300] {processor.py:842} WARNING - No viable dags retrieved from /root/airflow_env/lib/python3.10/site-packages/airflow/example_dags/example_kubernetes_executor.py
[2025-08-06T10:03:53.425-0300] {processor.py:183} INFO - Processing /root/airflow_env/lib/python3.10/site-packages/airflow/example_dags/example_kubernetes_executor.py took 0.076 seconds
[2025-08-06T10:05:57.941-0300] {processor.py:161} INFO - Started process (PID=102711) to work on /root/airflow_env/lib/python3.10/site-packages/airflow/example_dags/example_kubernetes_executor.py
[2025-08-06T10:05:57.956-0300] {processor.py:830} INFO - Processing file /root/airflow_env/lib/python3.10/site-packages/airflow/example_dags/example_kubernetes_executor.py for tasks to queue
[2025-08-06T10:05:57.960-0300] {logging_mixin.py:188} INFO - [2025-08-06T10:05:57.959-0300] {dagbag.py:538} INFO - Filling up the DagBag from /root/airflow_env/lib/python3.10/site-packages/airflow/example_dags/example_kubernetes_executor.py
[2025-08-06T10:05:57.995-0300] {logging_mixin.py:188} INFO - [2025-08-06T10:05:57.984-0300] {example_kubernetes_executor.py:38} WARNING - The example_kubernetes_executor example DAG requires the kubernetes provider. Please install it with: pip install apache-airflow[cncf.kubernetes]
[2025-08-06T10:05:57.996-0300] {processor.py:842} WARNING - No viable dags retrieved from /root/airflow_env/lib/python3.10/site-packages/airflow/example_dags/example_kubernetes_executor.py
[2025-08-06T10:05:58.110-0300] {processor.py:183} INFO - Processing /root/airflow_env/lib/python3.10/site-packages/airflow/example_dags/example_kubernetes_executor.py took 0.217 seconds
