[2025-08-06T09:59:50.298-0300] {processor.py:161} INFO - Started process (PID=102404) to work on /root/airflow_env/lib/python3.10/site-packages/airflow/example_dags/example_subdag_operator.py
[2025-08-06T09:59:50.302-0300] {processor.py:830} INFO - Processing file /root/airflow_env/lib/python3.10/site-packages/airflow/example_dags/example_subdag_operator.py for tasks to queue
[2025-08-06T09:59:50.316-0300] {logging_mixin.py:188} INFO - [2025-08-06T09:59:50.314-0300] {dagbag.py:538} INFO - Filling up the DagBag from /root/airflow_env/lib/python3.10/site-packages/airflow/example_dags/example_subdag_operator.py
[2025-08-06T09:59:50.960-0300] {processor.py:840} INFO - DAG(s) 'example_subdag_operator.section-1', 'example_subdag_operator.section-2', 'example_subdag_operator' retrieved from /root/airflow_env/lib/python3.10/site-packages/airflow/example_dags/example_subdag_operator.py
[2025-08-06T09:59:51.075-0300] {logging_mixin.py:188} INFO - [2025-08-06T09:59:51.074-0300] {dag.py:3036} INFO - Sync 3 DAGs
[2025-08-06T09:59:51.205-0300] {logging_mixin.py:188} INFO - [2025-08-06T09:59:51.204-0300] {dag.py:3823} INFO - Setting next_dagrun for example_subdag_operator to 2022-01-01 00:00:00+00:00, run_after=2022-01-01 00:00:00+00:00
[2025-08-06T09:59:51.222-0300] {logging_mixin.py:188} INFO - [2025-08-06T09:59:51.221-0300] {dag.py:3823} INFO - Setting next_dagrun for example_subdag_operator.section-1 to None, run_after=None
[2025-08-06T09:59:51.225-0300] {logging_mixin.py:188} INFO - [2025-08-06T09:59:51.224-0300] {dag.py:3823} INFO - Setting next_dagrun for example_subdag_operator.section-2 to None, run_after=None
[2025-08-06T09:59:51.254-0300] {logging_mixin.py:188} INFO - [2025-08-06T09:59:51.254-0300] {dag.py:3036} INFO - Sync 2 DAGs
[2025-08-06T09:59:51.298-0300] {logging_mixin.py:188} INFO - [2025-08-06T09:59:51.297-0300] {dag.py:3823} INFO - Setting next_dagrun for example_subdag_operator.section-1 to None, run_after=None
[2025-08-06T09:59:51.301-0300] {logging_mixin.py:188} INFO - [2025-08-06T09:59:51.300-0300] {dag.py:3823} INFO - Setting next_dagrun for example_subdag_operator.section-2 to None, run_after=None
[2025-08-06T09:59:51.417-0300] {processor.py:183} INFO - Processing /root/airflow_env/lib/python3.10/site-packages/airflow/example_dags/example_subdag_operator.py took 1.141 seconds
[2025-08-06T10:01:18.432-0300] {processor.py:161} INFO - Started process (PID=102552) to work on /root/airflow_env/lib/python3.10/site-packages/airflow/example_dags/example_subdag_operator.py
[2025-08-06T10:01:18.437-0300] {processor.py:830} INFO - Processing file /root/airflow_env/lib/python3.10/site-packages/airflow/example_dags/example_subdag_operator.py for tasks to queue
[2025-08-06T10:01:18.442-0300] {logging_mixin.py:188} INFO - [2025-08-06T10:01:18.441-0300] {dagbag.py:538} INFO - Filling up the DagBag from /root/airflow_env/lib/python3.10/site-packages/airflow/example_dags/example_subdag_operator.py
[2025-08-06T10:01:18.595-0300] {processor.py:840} INFO - DAG(s) 'example_subdag_operator.section-1', 'example_subdag_operator.section-2', 'example_subdag_operator' retrieved from /root/airflow_env/lib/python3.10/site-packages/airflow/example_dags/example_subdag_operator.py
[2025-08-06T10:01:18.625-0300] {logging_mixin.py:188} INFO - [2025-08-06T10:01:18.625-0300] {dag.py:3036} INFO - Sync 3 DAGs
[2025-08-06T10:01:18.812-0300] {logging_mixin.py:188} INFO - [2025-08-06T10:01:18.810-0300] {dag.py:3823} INFO - Setting next_dagrun for example_subdag_operator to 2022-01-01 00:00:00+00:00, run_after=2022-01-01 00:00:00+00:00
[2025-08-06T10:01:18.826-0300] {logging_mixin.py:188} INFO - [2025-08-06T10:01:18.825-0300] {dag.py:3823} INFO - Setting next_dagrun for example_subdag_operator.section-1 to None, run_after=None
[2025-08-06T10:01:18.832-0300] {logging_mixin.py:188} INFO - [2025-08-06T10:01:18.831-0300] {dag.py:3823} INFO - Setting next_dagrun for example_subdag_operator.section-2 to None, run_after=None
[2025-08-06T10:01:18.868-0300] {logging_mixin.py:188} INFO - [2025-08-06T10:01:18.868-0300] {dag.py:3036} INFO - Sync 2 DAGs
[2025-08-06T10:01:18.878-0300] {logging_mixin.py:188} INFO - [2025-08-06T10:01:18.878-0300] {dag.py:3823} INFO - Setting next_dagrun for example_subdag_operator.section-1 to None, run_after=None
[2025-08-06T10:01:18.881-0300] {logging_mixin.py:188} INFO - [2025-08-06T10:01:18.880-0300] {dag.py:3823} INFO - Setting next_dagrun for example_subdag_operator.section-2 to None, run_after=None
[2025-08-06T10:01:19.070-0300] {processor.py:183} INFO - Processing /root/airflow_env/lib/python3.10/site-packages/airflow/example_dags/example_subdag_operator.py took 0.649 seconds
[2025-08-06T10:02:47.999-0300] {processor.py:161} INFO - Started process (PID=102612) to work on /root/airflow_env/lib/python3.10/site-packages/airflow/example_dags/example_subdag_operator.py
[2025-08-06T10:02:48.002-0300] {processor.py:830} INFO - Processing file /root/airflow_env/lib/python3.10/site-packages/airflow/example_dags/example_subdag_operator.py for tasks to queue
[2025-08-06T10:02:48.005-0300] {logging_mixin.py:188} INFO - [2025-08-06T10:02:48.004-0300] {dagbag.py:538} INFO - Filling up the DagBag from /root/airflow_env/lib/python3.10/site-packages/airflow/example_dags/example_subdag_operator.py
[2025-08-06T10:02:48.069-0300] {processor.py:840} INFO - DAG(s) 'example_subdag_operator.section-1', 'example_subdag_operator.section-2', 'example_subdag_operator' retrieved from /root/airflow_env/lib/python3.10/site-packages/airflow/example_dags/example_subdag_operator.py
[2025-08-06T10:02:48.109-0300] {logging_mixin.py:188} INFO - [2025-08-06T10:02:48.108-0300] {dag.py:3036} INFO - Sync 3 DAGs
[2025-08-06T10:02:48.193-0300] {logging_mixin.py:188} INFO - [2025-08-06T10:02:48.192-0300] {dag.py:3823} INFO - Setting next_dagrun for example_subdag_operator to 2022-01-01 00:00:00+00:00, run_after=2022-01-01 00:00:00+00:00
[2025-08-06T10:02:48.210-0300] {logging_mixin.py:188} INFO - [2025-08-06T10:02:48.209-0300] {dag.py:3823} INFO - Setting next_dagrun for example_subdag_operator.section-1 to None, run_after=None
[2025-08-06T10:02:48.216-0300] {logging_mixin.py:188} INFO - [2025-08-06T10:02:48.215-0300] {dag.py:3823} INFO - Setting next_dagrun for example_subdag_operator.section-2 to None, run_after=None
[2025-08-06T10:02:48.256-0300] {logging_mixin.py:188} INFO - [2025-08-06T10:02:48.255-0300] {dag.py:3036} INFO - Sync 2 DAGs
[2025-08-06T10:02:48.285-0300] {logging_mixin.py:188} INFO - [2025-08-06T10:02:48.277-0300] {dag.py:3823} INFO - Setting next_dagrun for example_subdag_operator.section-1 to None, run_after=None
[2025-08-06T10:02:48.290-0300] {logging_mixin.py:188} INFO - [2025-08-06T10:02:48.289-0300] {dag.py:3823} INFO - Setting next_dagrun for example_subdag_operator.section-2 to None, run_after=None
[2025-08-06T10:02:48.344-0300] {processor.py:183} INFO - Processing /root/airflow_env/lib/python3.10/site-packages/airflow/example_dags/example_subdag_operator.py took 0.353 seconds
[2025-08-06T10:04:15.050-0300] {processor.py:161} INFO - Started process (PID=102657) to work on /root/airflow_env/lib/python3.10/site-packages/airflow/example_dags/example_subdag_operator.py
[2025-08-06T10:04:15.060-0300] {processor.py:830} INFO - Processing file /root/airflow_env/lib/python3.10/site-packages/airflow/example_dags/example_subdag_operator.py for tasks to queue
[2025-08-06T10:04:15.066-0300] {logging_mixin.py:188} INFO - [2025-08-06T10:04:15.063-0300] {dagbag.py:538} INFO - Filling up the DagBag from /root/airflow_env/lib/python3.10/site-packages/airflow/example_dags/example_subdag_operator.py
[2025-08-06T10:04:15.211-0300] {processor.py:840} INFO - DAG(s) 'example_subdag_operator.section-1', 'example_subdag_operator.section-2', 'example_subdag_operator' retrieved from /root/airflow_env/lib/python3.10/site-packages/airflow/example_dags/example_subdag_operator.py
[2025-08-06T10:04:15.264-0300] {logging_mixin.py:188} INFO - [2025-08-06T10:04:15.264-0300] {dag.py:3036} INFO - Sync 3 DAGs
[2025-08-06T10:04:15.338-0300] {logging_mixin.py:188} INFO - [2025-08-06T10:04:15.337-0300] {dag.py:3823} INFO - Setting next_dagrun for example_subdag_operator to 2022-01-01 00:00:00+00:00, run_after=2022-01-01 00:00:00+00:00
[2025-08-06T10:04:15.354-0300] {logging_mixin.py:188} INFO - [2025-08-06T10:04:15.353-0300] {dag.py:3823} INFO - Setting next_dagrun for example_subdag_operator.section-1 to None, run_after=None
[2025-08-06T10:04:15.359-0300] {logging_mixin.py:188} INFO - [2025-08-06T10:04:15.358-0300] {dag.py:3823} INFO - Setting next_dagrun for example_subdag_operator.section-2 to None, run_after=None
[2025-08-06T10:04:15.382-0300] {logging_mixin.py:188} INFO - [2025-08-06T10:04:15.381-0300] {dag.py:3036} INFO - Sync 2 DAGs
[2025-08-06T10:04:15.401-0300] {logging_mixin.py:188} INFO - [2025-08-06T10:04:15.400-0300] {dag.py:3823} INFO - Setting next_dagrun for example_subdag_operator.section-1 to None, run_after=None
[2025-08-06T10:04:15.403-0300] {logging_mixin.py:188} INFO - [2025-08-06T10:04:15.402-0300] {dag.py:3823} INFO - Setting next_dagrun for example_subdag_operator.section-2 to None, run_after=None
[2025-08-06T10:04:15.473-0300] {processor.py:183} INFO - Processing /root/airflow_env/lib/python3.10/site-packages/airflow/example_dags/example_subdag_operator.py took 0.447 seconds
[2025-08-06T10:05:15.911-0300] {processor.py:161} INFO - Started process (PID=102695) to work on /root/airflow_env/lib/python3.10/site-packages/airflow/example_dags/example_subdag_operator.py
[2025-08-06T10:05:15.915-0300] {processor.py:830} INFO - Processing file /root/airflow_env/lib/python3.10/site-packages/airflow/example_dags/example_subdag_operator.py for tasks to queue
[2025-08-06T10:05:15.918-0300] {logging_mixin.py:188} INFO - [2025-08-06T10:05:15.917-0300] {dagbag.py:538} INFO - Filling up the DagBag from /root/airflow_env/lib/python3.10/site-packages/airflow/example_dags/example_subdag_operator.py
[2025-08-06T10:05:15.973-0300] {processor.py:840} INFO - DAG(s) 'example_subdag_operator.section-1', 'example_subdag_operator.section-2', 'example_subdag_operator' retrieved from /root/airflow_env/lib/python3.10/site-packages/airflow/example_dags/example_subdag_operator.py
[2025-08-06T10:05:16.006-0300] {logging_mixin.py:188} INFO - [2025-08-06T10:05:16.002-0300] {dag.py:3036} INFO - Sync 3 DAGs
[2025-08-06T10:05:16.062-0300] {logging_mixin.py:188} INFO - [2025-08-06T10:05:16.062-0300] {dag.py:3823} INFO - Setting next_dagrun for example_subdag_operator to 2022-01-01 00:00:00+00:00, run_after=2022-01-01 00:00:00+00:00
[2025-08-06T10:05:16.068-0300] {logging_mixin.py:188} INFO - [2025-08-06T10:05:16.067-0300] {dag.py:3823} INFO - Setting next_dagrun for example_subdag_operator.section-1 to None, run_after=None
[2025-08-06T10:05:16.069-0300] {logging_mixin.py:188} INFO - [2025-08-06T10:05:16.069-0300] {dag.py:3823} INFO - Setting next_dagrun for example_subdag_operator.section-2 to None, run_after=None
[2025-08-06T10:05:16.080-0300] {logging_mixin.py:188} INFO - [2025-08-06T10:05:16.079-0300] {dag.py:3036} INFO - Sync 2 DAGs
[2025-08-06T10:05:16.086-0300] {logging_mixin.py:188} INFO - [2025-08-06T10:05:16.086-0300] {dag.py:3823} INFO - Setting next_dagrun for example_subdag_operator.section-1 to None, run_after=None
[2025-08-06T10:05:16.087-0300] {logging_mixin.py:188} INFO - [2025-08-06T10:05:16.087-0300] {dag.py:3823} INFO - Setting next_dagrun for example_subdag_operator.section-2 to None, run_after=None
[2025-08-06T10:05:16.439-0300] {processor.py:183} INFO - Processing /root/airflow_env/lib/python3.10/site-packages/airflow/example_dags/example_subdag_operator.py took 0.536 seconds
[2025-08-06T10:06:18.951-0300] {processor.py:161} INFO - Started process (PID=102727) to work on /root/airflow_env/lib/python3.10/site-packages/airflow/example_dags/example_subdag_operator.py
[2025-08-06T10:06:18.958-0300] {processor.py:830} INFO - Processing file /root/airflow_env/lib/python3.10/site-packages/airflow/example_dags/example_subdag_operator.py for tasks to queue
[2025-08-06T10:06:18.967-0300] {logging_mixin.py:188} INFO - [2025-08-06T10:06:18.966-0300] {dagbag.py:538} INFO - Filling up the DagBag from /root/airflow_env/lib/python3.10/site-packages/airflow/example_dags/example_subdag_operator.py
[2025-08-06T10:06:19.118-0300] {processor.py:840} INFO - DAG(s) 'example_subdag_operator.section-1', 'example_subdag_operator.section-2', 'example_subdag_operator' retrieved from /root/airflow_env/lib/python3.10/site-packages/airflow/example_dags/example_subdag_operator.py
[2025-08-06T10:06:19.234-0300] {logging_mixin.py:188} INFO - [2025-08-06T10:06:19.233-0300] {dag.py:3036} INFO - Sync 3 DAGs
[2025-08-06T10:06:19.381-0300] {logging_mixin.py:188} INFO - [2025-08-06T10:06:19.381-0300] {dag.py:3823} INFO - Setting next_dagrun for example_subdag_operator to 2022-01-01 00:00:00+00:00, run_after=2022-01-01 00:00:00+00:00
[2025-08-06T10:06:19.412-0300] {logging_mixin.py:188} INFO - [2025-08-06T10:06:19.412-0300] {dag.py:3823} INFO - Setting next_dagrun for example_subdag_operator.section-1 to None, run_after=None
[2025-08-06T10:06:19.415-0300] {logging_mixin.py:188} INFO - [2025-08-06T10:06:19.414-0300] {dag.py:3823} INFO - Setting next_dagrun for example_subdag_operator.section-2 to None, run_after=None
[2025-08-06T10:06:19.462-0300] {logging_mixin.py:188} INFO - [2025-08-06T10:06:19.462-0300] {dag.py:3036} INFO - Sync 2 DAGs
[2025-08-06T10:06:19.482-0300] {logging_mixin.py:188} INFO - [2025-08-06T10:06:19.482-0300] {dag.py:3823} INFO - Setting next_dagrun for example_subdag_operator.section-1 to None, run_after=None
[2025-08-06T10:06:19.484-0300] {logging_mixin.py:188} INFO - [2025-08-06T10:06:19.483-0300] {dag.py:3823} INFO - Setting next_dagrun for example_subdag_operator.section-2 to None, run_after=None
[2025-08-06T10:06:19.584-0300] {processor.py:183} INFO - Processing /root/airflow_env/lib/python3.10/site-packages/airflow/example_dags/example_subdag_operator.py took 0.661 seconds
