[2025-08-06T10:00:56.020-0300] {processor.py:161} INFO - Started process (PID=102532) to work on /root/airflow_env/lib/python3.10/site-packages/airflow/example_dags/example_dynamic_task_mapping.py
[2025-08-06T10:00:56.023-0300] {processor.py:830} INFO - Processing file /root/airflow_env/lib/python3.10/site-packages/airflow/example_dags/example_dynamic_task_mapping.py for tasks to queue
[2025-08-06T10:00:56.027-0300] {logging_mixin.py:188} INFO - [2025-08-06T10:00:56.026-0300] {dagbag.py:538} INFO - Filling up the DagBag from /root/airflow_env/lib/python3.10/site-packages/airflow/example_dags/example_dynamic_task_mapping.py
[2025-08-06T10:00:56.051-0300] {processor.py:840} INFO - DAG(s) 'example_dynamic_task_mapping' retrieved from /root/airflow_env/lib/python3.10/site-packages/airflow/example_dags/example_dynamic_task_mapping.py
[2025-08-06T10:00:56.087-0300] {logging_mixin.py:188} INFO - [2025-08-06T10:00:56.086-0300] {dag.py:3036} INFO - Sync 1 DAGs
[2025-08-06T10:00:56.125-0300] {logging_mixin.py:188} INFO - [2025-08-06T10:00:56.125-0300] {dag.py:3823} INFO - Setting next_dagrun for example_dynamic_task_mapping to 2022-03-04 00:00:00+00:00, run_after=2022-03-05 00:00:00+00:00
[2025-08-06T10:00:56.170-0300] {processor.py:183} INFO - Processing /root/airflow_env/lib/python3.10/site-packages/airflow/example_dags/example_dynamic_task_mapping.py took 0.157 seconds
[2025-08-06T10:02:04.634-0300] {processor.py:161} INFO - Started process (PID=102592) to work on /root/airflow_env/lib/python3.10/site-packages/airflow/example_dags/example_dynamic_task_mapping.py
[2025-08-06T10:02:04.654-0300] {processor.py:830} INFO - Processing file /root/airflow_env/lib/python3.10/site-packages/airflow/example_dags/example_dynamic_task_mapping.py for tasks to queue
[2025-08-06T10:02:04.657-0300] {logging_mixin.py:188} INFO - [2025-08-06T10:02:04.656-0300] {dagbag.py:538} INFO - Filling up the DagBag from /root/airflow_env/lib/python3.10/site-packages/airflow/example_dags/example_dynamic_task_mapping.py
[2025-08-06T10:02:04.676-0300] {processor.py:840} INFO - DAG(s) 'example_dynamic_task_mapping' retrieved from /root/airflow_env/lib/python3.10/site-packages/airflow/example_dags/example_dynamic_task_mapping.py
[2025-08-06T10:02:04.710-0300] {logging_mixin.py:188} INFO - [2025-08-06T10:02:04.709-0300] {dag.py:3036} INFO - Sync 1 DAGs
[2025-08-06T10:02:04.758-0300] {logging_mixin.py:188} INFO - [2025-08-06T10:02:04.758-0300] {dag.py:3823} INFO - Setting next_dagrun for example_dynamic_task_mapping to 2022-03-04 00:00:00+00:00, run_after=2022-03-05 00:00:00+00:00
[2025-08-06T10:02:05.962-0300] {processor.py:183} INFO - Processing /root/airflow_env/lib/python3.10/site-packages/airflow/example_dags/example_dynamic_task_mapping.py took 1.334 seconds
[2025-08-06T10:04:38.945-0300] {processor.py:161} INFO - Started process (PID=102677) to work on /root/airflow_env/lib/python3.10/site-packages/airflow/example_dags/example_dynamic_task_mapping.py
[2025-08-06T10:04:38.959-0300] {processor.py:830} INFO - Processing file /root/airflow_env/lib/python3.10/site-packages/airflow/example_dags/example_dynamic_task_mapping.py for tasks to queue
[2025-08-06T10:04:38.962-0300] {logging_mixin.py:188} INFO - [2025-08-06T10:04:38.961-0300] {dagbag.py:538} INFO - Filling up the DagBag from /root/airflow_env/lib/python3.10/site-packages/airflow/example_dags/example_dynamic_task_mapping.py
[2025-08-06T10:04:39.028-0300] {processor.py:840} INFO - DAG(s) 'example_dynamic_task_mapping' retrieved from /root/airflow_env/lib/python3.10/site-packages/airflow/example_dags/example_dynamic_task_mapping.py
[2025-08-06T10:04:39.152-0300] {logging_mixin.py:188} INFO - [2025-08-06T10:04:39.152-0300] {dag.py:3036} INFO - Sync 1 DAGs
[2025-08-06T10:04:39.303-0300] {logging_mixin.py:188} INFO - [2025-08-06T10:04:39.302-0300] {dag.py:3823} INFO - Setting next_dagrun for example_dynamic_task_mapping to 2022-03-04 00:00:00+00:00, run_after=2022-03-05 00:00:00+00:00
[2025-08-06T10:04:39.418-0300] {processor.py:183} INFO - Processing /root/airflow_env/lib/python3.10/site-packages/airflow/example_dags/example_dynamic_task_mapping.py took 0.505 seconds
