[2025-08-06T10:00:48.006-0300] {processor.py:161} INFO - Started process (PID=102496) to work on /root/airflow_env/lib/python3.10/site-packages/airflow/example_dags/example_nested_branch_dag.py
[2025-08-06T10:00:48.009-0300] {processor.py:830} INFO - Processing file /root/airflow_env/lib/python3.10/site-packages/airflow/example_dags/example_nested_branch_dag.py for tasks to queue
[2025-08-06T10:00:48.013-0300] {logging_mixin.py:188} INFO - [2025-08-06T10:00:48.011-0300] {dagbag.py:538} INFO - Filling up the DagBag from /root/airflow_env/lib/python3.10/site-packages/airflow/example_dags/example_nested_branch_dag.py
[2025-08-06T10:00:48.079-0300] {processor.py:840} INFO - DAG(s) 'example_nested_branch_dag' retrieved from /root/airflow_env/lib/python3.10/site-packages/airflow/example_dags/example_nested_branch_dag.py
[2025-08-06T10:00:48.145-0300] {logging_mixin.py:188} INFO - [2025-08-06T10:00:48.145-0300] {dag.py:3036} INFO - Sync 1 DAGs
[2025-08-06T10:00:48.225-0300] {logging_mixin.py:188} INFO - [2025-08-06T10:00:48.224-0300] {dag.py:3823} INFO - Setting next_dagrun for example_nested_branch_dag to 2025-08-05 00:00:00+00:00, run_after=2025-08-06 00:00:00+00:00
[2025-08-06T10:00:48.289-0300] {processor.py:183} INFO - Processing /root/airflow_env/lib/python3.10/site-packages/airflow/example_dags/example_nested_branch_dag.py took 0.294 seconds
[2025-08-06T10:01:53.726-0300] {processor.py:161} INFO - Started process (PID=102585) to work on /root/airflow_env/lib/python3.10/site-packages/airflow/example_dags/example_nested_branch_dag.py
[2025-08-06T10:01:53.747-0300] {processor.py:830} INFO - Processing file /root/airflow_env/lib/python3.10/site-packages/airflow/example_dags/example_nested_branch_dag.py for tasks to queue
[2025-08-06T10:01:53.750-0300] {logging_mixin.py:188} INFO - [2025-08-06T10:01:53.749-0300] {dagbag.py:538} INFO - Filling up the DagBag from /root/airflow_env/lib/python3.10/site-packages/airflow/example_dags/example_nested_branch_dag.py
[2025-08-06T10:01:53.788-0300] {processor.py:840} INFO - DAG(s) 'example_nested_branch_dag' retrieved from /root/airflow_env/lib/python3.10/site-packages/airflow/example_dags/example_nested_branch_dag.py
[2025-08-06T10:01:53.855-0300] {logging_mixin.py:188} INFO - [2025-08-06T10:01:53.854-0300] {dag.py:3036} INFO - Sync 1 DAGs
[2025-08-06T10:01:53.930-0300] {logging_mixin.py:188} INFO - [2025-08-06T10:01:53.929-0300] {dag.py:3823} INFO - Setting next_dagrun for example_nested_branch_dag to 2025-08-05 00:00:00+00:00, run_after=2025-08-06 00:00:00+00:00
[2025-08-06T10:01:54.126-0300] {processor.py:183} INFO - Processing /root/airflow_env/lib/python3.10/site-packages/airflow/example_dags/example_nested_branch_dag.py took 0.412 seconds
[2025-08-06T10:03:34.881-0300] {processor.py:161} INFO - Started process (PID=102633) to work on /root/airflow_env/lib/python3.10/site-packages/airflow/example_dags/example_nested_branch_dag.py
[2025-08-06T10:03:34.887-0300] {processor.py:830} INFO - Processing file /root/airflow_env/lib/python3.10/site-packages/airflow/example_dags/example_nested_branch_dag.py for tasks to queue
[2025-08-06T10:03:34.897-0300] {logging_mixin.py:188} INFO - [2025-08-06T10:03:34.896-0300] {dagbag.py:538} INFO - Filling up the DagBag from /root/airflow_env/lib/python3.10/site-packages/airflow/example_dags/example_nested_branch_dag.py
[2025-08-06T10:03:34.937-0300] {processor.py:840} INFO - DAG(s) 'example_nested_branch_dag' retrieved from /root/airflow_env/lib/python3.10/site-packages/airflow/example_dags/example_nested_branch_dag.py
[2025-08-06T10:03:34.972-0300] {logging_mixin.py:188} INFO - [2025-08-06T10:03:34.972-0300] {dag.py:3036} INFO - Sync 1 DAGs
[2025-08-06T10:03:35.035-0300] {logging_mixin.py:188} INFO - [2025-08-06T10:03:35.035-0300] {dag.py:3823} INFO - Setting next_dagrun for example_nested_branch_dag to 2025-08-05 00:00:00+00:00, run_after=2025-08-06 00:00:00+00:00
[2025-08-06T10:03:37.456-0300] {processor.py:183} INFO - Processing /root/airflow_env/lib/python3.10/site-packages/airflow/example_dags/example_nested_branch_dag.py took 2.608 seconds
[2025-08-06T10:05:30.581-0300] {processor.py:161} INFO - Started process (PID=102701) to work on /root/airflow_env/lib/python3.10/site-packages/airflow/example_dags/example_nested_branch_dag.py
[2025-08-06T10:05:30.617-0300] {processor.py:830} INFO - Processing file /root/airflow_env/lib/python3.10/site-packages/airflow/example_dags/example_nested_branch_dag.py for tasks to queue
[2025-08-06T10:05:30.620-0300] {logging_mixin.py:188} INFO - [2025-08-06T10:05:30.618-0300] {dagbag.py:538} INFO - Filling up the DagBag from /root/airflow_env/lib/python3.10/site-packages/airflow/example_dags/example_nested_branch_dag.py
[2025-08-06T10:05:30.702-0300] {processor.py:840} INFO - DAG(s) 'example_nested_branch_dag' retrieved from /root/airflow_env/lib/python3.10/site-packages/airflow/example_dags/example_nested_branch_dag.py
[2025-08-06T10:05:30.849-0300] {logging_mixin.py:188} INFO - [2025-08-06T10:05:30.838-0300] {dag.py:3036} INFO - Sync 1 DAGs
[2025-08-06T10:05:31.017-0300] {logging_mixin.py:188} INFO - [2025-08-06T10:05:31.017-0300] {dag.py:3823} INFO - Setting next_dagrun for example_nested_branch_dag to 2025-08-05 00:00:00+00:00, run_after=2025-08-06 00:00:00+00:00
[2025-08-06T10:05:31.370-0300] {processor.py:183} INFO - Processing /root/airflow_env/lib/python3.10/site-packages/airflow/example_dags/example_nested_branch_dag.py took 0.820 seconds
