[2025-08-06T09:59:03.424-0300] {processor.py:161} INFO - Started process (PID=102029) to work on /root/airflow_env/lib/python3.10/site-packages/airflow/example_dags/example_dynamic_task_mapping_with_no_taskflow_operators.py
[2025-08-06T09:59:03.428-0300] {processor.py:830} INFO - Processing file /root/airflow_env/lib/python3.10/site-packages/airflow/example_dags/example_dynamic_task_mapping_with_no_taskflow_operators.py for tasks to queue
[2025-08-06T09:59:03.442-0300] {logging_mixin.py:188} INFO - [2025-08-06T09:59:03.440-0300] {dagbag.py:538} INFO - Filling up the DagBag from /root/airflow_env/lib/python3.10/site-packages/airflow/example_dags/example_dynamic_task_mapping_with_no_taskflow_operators.py
[2025-08-06T09:59:03.632-0300] {processor.py:840} INFO - DAG(s) 'example_dynamic_task_mapping_with_no_taskflow_operators' retrieved from /root/airflow_env/lib/python3.10/site-packages/airflow/example_dags/example_dynamic_task_mapping_with_no_taskflow_operators.py
[2025-08-06T09:59:03.815-0300] {logging_mixin.py:188} INFO - [2025-08-06T09:59:03.814-0300] {dag.py:3036} INFO - Sync 1 DAGs
[2025-08-06T09:59:04.351-0300] {logging_mixin.py:188} INFO - [2025-08-06T09:59:04.350-0300] {dag.py:3823} INFO - Setting next_dagrun for example_dynamic_task_mapping_with_no_taskflow_operators to 2025-08-05 00:00:00+00:00, run_after=2025-08-06 00:00:00+00:00
[2025-08-06T09:59:07.108-0300] {processor.py:183} INFO - Processing /root/airflow_env/lib/python3.10/site-packages/airflow/example_dags/example_dynamic_task_mapping_with_no_taskflow_operators.py took 3.729 seconds
[2025-08-06T10:01:34.668-0300] {processor.py:161} INFO - Started process (PID=102567) to work on /root/airflow_env/lib/python3.10/site-packages/airflow/example_dags/example_dynamic_task_mapping_with_no_taskflow_operators.py
[2025-08-06T10:01:34.673-0300] {processor.py:830} INFO - Processing file /root/airflow_env/lib/python3.10/site-packages/airflow/example_dags/example_dynamic_task_mapping_with_no_taskflow_operators.py for tasks to queue
[2025-08-06T10:01:34.676-0300] {logging_mixin.py:188} INFO - [2025-08-06T10:01:34.675-0300] {dagbag.py:538} INFO - Filling up the DagBag from /root/airflow_env/lib/python3.10/site-packages/airflow/example_dags/example_dynamic_task_mapping_with_no_taskflow_operators.py
[2025-08-06T10:01:34.706-0300] {processor.py:840} INFO - DAG(s) 'example_dynamic_task_mapping_with_no_taskflow_operators' retrieved from /root/airflow_env/lib/python3.10/site-packages/airflow/example_dags/example_dynamic_task_mapping_with_no_taskflow_operators.py
[2025-08-06T10:01:34.757-0300] {logging_mixin.py:188} INFO - [2025-08-06T10:01:34.757-0300] {dag.py:3036} INFO - Sync 1 DAGs
[2025-08-06T10:01:34.829-0300] {logging_mixin.py:188} INFO - [2025-08-06T10:01:34.829-0300] {dag.py:3823} INFO - Setting next_dagrun for example_dynamic_task_mapping_with_no_taskflow_operators to 2025-08-05 00:00:00+00:00, run_after=2025-08-06 00:00:00+00:00
[2025-08-06T10:01:34.891-0300] {processor.py:183} INFO - Processing /root/airflow_env/lib/python3.10/site-packages/airflow/example_dags/example_dynamic_task_mapping_with_no_taskflow_operators.py took 0.234 seconds
[2025-08-06T10:03:54.573-0300] {processor.py:161} INFO - Started process (PID=102642) to work on /root/airflow_env/lib/python3.10/site-packages/airflow/example_dags/example_dynamic_task_mapping_with_no_taskflow_operators.py
[2025-08-06T10:03:54.578-0300] {processor.py:830} INFO - Processing file /root/airflow_env/lib/python3.10/site-packages/airflow/example_dags/example_dynamic_task_mapping_with_no_taskflow_operators.py for tasks to queue
[2025-08-06T10:03:54.581-0300] {logging_mixin.py:188} INFO - [2025-08-06T10:03:54.580-0300] {dagbag.py:538} INFO - Filling up the DagBag from /root/airflow_env/lib/python3.10/site-packages/airflow/example_dags/example_dynamic_task_mapping_with_no_taskflow_operators.py
[2025-08-06T10:03:54.618-0300] {processor.py:840} INFO - DAG(s) 'example_dynamic_task_mapping_with_no_taskflow_operators' retrieved from /root/airflow_env/lib/python3.10/site-packages/airflow/example_dags/example_dynamic_task_mapping_with_no_taskflow_operators.py
[2025-08-06T10:03:54.687-0300] {logging_mixin.py:188} INFO - [2025-08-06T10:03:54.687-0300] {dag.py:3036} INFO - Sync 1 DAGs
[2025-08-06T10:03:54.765-0300] {logging_mixin.py:188} INFO - [2025-08-06T10:03:54.765-0300] {dag.py:3823} INFO - Setting next_dagrun for example_dynamic_task_mapping_with_no_taskflow_operators to 2025-08-05 00:00:00+00:00, run_after=2025-08-06 00:00:00+00:00
[2025-08-06T10:03:54.850-0300] {processor.py:183} INFO - Processing /root/airflow_env/lib/python3.10/site-packages/airflow/example_dags/example_dynamic_task_mapping_with_no_taskflow_operators.py took 0.303 seconds
[2025-08-06T10:05:59.494-0300] {processor.py:161} INFO - Started process (PID=102712) to work on /root/airflow_env/lib/python3.10/site-packages/airflow/example_dags/example_dynamic_task_mapping_with_no_taskflow_operators.py
[2025-08-06T10:05:59.514-0300] {processor.py:830} INFO - Processing file /root/airflow_env/lib/python3.10/site-packages/airflow/example_dags/example_dynamic_task_mapping_with_no_taskflow_operators.py for tasks to queue
[2025-08-06T10:05:59.518-0300] {logging_mixin.py:188} INFO - [2025-08-06T10:05:59.517-0300] {dagbag.py:538} INFO - Filling up the DagBag from /root/airflow_env/lib/python3.10/site-packages/airflow/example_dags/example_dynamic_task_mapping_with_no_taskflow_operators.py
[2025-08-06T10:05:59.591-0300] {processor.py:840} INFO - DAG(s) 'example_dynamic_task_mapping_with_no_taskflow_operators' retrieved from /root/airflow_env/lib/python3.10/site-packages/airflow/example_dags/example_dynamic_task_mapping_with_no_taskflow_operators.py
[2025-08-06T10:05:59.754-0300] {logging_mixin.py:188} INFO - [2025-08-06T10:05:59.754-0300] {dag.py:3036} INFO - Sync 1 DAGs
[2025-08-06T10:05:59.935-0300] {logging_mixin.py:188} INFO - [2025-08-06T10:05:59.925-0300] {dag.py:3823} INFO - Setting next_dagrun for example_dynamic_task_mapping_with_no_taskflow_operators to 2025-08-05 00:00:00+00:00, run_after=2025-08-06 00:00:00+00:00
[2025-08-06T10:06:00.068-0300] {processor.py:183} INFO - Processing /root/airflow_env/lib/python3.10/site-packages/airflow/example_dags/example_dynamic_task_mapping_with_no_taskflow_operators.py took 0.609 seconds
