[2025-08-06T10:00:29.478-0300] {processor.py:161} INFO - Started process (PID=102422) to work on /root/airflow_env/lib/python3.10/site-packages/airflow/example_dags/example_trigger_target_dag.py
[2025-08-06T10:00:29.481-0300] {processor.py:830} INFO - Processing file /root/airflow_env/lib/python3.10/site-packages/airflow/example_dags/example_trigger_target_dag.py for tasks to queue
[2025-08-06T10:00:29.485-0300] {logging_mixin.py:188} INFO - [2025-08-06T10:00:29.483-0300] {dagbag.py:538} INFO - Filling up the DagBag from /root/airflow_env/lib/python3.10/site-packages/airflow/example_dags/example_trigger_target_dag.py
[2025-08-06T10:00:29.510-0300] {processor.py:840} INFO - DAG(s) 'example_trigger_target_dag' retrieved from /root/airflow_env/lib/python3.10/site-packages/airflow/example_dags/example_trigger_target_dag.py
[2025-08-06T10:00:29.578-0300] {logging_mixin.py:188} INFO - [2025-08-06T10:00:29.577-0300] {dag.py:3036} INFO - Sync 1 DAGs
[2025-08-06T10:00:29.634-0300] {logging_mixin.py:188} INFO - [2025-08-06T10:00:29.633-0300] {dag.py:3823} INFO - Setting next_dagrun for example_trigger_target_dag to None, run_after=None
[2025-08-06T10:00:29.740-0300] {processor.py:183} INFO - Processing /root/airflow_env/lib/python3.10/site-packages/airflow/example_dags/example_trigger_target_dag.py took 0.274 seconds
[2025-08-06T10:01:29.283-0300] {processor.py:161} INFO - Started process (PID=102562) to work on /root/airflow_env/lib/python3.10/site-packages/airflow/example_dags/example_trigger_target_dag.py
[2025-08-06T10:01:29.287-0300] {processor.py:830} INFO - Processing file /root/airflow_env/lib/python3.10/site-packages/airflow/example_dags/example_trigger_target_dag.py for tasks to queue
[2025-08-06T10:01:29.290-0300] {logging_mixin.py:188} INFO - [2025-08-06T10:01:29.289-0300] {dagbag.py:538} INFO - Filling up the DagBag from /root/airflow_env/lib/python3.10/site-packages/airflow/example_dags/example_trigger_target_dag.py
[2025-08-06T10:01:29.322-0300] {processor.py:840} INFO - DAG(s) 'example_trigger_target_dag' retrieved from /root/airflow_env/lib/python3.10/site-packages/airflow/example_dags/example_trigger_target_dag.py
[2025-08-06T10:01:29.374-0300] {logging_mixin.py:188} INFO - [2025-08-06T10:01:29.373-0300] {dag.py:3036} INFO - Sync 1 DAGs
[2025-08-06T10:01:29.414-0300] {logging_mixin.py:188} INFO - [2025-08-06T10:01:29.413-0300] {dag.py:3823} INFO - Setting next_dagrun for example_trigger_target_dag to None, run_after=None
[2025-08-06T10:01:29.472-0300] {processor.py:183} INFO - Processing /root/airflow_env/lib/python3.10/site-packages/airflow/example_dags/example_trigger_target_dag.py took 0.201 seconds
[2025-08-06T10:02:58.760-0300] {processor.py:161} INFO - Started process (PID=102621) to work on /root/airflow_env/lib/python3.10/site-packages/airflow/example_dags/example_trigger_target_dag.py
[2025-08-06T10:02:58.764-0300] {processor.py:830} INFO - Processing file /root/airflow_env/lib/python3.10/site-packages/airflow/example_dags/example_trigger_target_dag.py for tasks to queue
[2025-08-06T10:02:58.766-0300] {logging_mixin.py:188} INFO - [2025-08-06T10:02:58.766-0300] {dagbag.py:538} INFO - Filling up the DagBag from /root/airflow_env/lib/python3.10/site-packages/airflow/example_dags/example_trigger_target_dag.py
[2025-08-06T10:02:58.783-0300] {processor.py:840} INFO - DAG(s) 'example_trigger_target_dag' retrieved from /root/airflow_env/lib/python3.10/site-packages/airflow/example_dags/example_trigger_target_dag.py
[2025-08-06T10:02:58.818-0300] {logging_mixin.py:188} INFO - [2025-08-06T10:02:58.817-0300] {dag.py:3036} INFO - Sync 1 DAGs
[2025-08-06T10:02:58.847-0300] {logging_mixin.py:188} INFO - [2025-08-06T10:02:58.847-0300] {dag.py:3823} INFO - Setting next_dagrun for example_trigger_target_dag to None, run_after=None
[2025-08-06T10:02:58.892-0300] {processor.py:183} INFO - Processing /root/airflow_env/lib/python3.10/site-packages/airflow/example_dags/example_trigger_target_dag.py took 0.140 seconds
[2025-08-06T10:04:25.935-0300] {processor.py:161} INFO - Started process (PID=102665) to work on /root/airflow_env/lib/python3.10/site-packages/airflow/example_dags/example_trigger_target_dag.py
[2025-08-06T10:04:25.938-0300] {processor.py:830} INFO - Processing file /root/airflow_env/lib/python3.10/site-packages/airflow/example_dags/example_trigger_target_dag.py for tasks to queue
[2025-08-06T10:04:25.941-0300] {logging_mixin.py:188} INFO - [2025-08-06T10:04:25.940-0300] {dagbag.py:538} INFO - Filling up the DagBag from /root/airflow_env/lib/python3.10/site-packages/airflow/example_dags/example_trigger_target_dag.py
[2025-08-06T10:04:25.959-0300] {processor.py:840} INFO - DAG(s) 'example_trigger_target_dag' retrieved from /root/airflow_env/lib/python3.10/site-packages/airflow/example_dags/example_trigger_target_dag.py
[2025-08-06T10:04:26.013-0300] {logging_mixin.py:188} INFO - [2025-08-06T10:04:26.012-0300] {dag.py:3036} INFO - Sync 1 DAGs
[2025-08-06T10:04:26.038-0300] {logging_mixin.py:188} INFO - [2025-08-06T10:04:26.037-0300] {dag.py:3823} INFO - Setting next_dagrun for example_trigger_target_dag to None, run_after=None
[2025-08-06T10:04:26.106-0300] {processor.py:183} INFO - Processing /root/airflow_env/lib/python3.10/site-packages/airflow/example_dags/example_trigger_target_dag.py took 0.179 seconds
[2025-08-06T10:06:30.732-0300] {processor.py:161} INFO - Started process (PID=102735) to work on /root/airflow_env/lib/python3.10/site-packages/airflow/example_dags/example_trigger_target_dag.py
[2025-08-06T10:06:30.745-0300] {processor.py:830} INFO - Processing file /root/airflow_env/lib/python3.10/site-packages/airflow/example_dags/example_trigger_target_dag.py for tasks to queue
[2025-08-06T10:06:30.748-0300] {logging_mixin.py:188} INFO - [2025-08-06T10:06:30.747-0300] {dagbag.py:538} INFO - Filling up the DagBag from /root/airflow_env/lib/python3.10/site-packages/airflow/example_dags/example_trigger_target_dag.py
[2025-08-06T10:06:30.811-0300] {processor.py:840} INFO - DAG(s) 'example_trigger_target_dag' retrieved from /root/airflow_env/lib/python3.10/site-packages/airflow/example_dags/example_trigger_target_dag.py
[2025-08-06T10:06:30.927-0300] {logging_mixin.py:188} INFO - [2025-08-06T10:06:30.927-0300] {dag.py:3036} INFO - Sync 1 DAGs
[2025-08-06T10:06:31.012-0300] {logging_mixin.py:188} INFO - [2025-08-06T10:06:31.012-0300] {dag.py:3823} INFO - Setting next_dagrun for example_trigger_target_dag to None, run_after=None
[2025-08-06T10:06:31.171-0300] {processor.py:183} INFO - Processing /root/airflow_env/lib/python3.10/site-packages/airflow/example_dags/example_trigger_target_dag.py took 0.471 seconds
