[2025-08-06T10:01:01.499-0300] {processor.py:161} INFO - Started process (PID=102536) to work on /root/airflow_env/lib/python3.10/site-packages/airflow/example_dags/example_branch_datetime_operator.py
[2025-08-06T10:01:01.502-0300] {processor.py:830} INFO - Processing file /root/airflow_env/lib/python3.10/site-packages/airflow/example_dags/example_branch_datetime_operator.py for tasks to queue
[2025-08-06T10:01:01.506-0300] {logging_mixin.py:188} INFO - [2025-08-06T10:01:01.504-0300] {dagbag.py:538} INFO - Filling up the DagBag from /root/airflow_env/lib/python3.10/site-packages/airflow/example_dags/example_branch_datetime_operator.py
[2025-08-06T10:01:01.534-0300] {processor.py:840} INFO - DAG(s) 'example_branch_datetime_operator_2', 'example_branch_datetime_operator', 'example_branch_datetime_operator_3' retrieved from /root/airflow_env/lib/python3.10/site-packages/airflow/example_dags/example_branch_datetime_operator.py
[2025-08-06T10:01:01.591-0300] {logging_mixin.py:188} INFO - [2025-08-06T10:01:01.591-0300] {dag.py:3036} INFO - Sync 3 DAGs
[2025-08-06T10:01:01.634-0300] {logging_mixin.py:188} INFO - [2025-08-06T10:01:01.634-0300] {dag.py:3823} INFO - Setting next_dagrun for example_branch_datetime_operator to 2025-08-05 00:00:00+00:00, run_after=2025-08-06 00:00:00+00:00
[2025-08-06T10:01:01.642-0300] {logging_mixin.py:188} INFO - [2025-08-06T10:01:01.642-0300] {dag.py:3823} INFO - Setting next_dagrun for example_branch_datetime_operator_2 to 2025-08-05 00:00:00+00:00, run_after=2025-08-06 00:00:00+00:00
[2025-08-06T10:01:01.646-0300] {logging_mixin.py:188} INFO - [2025-08-06T10:01:01.646-0300] {dag.py:3823} INFO - Setting next_dagrun for example_branch_datetime_operator_3 to 2025-08-05 00:00:00+00:00, run_after=2025-08-06 00:00:00+00:00
[2025-08-06T10:01:01.694-0300] {processor.py:183} INFO - Processing /root/airflow_env/lib/python3.10/site-packages/airflow/example_dags/example_branch_datetime_operator.py took 0.202 seconds
[2025-08-06T10:02:15.708-0300] {processor.py:161} INFO - Started process (PID=102596) to work on /root/airflow_env/lib/python3.10/site-packages/airflow/example_dags/example_branch_datetime_operator.py
[2025-08-06T10:02:16.014-0300] {processor.py:830} INFO - Processing file /root/airflow_env/lib/python3.10/site-packages/airflow/example_dags/example_branch_datetime_operator.py for tasks to queue
[2025-08-06T10:02:16.099-0300] {logging_mixin.py:188} INFO - [2025-08-06T10:02:16.098-0300] {dagbag.py:538} INFO - Filling up the DagBag from /root/airflow_env/lib/python3.10/site-packages/airflow/example_dags/example_branch_datetime_operator.py
[2025-08-06T10:02:16.128-0300] {processor.py:840} INFO - DAG(s) 'example_branch_datetime_operator_2', 'example_branch_datetime_operator', 'example_branch_datetime_operator_3' retrieved from /root/airflow_env/lib/python3.10/site-packages/airflow/example_dags/example_branch_datetime_operator.py
[2025-08-06T10:02:17.150-0300] {logging_mixin.py:188} INFO - [2025-08-06T10:02:17.149-0300] {dag.py:3036} INFO - Sync 3 DAGs
[2025-08-06T10:02:17.218-0300] {logging_mixin.py:188} INFO - [2025-08-06T10:02:17.218-0300] {dag.py:3823} INFO - Setting next_dagrun for example_branch_datetime_operator to 2025-08-05 00:00:00+00:00, run_after=2025-08-06 00:00:00+00:00
[2025-08-06T10:02:17.227-0300] {logging_mixin.py:188} INFO - [2025-08-06T10:02:17.227-0300] {dag.py:3823} INFO - Setting next_dagrun for example_branch_datetime_operator_2 to 2025-08-05 00:00:00+00:00, run_after=2025-08-06 00:00:00+00:00
[2025-08-06T10:02:17.231-0300] {logging_mixin.py:188} INFO - [2025-08-06T10:02:17.231-0300] {dag.py:3823} INFO - Setting next_dagrun for example_branch_datetime_operator_3 to 2025-08-05 00:00:00+00:00, run_after=2025-08-06 00:00:00+00:00
[2025-08-06T10:02:21.429-0300] {processor.py:183} INFO - Processing /root/airflow_env/lib/python3.10/site-packages/airflow/example_dags/example_branch_datetime_operator.py took 5.731 seconds
[2025-08-06T10:04:47.447-0300] {processor.py:161} INFO - Started process (PID=102681) to work on /root/airflow_env/lib/python3.10/site-packages/airflow/example_dags/example_branch_datetime_operator.py
[2025-08-06T10:04:47.452-0300] {processor.py:830} INFO - Processing file /root/airflow_env/lib/python3.10/site-packages/airflow/example_dags/example_branch_datetime_operator.py for tasks to queue
[2025-08-06T10:04:47.464-0300] {logging_mixin.py:188} INFO - [2025-08-06T10:04:47.454-0300] {dagbag.py:538} INFO - Filling up the DagBag from /root/airflow_env/lib/python3.10/site-packages/airflow/example_dags/example_branch_datetime_operator.py
[2025-08-06T10:04:47.556-0300] {processor.py:840} INFO - DAG(s) 'example_branch_datetime_operator_2', 'example_branch_datetime_operator_3', 'example_branch_datetime_operator' retrieved from /root/airflow_env/lib/python3.10/site-packages/airflow/example_dags/example_branch_datetime_operator.py
[2025-08-06T10:04:47.748-0300] {logging_mixin.py:188} INFO - [2025-08-06T10:04:47.747-0300] {dag.py:3036} INFO - Sync 3 DAGs
[2025-08-06T10:04:47.941-0300] {logging_mixin.py:188} INFO - [2025-08-06T10:04:47.940-0300] {dag.py:3823} INFO - Setting next_dagrun for example_branch_datetime_operator to 2025-08-05 00:00:00+00:00, run_after=2025-08-06 00:00:00+00:00
[2025-08-06T10:04:47.988-0300] {logging_mixin.py:188} INFO - [2025-08-06T10:04:47.977-0300] {dag.py:3823} INFO - Setting next_dagrun for example_branch_datetime_operator_2 to 2025-08-05 00:00:00+00:00, run_after=2025-08-06 00:00:00+00:00
[2025-08-06T10:04:48.006-0300] {logging_mixin.py:188} INFO - [2025-08-06T10:04:47.995-0300] {dag.py:3823} INFO - Setting next_dagrun for example_branch_datetime_operator_3 to 2025-08-05 00:00:00+00:00, run_after=2025-08-06 00:00:00+00:00
[2025-08-06T10:04:48.132-0300] {processor.py:183} INFO - Processing /root/airflow_env/lib/python3.10/site-packages/airflow/example_dags/example_branch_datetime_operator.py took 0.718 seconds
