[2025-08-06T09:59:38.733-0300] {processor.py:161} INFO - Started process (PID=102103) to work on /root/airflow_env/lib/python3.10/site-packages/airflow/example_dags/tutorial.py
[2025-08-06T09:59:38.747-0300] {processor.py:830} INFO - Processing file /root/airflow_env/lib/python3.10/site-packages/airflow/example_dags/tutorial.py for tasks to queue
[2025-08-06T09:59:38.752-0300] {logging_mixin.py:188} INFO - [2025-08-06T09:59:38.750-0300] {dagbag.py:538} INFO - Filling up the DagBag from /root/airflow_env/lib/python3.10/site-packages/airflow/example_dags/tutorial.py
[2025-08-06T09:59:38.962-0300] {processor.py:840} INFO - DAG(s) 'tutorial' retrieved from /root/airflow_env/lib/python3.10/site-packages/airflow/example_dags/tutorial.py
[2025-08-06T09:59:39.153-0300] {logging_mixin.py:188} INFO - [2025-08-06T09:59:39.152-0300] {dag.py:3036} INFO - Sync 1 DAGs
[2025-08-06T09:59:39.393-0300] {logging_mixin.py:188} INFO - [2025-08-06T09:59:39.382-0300] {dag.py:3823} INFO - Setting next_dagrun for tutorial to 2025-08-05 00:00:00+00:00, run_after=2025-08-06 00:00:00+00:00
[2025-08-06T09:59:39.663-0300] {processor.py:183} INFO - Processing /root/airflow_env/lib/python3.10/site-packages/airflow/example_dags/tutorial.py took 0.965 seconds
[2025-08-06T10:01:14.466-0300] {processor.py:161} INFO - Started process (PID=102549) to work on /root/airflow_env/lib/python3.10/site-packages/airflow/example_dags/tutorial.py
[2025-08-06T10:01:14.471-0300] {processor.py:830} INFO - Processing file /root/airflow_env/lib/python3.10/site-packages/airflow/example_dags/tutorial.py for tasks to queue
[2025-08-06T10:01:14.474-0300] {logging_mixin.py:188} INFO - [2025-08-06T10:01:14.473-0300] {dagbag.py:538} INFO - Filling up the DagBag from /root/airflow_env/lib/python3.10/site-packages/airflow/example_dags/tutorial.py
[2025-08-06T10:01:14.499-0300] {processor.py:840} INFO - DAG(s) 'tutorial' retrieved from /root/airflow_env/lib/python3.10/site-packages/airflow/example_dags/tutorial.py
[2025-08-06T10:01:14.542-0300] {logging_mixin.py:188} INFO - [2025-08-06T10:01:14.541-0300] {dag.py:3036} INFO - Sync 1 DAGs
[2025-08-06T10:01:14.604-0300] {logging_mixin.py:188} INFO - [2025-08-06T10:01:14.604-0300] {dag.py:3823} INFO - Setting next_dagrun for tutorial to 2025-08-05 00:00:00+00:00, run_after=2025-08-06 00:00:00+00:00
[2025-08-06T10:01:14.653-0300] {processor.py:183} INFO - Processing /root/airflow_env/lib/python3.10/site-packages/airflow/example_dags/tutorial.py took 0.200 seconds
[2025-08-06T10:02:44.162-0300] {processor.py:161} INFO - Started process (PID=102609) to work on /root/airflow_env/lib/python3.10/site-packages/airflow/example_dags/tutorial.py
[2025-08-06T10:02:44.167-0300] {processor.py:830} INFO - Processing file /root/airflow_env/lib/python3.10/site-packages/airflow/example_dags/tutorial.py for tasks to queue
[2025-08-06T10:02:44.177-0300] {logging_mixin.py:188} INFO - [2025-08-06T10:02:44.175-0300] {dagbag.py:538} INFO - Filling up the DagBag from /root/airflow_env/lib/python3.10/site-packages/airflow/example_dags/tutorial.py
[2025-08-06T10:02:44.231-0300] {processor.py:840} INFO - DAG(s) 'tutorial' retrieved from /root/airflow_env/lib/python3.10/site-packages/airflow/example_dags/tutorial.py
[2025-08-06T10:02:44.311-0300] {logging_mixin.py:188} INFO - [2025-08-06T10:02:44.310-0300] {dag.py:3036} INFO - Sync 1 DAGs
[2025-08-06T10:02:44.374-0300] {logging_mixin.py:188} INFO - [2025-08-06T10:02:44.373-0300] {dag.py:3823} INFO - Setting next_dagrun for tutorial to 2025-08-05 00:00:00+00:00, run_after=2025-08-06 00:00:00+00:00
[2025-08-06T10:02:44.634-0300] {processor.py:183} INFO - Processing /root/airflow_env/lib/python3.10/site-packages/airflow/example_dags/tutorial.py took 0.494 seconds
[2025-08-06T10:04:11.046-0300] {processor.py:161} INFO - Started process (PID=102654) to work on /root/airflow_env/lib/python3.10/site-packages/airflow/example_dags/tutorial.py
[2025-08-06T10:04:11.056-0300] {processor.py:830} INFO - Processing file /root/airflow_env/lib/python3.10/site-packages/airflow/example_dags/tutorial.py for tasks to queue
[2025-08-06T10:04:11.060-0300] {logging_mixin.py:188} INFO - [2025-08-06T10:04:11.059-0300] {dagbag.py:538} INFO - Filling up the DagBag from /root/airflow_env/lib/python3.10/site-packages/airflow/example_dags/tutorial.py
[2025-08-06T10:04:11.099-0300] {processor.py:840} INFO - DAG(s) 'tutorial' retrieved from /root/airflow_env/lib/python3.10/site-packages/airflow/example_dags/tutorial.py
[2025-08-06T10:04:11.199-0300] {logging_mixin.py:188} INFO - [2025-08-06T10:04:11.198-0300] {dag.py:3036} INFO - Sync 1 DAGs
[2025-08-06T10:04:11.290-0300] {logging_mixin.py:188} INFO - [2025-08-06T10:04:11.289-0300] {dag.py:3823} INFO - Setting next_dagrun for tutorial to 2025-08-05 00:00:00+00:00, run_after=2025-08-06 00:00:00+00:00
[2025-08-06T10:04:11.395-0300] {processor.py:183} INFO - Processing /root/airflow_env/lib/python3.10/site-packages/airflow/example_dags/tutorial.py took 0.369 seconds
[2025-08-06T10:05:05.314-0300] {processor.py:161} INFO - Started process (PID=102692) to work on /root/airflow_env/lib/python3.10/site-packages/airflow/example_dags/tutorial.py
[2025-08-06T10:05:05.397-0300] {processor.py:830} INFO - Processing file /root/airflow_env/lib/python3.10/site-packages/airflow/example_dags/tutorial.py for tasks to queue
[2025-08-06T10:05:05.403-0300] {logging_mixin.py:188} INFO - [2025-08-06T10:05:05.401-0300] {dagbag.py:538} INFO - Filling up the DagBag from /root/airflow_env/lib/python3.10/site-packages/airflow/example_dags/tutorial.py
[2025-08-06T10:05:05.465-0300] {processor.py:840} INFO - DAG(s) 'tutorial' retrieved from /root/airflow_env/lib/python3.10/site-packages/airflow/example_dags/tutorial.py
[2025-08-06T10:05:05.565-0300] {logging_mixin.py:188} INFO - [2025-08-06T10:05:05.565-0300] {dag.py:3036} INFO - Sync 1 DAGs
[2025-08-06T10:05:05.728-0300] {logging_mixin.py:188} INFO - [2025-08-06T10:05:05.727-0300] {dag.py:3823} INFO - Setting next_dagrun for tutorial to 2025-08-05 00:00:00+00:00, run_after=2025-08-06 00:00:00+00:00
[2025-08-06T10:05:06.208-0300] {processor.py:183} INFO - Processing /root/airflow_env/lib/python3.10/site-packages/airflow/example_dags/tutorial.py took 0.902 seconds
[2025-08-06T10:06:15.501-0300] {processor.py:161} INFO - Started process (PID=102724) to work on /root/airflow_env/lib/python3.10/site-packages/airflow/example_dags/tutorial.py
[2025-08-06T10:06:15.514-0300] {processor.py:830} INFO - Processing file /root/airflow_env/lib/python3.10/site-packages/airflow/example_dags/tutorial.py for tasks to queue
[2025-08-06T10:06:15.517-0300] {logging_mixin.py:188} INFO - [2025-08-06T10:06:15.516-0300] {dagbag.py:538} INFO - Filling up the DagBag from /root/airflow_env/lib/python3.10/site-packages/airflow/example_dags/tutorial.py
[2025-08-06T10:06:15.566-0300] {processor.py:840} INFO - DAG(s) 'tutorial' retrieved from /root/airflow_env/lib/python3.10/site-packages/airflow/example_dags/tutorial.py
[2025-08-06T10:06:15.679-0300] {logging_mixin.py:188} INFO - [2025-08-06T10:06:15.679-0300] {dag.py:3036} INFO - Sync 1 DAGs
[2025-08-06T10:06:15.825-0300] {logging_mixin.py:188} INFO - [2025-08-06T10:06:15.824-0300] {dag.py:3823} INFO - Setting next_dagrun for tutorial to 2025-08-05 00:00:00+00:00, run_after=2025-08-06 00:00:00+00:00
[2025-08-06T10:06:15.948-0300] {processor.py:183} INFO - Processing /root/airflow_env/lib/python3.10/site-packages/airflow/example_dags/tutorial.py took 0.466 seconds
