[2025-08-06T09:59:40.433-0300] {processor.py:161} INFO - Started process (PID=102109) to work on /root/airflow_env/lib/python3.10/site-packages/airflow/example_dags/tutorial_taskflow_api_virtualenv.py
[2025-08-06T09:59:40.437-0300] {processor.py:830} INFO - Processing file /root/airflow_env/lib/python3.10/site-packages/airflow/example_dags/tutorial_taskflow_api_virtualenv.py for tasks to queue
[2025-08-06T09:59:40.451-0300] {logging_mixin.py:188} INFO - [2025-08-06T09:59:40.450-0300] {dagbag.py:538} INFO - Filling up the DagBag from /root/airflow_env/lib/python3.10/site-packages/airflow/example_dags/tutorial_taskflow_api_virtualenv.py
[2025-08-06T09:59:40.641-0300] {processor.py:840} INFO - DAG(s) 'tutorial_taskflow_api_virtualenv' retrieved from /root/airflow_env/lib/python3.10/site-packages/airflow/example_dags/tutorial_taskflow_api_virtualenv.py
[2025-08-06T09:59:41.140-0300] {logging_mixin.py:188} INFO - [2025-08-06T09:59:41.127-0300] {dag.py:3036} INFO - Sync 1 DAGs
[2025-08-06T09:59:41.287-0300] {logging_mixin.py:188} INFO - [2025-08-06T09:59:41.286-0300] {dag.py:3823} INFO - Setting next_dagrun for tutorial_taskflow_api_virtualenv to None, run_after=None
[2025-08-06T09:59:41.798-0300] {processor.py:183} INFO - Processing /root/airflow_env/lib/python3.10/site-packages/airflow/example_dags/tutorial_taskflow_api_virtualenv.py took 1.408 seconds
[2025-08-06T10:01:15.871-0300] {processor.py:161} INFO - Started process (PID=102550) to work on /root/airflow_env/lib/python3.10/site-packages/airflow/example_dags/tutorial_taskflow_api_virtualenv.py
[2025-08-06T10:01:15.874-0300] {processor.py:830} INFO - Processing file /root/airflow_env/lib/python3.10/site-packages/airflow/example_dags/tutorial_taskflow_api_virtualenv.py for tasks to queue
[2025-08-06T10:01:15.876-0300] {logging_mixin.py:188} INFO - [2025-08-06T10:01:15.875-0300] {dagbag.py:538} INFO - Filling up the DagBag from /root/airflow_env/lib/python3.10/site-packages/airflow/example_dags/tutorial_taskflow_api_virtualenv.py
[2025-08-06T10:01:15.906-0300] {processor.py:840} INFO - DAG(s) 'tutorial_taskflow_api_virtualenv' retrieved from /root/airflow_env/lib/python3.10/site-packages/airflow/example_dags/tutorial_taskflow_api_virtualenv.py
[2025-08-06T10:01:15.943-0300] {logging_mixin.py:188} INFO - [2025-08-06T10:01:15.943-0300] {dag.py:3036} INFO - Sync 1 DAGs
[2025-08-06T10:01:15.969-0300] {logging_mixin.py:188} INFO - [2025-08-06T10:01:15.969-0300] {dag.py:3823} INFO - Setting next_dagrun for tutorial_taskflow_api_virtualenv to None, run_after=None
[2025-08-06T10:01:16.018-0300] {processor.py:183} INFO - Processing /root/airflow_env/lib/python3.10/site-packages/airflow/example_dags/tutorial_taskflow_api_virtualenv.py took 0.155 seconds
[2025-08-06T10:02:45.473-0300] {processor.py:161} INFO - Started process (PID=102610) to work on /root/airflow_env/lib/python3.10/site-packages/airflow/example_dags/tutorial_taskflow_api_virtualenv.py
[2025-08-06T10:02:45.523-0300] {processor.py:830} INFO - Processing file /root/airflow_env/lib/python3.10/site-packages/airflow/example_dags/tutorial_taskflow_api_virtualenv.py for tasks to queue
[2025-08-06T10:02:45.526-0300] {logging_mixin.py:188} INFO - [2025-08-06T10:02:45.525-0300] {dagbag.py:538} INFO - Filling up the DagBag from /root/airflow_env/lib/python3.10/site-packages/airflow/example_dags/tutorial_taskflow_api_virtualenv.py
[2025-08-06T10:02:45.573-0300] {processor.py:840} INFO - DAG(s) 'tutorial_taskflow_api_virtualenv' retrieved from /root/airflow_env/lib/python3.10/site-packages/airflow/example_dags/tutorial_taskflow_api_virtualenv.py
[2025-08-06T10:02:45.652-0300] {logging_mixin.py:188} INFO - [2025-08-06T10:02:45.651-0300] {dag.py:3036} INFO - Sync 1 DAGs
[2025-08-06T10:02:45.720-0300] {logging_mixin.py:188} INFO - [2025-08-06T10:02:45.719-0300] {dag.py:3823} INFO - Setting next_dagrun for tutorial_taskflow_api_virtualenv to None, run_after=None
[2025-08-06T10:02:45.820-0300] {processor.py:183} INFO - Processing /root/airflow_env/lib/python3.10/site-packages/airflow/example_dags/tutorial_taskflow_api_virtualenv.py took 0.366 seconds
[2025-08-06T10:04:12.547-0300] {processor.py:161} INFO - Started process (PID=102655) to work on /root/airflow_env/lib/python3.10/site-packages/airflow/example_dags/tutorial_taskflow_api_virtualenv.py
[2025-08-06T10:04:12.550-0300] {processor.py:830} INFO - Processing file /root/airflow_env/lib/python3.10/site-packages/airflow/example_dags/tutorial_taskflow_api_virtualenv.py for tasks to queue
[2025-08-06T10:04:12.553-0300] {logging_mixin.py:188} INFO - [2025-08-06T10:04:12.552-0300] {dagbag.py:538} INFO - Filling up the DagBag from /root/airflow_env/lib/python3.10/site-packages/airflow/example_dags/tutorial_taskflow_api_virtualenv.py
[2025-08-06T10:04:12.594-0300] {processor.py:840} INFO - DAG(s) 'tutorial_taskflow_api_virtualenv' retrieved from /root/airflow_env/lib/python3.10/site-packages/airflow/example_dags/tutorial_taskflow_api_virtualenv.py
[2025-08-06T10:04:12.675-0300] {logging_mixin.py:188} INFO - [2025-08-06T10:04:12.674-0300] {dag.py:3036} INFO - Sync 1 DAGs
[2025-08-06T10:04:12.746-0300] {logging_mixin.py:188} INFO - [2025-08-06T10:04:12.745-0300] {dag.py:3823} INFO - Setting next_dagrun for tutorial_taskflow_api_virtualenv to None, run_after=None
[2025-08-06T10:04:12.876-0300] {processor.py:183} INFO - Processing /root/airflow_env/lib/python3.10/site-packages/airflow/example_dags/tutorial_taskflow_api_virtualenv.py took 0.341 seconds
[2025-08-06T10:05:07.876-0300] {processor.py:161} INFO - Started process (PID=102693) to work on /root/airflow_env/lib/python3.10/site-packages/airflow/example_dags/tutorial_taskflow_api_virtualenv.py
[2025-08-06T10:05:07.912-0300] {processor.py:830} INFO - Processing file /root/airflow_env/lib/python3.10/site-packages/airflow/example_dags/tutorial_taskflow_api_virtualenv.py for tasks to queue
[2025-08-06T10:05:07.915-0300] {logging_mixin.py:188} INFO - [2025-08-06T10:05:07.914-0300] {dagbag.py:538} INFO - Filling up the DagBag from /root/airflow_env/lib/python3.10/site-packages/airflow/example_dags/tutorial_taskflow_api_virtualenv.py
[2025-08-06T10:05:07.999-0300] {processor.py:840} INFO - DAG(s) 'tutorial_taskflow_api_virtualenv' retrieved from /root/airflow_env/lib/python3.10/site-packages/airflow/example_dags/tutorial_taskflow_api_virtualenv.py
[2025-08-06T10:05:08.112-0300] {logging_mixin.py:188} INFO - [2025-08-06T10:05:08.111-0300] {dag.py:3036} INFO - Sync 1 DAGs
[2025-08-06T10:05:08.195-0300] {logging_mixin.py:188} INFO - [2025-08-06T10:05:08.195-0300] {dag.py:3823} INFO - Setting next_dagrun for tutorial_taskflow_api_virtualenv to None, run_after=None
[2025-08-06T10:05:08.531-0300] {processor.py:183} INFO - Processing /root/airflow_env/lib/python3.10/site-packages/airflow/example_dags/tutorial_taskflow_api_virtualenv.py took 0.684 seconds
[2025-08-06T10:06:16.550-0300] {processor.py:161} INFO - Started process (PID=102725) to work on /root/airflow_env/lib/python3.10/site-packages/airflow/example_dags/tutorial_taskflow_api_virtualenv.py
[2025-08-06T10:06:16.553-0300] {processor.py:830} INFO - Processing file /root/airflow_env/lib/python3.10/site-packages/airflow/example_dags/tutorial_taskflow_api_virtualenv.py for tasks to queue
[2025-08-06T10:06:16.555-0300] {logging_mixin.py:188} INFO - [2025-08-06T10:06:16.554-0300] {dagbag.py:538} INFO - Filling up the DagBag from /root/airflow_env/lib/python3.10/site-packages/airflow/example_dags/tutorial_taskflow_api_virtualenv.py
[2025-08-06T10:06:16.585-0300] {processor.py:840} INFO - DAG(s) 'tutorial_taskflow_api_virtualenv' retrieved from /root/airflow_env/lib/python3.10/site-packages/airflow/example_dags/tutorial_taskflow_api_virtualenv.py
[2025-08-06T10:06:16.622-0300] {logging_mixin.py:188} INFO - [2025-08-06T10:06:16.622-0300] {dag.py:3036} INFO - Sync 1 DAGs
[2025-08-06T10:06:16.653-0300] {logging_mixin.py:188} INFO - [2025-08-06T10:06:16.652-0300] {dag.py:3823} INFO - Setting next_dagrun for tutorial_taskflow_api_virtualenv to None, run_after=None
[2025-08-06T10:06:16.710-0300] {processor.py:183} INFO - Processing /root/airflow_env/lib/python3.10/site-packages/airflow/example_dags/tutorial_taskflow_api_virtualenv.py took 0.169 seconds
