[2025-08-06T09:59:36.519-0300] {processor.py:161} INFO - Started process (PID=102101) to work on /root/airflow_env/lib/python3.10/site-packages/airflow/example_dags/tutorial_dag.py
[2025-08-06T09:59:36.532-0300] {processor.py:830} INFO - Processing file /root/airflow_env/lib/python3.10/site-packages/airflow/example_dags/tutorial_dag.py for tasks to queue
[2025-08-06T09:59:36.535-0300] {logging_mixin.py:188} INFO - [2025-08-06T09:59:36.534-0300] {dagbag.py:538} INFO - Filling up the DagBag from /root/airflow_env/lib/python3.10/site-packages/airflow/example_dags/tutorial_dag.py
[2025-08-06T09:59:36.827-0300] {processor.py:840} INFO - DAG(s) 'tutorial_dag' retrieved from /root/airflow_env/lib/python3.10/site-packages/airflow/example_dags/tutorial_dag.py
[2025-08-06T09:59:37.103-0300] {logging_mixin.py:188} INFO - [2025-08-06T09:59:37.102-0300] {dag.py:3036} INFO - Sync 1 DAGs
[2025-08-06T09:59:37.231-0300] {logging_mixin.py:188} INFO - [2025-08-06T09:59:37.231-0300] {dag.py:3823} INFO - Setting next_dagrun for tutorial_dag to None, run_after=None
[2025-08-06T09:59:37.694-0300] {processor.py:183} INFO - Processing /root/airflow_env/lib/python3.10/site-packages/airflow/example_dags/tutorial_dag.py took 1.210 seconds
[2025-08-06T10:01:12.912-0300] {processor.py:161} INFO - Started process (PID=102548) to work on /root/airflow_env/lib/python3.10/site-packages/airflow/example_dags/tutorial_dag.py
[2025-08-06T10:01:12.984-0300] {processor.py:830} INFO - Processing file /root/airflow_env/lib/python3.10/site-packages/airflow/example_dags/tutorial_dag.py for tasks to queue
[2025-08-06T10:01:12.988-0300] {logging_mixin.py:188} INFO - [2025-08-06T10:01:12.986-0300] {dagbag.py:538} INFO - Filling up the DagBag from /root/airflow_env/lib/python3.10/site-packages/airflow/example_dags/tutorial_dag.py
[2025-08-06T10:01:13.039-0300] {processor.py:840} INFO - DAG(s) 'tutorial_dag' retrieved from /root/airflow_env/lib/python3.10/site-packages/airflow/example_dags/tutorial_dag.py
[2025-08-06T10:01:13.185-0300] {logging_mixin.py:188} INFO - [2025-08-06T10:01:13.185-0300] {dag.py:3036} INFO - Sync 1 DAGs
[2025-08-06T10:01:13.284-0300] {logging_mixin.py:188} INFO - [2025-08-06T10:01:13.283-0300] {dag.py:3823} INFO - Setting next_dagrun for tutorial_dag to None, run_after=None
[2025-08-06T10:01:13.413-0300] {processor.py:183} INFO - Processing /root/airflow_env/lib/python3.10/site-packages/airflow/example_dags/tutorial_dag.py took 0.535 seconds
[2025-08-06T10:02:42.610-0300] {processor.py:161} INFO - Started process (PID=102608) to work on /root/airflow_env/lib/python3.10/site-packages/airflow/example_dags/tutorial_dag.py
[2025-08-06T10:02:43.119-0300] {processor.py:830} INFO - Processing file /root/airflow_env/lib/python3.10/site-packages/airflow/example_dags/tutorial_dag.py for tasks to queue
[2025-08-06T10:02:43.125-0300] {logging_mixin.py:188} INFO - [2025-08-06T10:02:43.123-0300] {dagbag.py:538} INFO - Filling up the DagBag from /root/airflow_env/lib/python3.10/site-packages/airflow/example_dags/tutorial_dag.py
[2025-08-06T10:02:43.188-0300] {processor.py:840} INFO - DAG(s) 'tutorial_dag' retrieved from /root/airflow_env/lib/python3.10/site-packages/airflow/example_dags/tutorial_dag.py
[2025-08-06T10:02:43.365-0300] {logging_mixin.py:188} INFO - [2025-08-06T10:02:43.365-0300] {dag.py:3036} INFO - Sync 1 DAGs
[2025-08-06T10:02:43.476-0300] {logging_mixin.py:188} INFO - [2025-08-06T10:02:43.465-0300] {dag.py:3823} INFO - Setting next_dagrun for tutorial_dag to None, run_after=None
[2025-08-06T10:02:43.603-0300] {processor.py:183} INFO - Processing /root/airflow_env/lib/python3.10/site-packages/airflow/example_dags/tutorial_dag.py took 1.016 seconds
[2025-08-06T10:04:09.284-0300] {processor.py:161} INFO - Started process (PID=102653) to work on /root/airflow_env/lib/python3.10/site-packages/airflow/example_dags/tutorial_dag.py
[2025-08-06T10:04:09.289-0300] {processor.py:830} INFO - Processing file /root/airflow_env/lib/python3.10/site-packages/airflow/example_dags/tutorial_dag.py for tasks to queue
[2025-08-06T10:04:09.292-0300] {logging_mixin.py:188} INFO - [2025-08-06T10:04:09.291-0300] {dagbag.py:538} INFO - Filling up the DagBag from /root/airflow_env/lib/python3.10/site-packages/airflow/example_dags/tutorial_dag.py
[2025-08-06T10:04:09.351-0300] {processor.py:840} INFO - DAG(s) 'tutorial_dag' retrieved from /root/airflow_env/lib/python3.10/site-packages/airflow/example_dags/tutorial_dag.py
[2025-08-06T10:04:09.478-0300] {logging_mixin.py:188} INFO - [2025-08-06T10:04:09.477-0300] {dag.py:3036} INFO - Sync 1 DAGs
[2025-08-06T10:04:09.540-0300] {logging_mixin.py:188} INFO - [2025-08-06T10:04:09.539-0300] {dag.py:3823} INFO - Setting next_dagrun for tutorial_dag to None, run_after=None
[2025-08-06T10:04:09.719-0300] {processor.py:183} INFO - Processing /root/airflow_env/lib/python3.10/site-packages/airflow/example_dags/tutorial_dag.py took 0.444 seconds
[2025-08-06T10:05:02.632-0300] {processor.py:161} INFO - Started process (PID=102691) to work on /root/airflow_env/lib/python3.10/site-packages/airflow/example_dags/tutorial_dag.py
[2025-08-06T10:05:02.703-0300] {processor.py:830} INFO - Processing file /root/airflow_env/lib/python3.10/site-packages/airflow/example_dags/tutorial_dag.py for tasks to queue
[2025-08-06T10:05:02.707-0300] {logging_mixin.py:188} INFO - [2025-08-06T10:05:02.705-0300] {dagbag.py:538} INFO - Filling up the DagBag from /root/airflow_env/lib/python3.10/site-packages/airflow/example_dags/tutorial_dag.py
[2025-08-06T10:05:02.732-0300] {processor.py:840} INFO - DAG(s) 'tutorial_dag' retrieved from /root/airflow_env/lib/python3.10/site-packages/airflow/example_dags/tutorial_dag.py
[2025-08-06T10:05:02.776-0300] {logging_mixin.py:188} INFO - [2025-08-06T10:05:02.776-0300] {dag.py:3036} INFO - Sync 1 DAGs
[2025-08-06T10:05:02.799-0300] {logging_mixin.py:188} INFO - [2025-08-06T10:05:02.798-0300] {dag.py:3823} INFO - Setting next_dagrun for tutorial_dag to None, run_after=None
[2025-08-06T10:05:03.337-0300] {processor.py:183} INFO - Processing /root/airflow_env/lib/python3.10/site-packages/airflow/example_dags/tutorial_dag.py took 0.725 seconds
[2025-08-06T10:06:13.892-0300] {processor.py:161} INFO - Started process (PID=102723) to work on /root/airflow_env/lib/python3.10/site-packages/airflow/example_dags/tutorial_dag.py
[2025-08-06T10:06:13.908-0300] {processor.py:830} INFO - Processing file /root/airflow_env/lib/python3.10/site-packages/airflow/example_dags/tutorial_dag.py for tasks to queue
[2025-08-06T10:06:13.911-0300] {logging_mixin.py:188} INFO - [2025-08-06T10:06:13.910-0300] {dagbag.py:538} INFO - Filling up the DagBag from /root/airflow_env/lib/python3.10/site-packages/airflow/example_dags/tutorial_dag.py
[2025-08-06T10:06:13.955-0300] {processor.py:840} INFO - DAG(s) 'tutorial_dag' retrieved from /root/airflow_env/lib/python3.10/site-packages/airflow/example_dags/tutorial_dag.py
[2025-08-06T10:06:14.073-0300] {logging_mixin.py:188} INFO - [2025-08-06T10:06:14.073-0300] {dag.py:3036} INFO - Sync 1 DAGs
[2025-08-06T10:06:14.155-0300] {logging_mixin.py:188} INFO - [2025-08-06T10:06:14.154-0300] {dag.py:3823} INFO - Setting next_dagrun for tutorial_dag to None, run_after=None
[2025-08-06T10:06:14.292-0300] {processor.py:183} INFO - Processing /root/airflow_env/lib/python3.10/site-packages/airflow/example_dags/tutorial_dag.py took 0.430 seconds
