[2025-08-06T09:59:30.308-0300] {processor.py:161} INFO - Started process (PID=102078) to work on /root/airflow_env/lib/python3.10/site-packages/airflow/example_dags/tutorial_taskflow_api.py
[2025-08-06T09:59:30.313-0300] {processor.py:830} INFO - Processing file /root/airflow_env/lib/python3.10/site-packages/airflow/example_dags/tutorial_taskflow_api.py for tasks to queue
[2025-08-06T09:59:30.327-0300] {logging_mixin.py:188} INFO - [2025-08-06T09:59:30.325-0300] {dagbag.py:538} INFO - Filling up the DagBag from /root/airflow_env/lib/python3.10/site-packages/airflow/example_dags/tutorial_taskflow_api.py
[2025-08-06T09:59:30.411-0300] {processor.py:840} INFO - DAG(s) 'tutorial_taskflow_api' retrieved from /root/airflow_env/lib/python3.10/site-packages/airflow/example_dags/tutorial_taskflow_api.py
[2025-08-06T09:59:30.583-0300] {logging_mixin.py:188} INFO - [2025-08-06T09:59:30.582-0300] {dag.py:3036} INFO - Sync 1 DAGs
[2025-08-06T09:59:30.699-0300] {logging_mixin.py:188} INFO - [2025-08-06T09:59:30.698-0300] {dag.py:3823} INFO - Setting next_dagrun for tutorial_taskflow_api to None, run_after=None
[2025-08-06T09:59:30.905-0300] {processor.py:183} INFO - Processing /root/airflow_env/lib/python3.10/site-packages/airflow/example_dags/tutorial_taskflow_api.py took 0.622 seconds
[2025-08-06T10:01:10.077-0300] {processor.py:161} INFO - Started process (PID=102546) to work on /root/airflow_env/lib/python3.10/site-packages/airflow/example_dags/tutorial_taskflow_api.py
[2025-08-06T10:01:10.084-0300] {processor.py:830} INFO - Processing file /root/airflow_env/lib/python3.10/site-packages/airflow/example_dags/tutorial_taskflow_api.py for tasks to queue
[2025-08-06T10:01:10.094-0300] {logging_mixin.py:188} INFO - [2025-08-06T10:01:10.093-0300] {dagbag.py:538} INFO - Filling up the DagBag from /root/airflow_env/lib/python3.10/site-packages/airflow/example_dags/tutorial_taskflow_api.py
[2025-08-06T10:01:10.128-0300] {processor.py:840} INFO - DAG(s) 'tutorial_taskflow_api' retrieved from /root/airflow_env/lib/python3.10/site-packages/airflow/example_dags/tutorial_taskflow_api.py
[2025-08-06T10:01:10.192-0300] {logging_mixin.py:188} INFO - [2025-08-06T10:01:10.192-0300] {dag.py:3036} INFO - Sync 1 DAGs
[2025-08-06T10:01:10.265-0300] {logging_mixin.py:188} INFO - [2025-08-06T10:01:10.264-0300] {dag.py:3823} INFO - Setting next_dagrun for tutorial_taskflow_api to None, run_after=None
[2025-08-06T10:01:10.519-0300] {processor.py:183} INFO - Processing /root/airflow_env/lib/python3.10/site-packages/airflow/example_dags/tutorial_taskflow_api.py took 0.465 seconds
[2025-08-06T10:02:40.553-0300] {processor.py:161} INFO - Started process (PID=102606) to work on /root/airflow_env/lib/python3.10/site-packages/airflow/example_dags/tutorial_taskflow_api.py
[2025-08-06T10:02:40.557-0300] {processor.py:830} INFO - Processing file /root/airflow_env/lib/python3.10/site-packages/airflow/example_dags/tutorial_taskflow_api.py for tasks to queue
[2025-08-06T10:02:40.559-0300] {logging_mixin.py:188} INFO - [2025-08-06T10:02:40.558-0300] {dagbag.py:538} INFO - Filling up the DagBag from /root/airflow_env/lib/python3.10/site-packages/airflow/example_dags/tutorial_taskflow_api.py
[2025-08-06T10:02:40.576-0300] {processor.py:840} INFO - DAG(s) 'tutorial_taskflow_api' retrieved from /root/airflow_env/lib/python3.10/site-packages/airflow/example_dags/tutorial_taskflow_api.py
[2025-08-06T10:02:40.615-0300] {logging_mixin.py:188} INFO - [2025-08-06T10:02:40.614-0300] {dag.py:3036} INFO - Sync 1 DAGs
[2025-08-06T10:02:40.658-0300] {logging_mixin.py:188} INFO - [2025-08-06T10:02:40.658-0300] {dag.py:3823} INFO - Setting next_dagrun for tutorial_taskflow_api to None, run_after=None
[2025-08-06T10:02:40.739-0300] {processor.py:183} INFO - Processing /root/airflow_env/lib/python3.10/site-packages/airflow/example_dags/tutorial_taskflow_api.py took 0.193 seconds
[2025-08-06T10:04:06.680-0300] {processor.py:161} INFO - Started process (PID=102651) to work on /root/airflow_env/lib/python3.10/site-packages/airflow/example_dags/tutorial_taskflow_api.py
[2025-08-06T10:04:06.691-0300] {processor.py:830} INFO - Processing file /root/airflow_env/lib/python3.10/site-packages/airflow/example_dags/tutorial_taskflow_api.py for tasks to queue
[2025-08-06T10:04:06.697-0300] {logging_mixin.py:188} INFO - [2025-08-06T10:04:06.693-0300] {dagbag.py:538} INFO - Filling up the DagBag from /root/airflow_env/lib/python3.10/site-packages/airflow/example_dags/tutorial_taskflow_api.py
[2025-08-06T10:04:06.779-0300] {processor.py:840} INFO - DAG(s) 'tutorial_taskflow_api' retrieved from /root/airflow_env/lib/python3.10/site-packages/airflow/example_dags/tutorial_taskflow_api.py
[2025-08-06T10:04:06.955-0300] {logging_mixin.py:188} INFO - [2025-08-06T10:04:06.954-0300] {dag.py:3036} INFO - Sync 1 DAGs
[2025-08-06T10:04:07.083-0300] {logging_mixin.py:188} INFO - [2025-08-06T10:04:07.072-0300] {dag.py:3823} INFO - Setting next_dagrun for tutorial_taskflow_api to None, run_after=None
[2025-08-06T10:04:07.326-0300] {processor.py:183} INFO - Processing /root/airflow_env/lib/python3.10/site-packages/airflow/example_dags/tutorial_taskflow_api.py took 0.667 seconds
[2025-08-06T10:04:59.457-0300] {processor.py:161} INFO - Started process (PID=102689) to work on /root/airflow_env/lib/python3.10/site-packages/airflow/example_dags/tutorial_taskflow_api.py
[2025-08-06T10:04:59.471-0300] {processor.py:830} INFO - Processing file /root/airflow_env/lib/python3.10/site-packages/airflow/example_dags/tutorial_taskflow_api.py for tasks to queue
[2025-08-06T10:04:59.475-0300] {logging_mixin.py:188} INFO - [2025-08-06T10:04:59.473-0300] {dagbag.py:538} INFO - Filling up the DagBag from /root/airflow_env/lib/python3.10/site-packages/airflow/example_dags/tutorial_taskflow_api.py
[2025-08-06T10:04:59.538-0300] {processor.py:840} INFO - DAG(s) 'tutorial_taskflow_api' retrieved from /root/airflow_env/lib/python3.10/site-packages/airflow/example_dags/tutorial_taskflow_api.py
[2025-08-06T10:04:59.682-0300] {logging_mixin.py:188} INFO - [2025-08-06T10:04:59.672-0300] {dag.py:3036} INFO - Sync 1 DAGs
[2025-08-06T10:04:59.785-0300] {logging_mixin.py:188} INFO - [2025-08-06T10:04:59.785-0300] {dag.py:3823} INFO - Setting next_dagrun for tutorial_taskflow_api to None, run_after=None
[2025-08-06T10:04:59.947-0300] {processor.py:183} INFO - Processing /root/airflow_env/lib/python3.10/site-packages/airflow/example_dags/tutorial_taskflow_api.py took 0.510 seconds
[2025-08-06T10:06:11.433-0300] {processor.py:161} INFO - Started process (PID=102721) to work on /root/airflow_env/lib/python3.10/site-packages/airflow/example_dags/tutorial_taskflow_api.py
[2025-08-06T10:06:11.437-0300] {processor.py:830} INFO - Processing file /root/airflow_env/lib/python3.10/site-packages/airflow/example_dags/tutorial_taskflow_api.py for tasks to queue
[2025-08-06T10:06:11.440-0300] {logging_mixin.py:188} INFO - [2025-08-06T10:06:11.438-0300] {dagbag.py:538} INFO - Filling up the DagBag from /root/airflow_env/lib/python3.10/site-packages/airflow/example_dags/tutorial_taskflow_api.py
[2025-08-06T10:06:11.501-0300] {processor.py:840} INFO - DAG(s) 'tutorial_taskflow_api' retrieved from /root/airflow_env/lib/python3.10/site-packages/airflow/example_dags/tutorial_taskflow_api.py
[2025-08-06T10:06:11.632-0300] {logging_mixin.py:188} INFO - [2025-08-06T10:06:11.632-0300] {dag.py:3036} INFO - Sync 1 DAGs
[2025-08-06T10:06:11.729-0300] {logging_mixin.py:188} INFO - [2025-08-06T10:06:11.728-0300] {dag.py:3823} INFO - Setting next_dagrun for tutorial_taskflow_api to None, run_after=None
[2025-08-06T10:06:11.892-0300] {processor.py:183} INFO - Processing /root/airflow_env/lib/python3.10/site-packages/airflow/example_dags/tutorial_taskflow_api.py took 0.490 seconds
