[2025-08-06T09:59:45.449-0300] {processor.py:161} INFO - Started process (PID=102186) to work on /root/airflow_env/lib/python3.10/site-packages/airflow/example_dags/tutorial_objectstorage.py
[2025-08-06T09:59:45.981-0300] {processor.py:830} INFO - Processing file /root/airflow_env/lib/python3.10/site-packages/airflow/example_dags/tutorial_objectstorage.py for tasks to queue
[2025-08-06T09:59:46.119-0300] {logging_mixin.py:188} INFO - [2025-08-06T09:59:46.090-0300] {dagbag.py:538} INFO - Filling up the DagBag from /root/airflow_env/lib/python3.10/site-packages/airflow/example_dags/tutorial_objectstorage.py
[2025-08-06T09:59:47.980-0300] {processor.py:840} INFO - DAG(s) 'tutorial_objectstorage' retrieved from /root/airflow_env/lib/python3.10/site-packages/airflow/example_dags/tutorial_objectstorage.py
[2025-08-06T09:59:48.273-0300] {logging_mixin.py:188} INFO - [2025-08-06T09:59:48.273-0300] {dag.py:3036} INFO - Sync 1 DAGs
[2025-08-06T09:59:48.387-0300] {logging_mixin.py:188} INFO - [2025-08-06T09:59:48.387-0300] {dag.py:3823} INFO - Setting next_dagrun for tutorial_objectstorage to None, run_after=None
[2025-08-06T09:59:48.684-0300] {processor.py:183} INFO - Processing /root/airflow_env/lib/python3.10/site-packages/airflow/example_dags/tutorial_objectstorage.py took 3.941 seconds
[2025-08-06T10:01:17.144-0300] {processor.py:161} INFO - Started process (PID=102551) to work on /root/airflow_env/lib/python3.10/site-packages/airflow/example_dags/tutorial_objectstorage.py
[2025-08-06T10:01:17.147-0300] {processor.py:830} INFO - Processing file /root/airflow_env/lib/python3.10/site-packages/airflow/example_dags/tutorial_objectstorage.py for tasks to queue
[2025-08-06T10:01:17.149-0300] {logging_mixin.py:188} INFO - [2025-08-06T10:01:17.148-0300] {dagbag.py:538} INFO - Filling up the DagBag from /root/airflow_env/lib/python3.10/site-packages/airflow/example_dags/tutorial_objectstorage.py
[2025-08-06T10:01:17.176-0300] {processor.py:840} INFO - DAG(s) 'tutorial_objectstorage' retrieved from /root/airflow_env/lib/python3.10/site-packages/airflow/example_dags/tutorial_objectstorage.py
[2025-08-06T10:01:17.214-0300] {logging_mixin.py:188} INFO - [2025-08-06T10:01:17.213-0300] {dag.py:3036} INFO - Sync 1 DAGs
[2025-08-06T10:01:17.239-0300] {logging_mixin.py:188} INFO - [2025-08-06T10:01:17.239-0300] {dag.py:3823} INFO - Setting next_dagrun for tutorial_objectstorage to None, run_after=None
[2025-08-06T10:01:17.285-0300] {processor.py:183} INFO - Processing /root/airflow_env/lib/python3.10/site-packages/airflow/example_dags/tutorial_objectstorage.py took 0.148 seconds
[2025-08-06T10:02:46.575-0300] {processor.py:161} INFO - Started process (PID=102611) to work on /root/airflow_env/lib/python3.10/site-packages/airflow/example_dags/tutorial_objectstorage.py
[2025-08-06T10:02:46.580-0300] {processor.py:830} INFO - Processing file /root/airflow_env/lib/python3.10/site-packages/airflow/example_dags/tutorial_objectstorage.py for tasks to queue
[2025-08-06T10:02:46.582-0300] {logging_mixin.py:188} INFO - [2025-08-06T10:02:46.581-0300] {dagbag.py:538} INFO - Filling up the DagBag from /root/airflow_env/lib/python3.10/site-packages/airflow/example_dags/tutorial_objectstorage.py
[2025-08-06T10:02:46.612-0300] {processor.py:840} INFO - DAG(s) 'tutorial_objectstorage' retrieved from /root/airflow_env/lib/python3.10/site-packages/airflow/example_dags/tutorial_objectstorage.py
[2025-08-06T10:02:46.662-0300] {logging_mixin.py:188} INFO - [2025-08-06T10:02:46.662-0300] {dag.py:3036} INFO - Sync 1 DAGs
[2025-08-06T10:02:46.709-0300] {logging_mixin.py:188} INFO - [2025-08-06T10:02:46.709-0300] {dag.py:3823} INFO - Setting next_dagrun for tutorial_objectstorage to None, run_after=None
[2025-08-06T10:02:46.829-0300] {processor.py:183} INFO - Processing /root/airflow_env/lib/python3.10/site-packages/airflow/example_dags/tutorial_objectstorage.py took 0.264 seconds
[2025-08-06T10:04:14.198-0300] {processor.py:161} INFO - Started process (PID=102656) to work on /root/airflow_env/lib/python3.10/site-packages/airflow/example_dags/tutorial_objectstorage.py
[2025-08-06T10:04:14.218-0300] {processor.py:830} INFO - Processing file /root/airflow_env/lib/python3.10/site-packages/airflow/example_dags/tutorial_objectstorage.py for tasks to queue
[2025-08-06T10:04:14.226-0300] {logging_mixin.py:188} INFO - [2025-08-06T10:04:14.225-0300] {dagbag.py:538} INFO - Filling up the DagBag from /root/airflow_env/lib/python3.10/site-packages/airflow/example_dags/tutorial_objectstorage.py
[2025-08-06T10:04:14.307-0300] {processor.py:840} INFO - DAG(s) 'tutorial_objectstorage' retrieved from /root/airflow_env/lib/python3.10/site-packages/airflow/example_dags/tutorial_objectstorage.py
[2025-08-06T10:04:14.444-0300] {logging_mixin.py:188} INFO - [2025-08-06T10:04:14.434-0300] {dag.py:3036} INFO - Sync 1 DAGs
[2025-08-06T10:04:14.534-0300] {logging_mixin.py:188} INFO - [2025-08-06T10:04:14.531-0300] {dag.py:3823} INFO - Setting next_dagrun for tutorial_objectstorage to None, run_after=None
[2025-08-06T10:04:14.670-0300] {processor.py:183} INFO - Processing /root/airflow_env/lib/python3.10/site-packages/airflow/example_dags/tutorial_objectstorage.py took 0.506 seconds
[2025-08-06T10:05:09.754-0300] {processor.py:161} INFO - Started process (PID=102694) to work on /root/airflow_env/lib/python3.10/site-packages/airflow/example_dags/tutorial_objectstorage.py
[2025-08-06T10:05:09.823-0300] {processor.py:830} INFO - Processing file /root/airflow_env/lib/python3.10/site-packages/airflow/example_dags/tutorial_objectstorage.py for tasks to queue
[2025-08-06T10:05:09.826-0300] {logging_mixin.py:188} INFO - [2025-08-06T10:05:09.825-0300] {dagbag.py:538} INFO - Filling up the DagBag from /root/airflow_env/lib/python3.10/site-packages/airflow/example_dags/tutorial_objectstorage.py
[2025-08-06T10:05:09.878-0300] {processor.py:840} INFO - DAG(s) 'tutorial_objectstorage' retrieved from /root/airflow_env/lib/python3.10/site-packages/airflow/example_dags/tutorial_objectstorage.py
[2025-08-06T10:05:09.928-0300] {logging_mixin.py:188} INFO - [2025-08-06T10:05:09.928-0300] {dag.py:3036} INFO - Sync 1 DAGs
[2025-08-06T10:05:09.963-0300] {logging_mixin.py:188} INFO - [2025-08-06T10:05:09.963-0300] {dag.py:3823} INFO - Setting next_dagrun for tutorial_objectstorage to None, run_after=None
[2025-08-06T10:05:10.402-0300] {processor.py:183} INFO - Processing /root/airflow_env/lib/python3.10/site-packages/airflow/example_dags/tutorial_objectstorage.py took 1.283 seconds
[2025-08-06T10:06:17.818-0300] {processor.py:161} INFO - Started process (PID=102726) to work on /root/airflow_env/lib/python3.10/site-packages/airflow/example_dags/tutorial_objectstorage.py
[2025-08-06T10:06:17.821-0300] {processor.py:830} INFO - Processing file /root/airflow_env/lib/python3.10/site-packages/airflow/example_dags/tutorial_objectstorage.py for tasks to queue
[2025-08-06T10:06:17.823-0300] {logging_mixin.py:188} INFO - [2025-08-06T10:06:17.822-0300] {dagbag.py:538} INFO - Filling up the DagBag from /root/airflow_env/lib/python3.10/site-packages/airflow/example_dags/tutorial_objectstorage.py
[2025-08-06T10:06:17.842-0300] {processor.py:840} INFO - DAG(s) 'tutorial_objectstorage' retrieved from /root/airflow_env/lib/python3.10/site-packages/airflow/example_dags/tutorial_objectstorage.py
[2025-08-06T10:06:17.873-0300] {logging_mixin.py:188} INFO - [2025-08-06T10:06:17.872-0300] {dag.py:3036} INFO - Sync 1 DAGs
[2025-08-06T10:06:17.900-0300] {logging_mixin.py:188} INFO - [2025-08-06T10:06:17.900-0300] {dag.py:3823} INFO - Setting next_dagrun for tutorial_objectstorage to None, run_after=None
[2025-08-06T10:06:17.944-0300] {processor.py:183} INFO - Processing /root/airflow_env/lib/python3.10/site-packages/airflow/example_dags/tutorial_objectstorage.py took 0.134 seconds
